# JRE version: OpenJDK Runtime Environment (8.0_242-b01) (build 1.8.0_242-release-1644-b01)
# Java VM: OpenJDK 64-Bit Server VM (25.242-b01 mixed mode windows-amd64 compressed oops)
Heap:
 PSYoungGen      total 186368K, used 52450K [0x00000000e0000000, 0x00000000ec980000, 0x0000000100000000)
  eden space 173056K, 22% used [0x00000000e0000000,0x00000000e2640200,0x00000000ea900000)
  from space 13312K, 99% used [0x00000000eaf80000,0x00000000ebc78690,0x00000000ebc80000)
  to   space 9216K, 0% used [0x00000000ec080000,0x00000000ec080000,0x00000000ec980000)
 ParOldGen       total 71168K, used 32554K [0x00000000a0000000, 0x00000000a4580000, 0x00000000e0000000)
  object space 71168K, 45% used [0x00000000a0000000,0x00000000a1fca920,0x00000000a4580000)
 Metaspace       used 54111K, capacity 56322K, committed 56408K, reserved 1099776K
  class space    used 7293K, capacity 7777K, committed 7808K, reserved 1048576K
GC Heap History (10 events):
Event: 9.583 GC heap before
{Heap before GC invocations=9 (full 1):
 PSYoungGen      total 75776K, used 65024K [0x00000000e0000000, 0x00000000e9400000, 0x0000000100000000)
  eden space 65024K, 100% used [0x00000000e0000000,0x00000000e3f80000,0x00000000e3f80000)
  from space 10752K, 0% used [0x00000000e3f80000,0x00000000e3f80000,0x00000000e4a00000)
  to   space 10752K, 0% used [0x00000000e8980000,0x00000000e8980000,0x00000000e9400000)
 ParOldGen       total 47104K, used 6700K [0x00000000a0000000, 0x00000000a2e00000, 0x00000000e0000000)
  object space 47104K, 14% used [0x00000000a0000000,0x00000000a068b120,0x00000000a2e00000)
 Metaspace       used 28529K, capacity 29406K, committed 29568K, reserved 1075200K
  class space    used 3949K, capacity 4219K, committed 4224K, reserved 1048576K
Event: 9.597 GC heap after
Heap after GC invocations=9 (full 1):
 PSYoungGen      total 130560K, used 8225K [0x00000000e0000000, 0x00000000e9200000, 0x0000000100000000)
  eden space 121856K, 0% used [0x00000000e0000000,0x00000000e0000000,0x00000000e7700000)
  from space 8704K, 94% used [0x00000000e8980000,0x00000000e9188458,0x00000000e9200000)
  to   space 11264K, 0% used [0x00000000e7c00000,0x00000000e7c00000,0x00000000e8700000)
 ParOldGen       total 47104K, used 6708K [0x00000000a0000000, 0x00000000a2e00000, 0x00000000e0000000)
  object space 47104K, 14% used [0x00000000a0000000,0x00000000a068d120,0x00000000a2e00000)
 Metaspace       used 28529K, capacity 29406K, committed 29568K, reserved 1075200K
  class space    used 3949K, capacity 4219K, committed 4224K, reserved 1048576K
}
Event: 11.747 GC heap before
{Heap before GC invocations=10 (full 1):
 PSYoungGen      total 130560K, used 106011K [0x00000000e0000000, 0x00000000e9200000, 0x0000000100000000)
  eden space 121856K, 80% used [0x00000000e0000000,0x00000000e5f7eb78,0x00000000e7700000)
  from space 8704K, 94% used [0x00000000e8980000,0x00000000e9188458,0x00000000e9200000)
  to   space 11264K, 0% used [0x00000000e7c00000,0x00000000e7c00000,0x00000000e8700000)
 ParOldGen       total 47104K, used 6708K [0x00000000a0000000, 0x00000000a2e00000, 0x00000000e0000000)
  object space 47104K, 14% used [0x00000000a0000000,0x00000000a068d120,0x00000000a2e00000)
 Metaspace       used 34300K, capacity 35390K, committed 35416K, reserved 1079296K
  class space    used 4717K, capacity 4970K, committed 4992K, reserved 1048576K
Event: 11.789 GC heap after
Heap after GC invocations=10 (full 1):
 PSYoungGen      total 138240K, used 11258K [0x00000000e0000000, 0x00000000ecd80000, 0x0000000100000000)
  eden space 126976K, 0% used [0x00000000e0000000,0x00000000e0000000,0x00000000e7c00000)
  from space 11264K, 99% used [0x00000000e7c00000,0x00000000e86fe908,0x00000000e8700000)
  to   space 13312K, 0% used [0x00000000ec080000,0x00000000ec080000,0x00000000ecd80000)
 ParOldGen       total 47104K, used 7415K [0x00000000a0000000, 0x00000000a2e00000, 0x00000000e0000000)
  object space 47104K, 15% used [0x00000000a0000000,0x00000000a073de50,0x00000000a2e00000)
 Metaspace       used 34300K, capacity 35390K, committed 35416K, reserved 1079296K
  class space    used 4717K, capacity 4970K, committed 4992K, reserved 1048576K
}
Event: 11.789 GC heap before
{Heap before GC invocations=11 (full 2):
 PSYoungGen      total 138240K, used 11258K [0x00000000e0000000, 0x00000000ecd80000, 0x0000000100000000)
  eden space 126976K, 0% used [0x00000000e0000000,0x00000000e0000000,0x00000000e7c00000)
  from space 11264K, 99% used [0x00000000e7c00000,0x00000000e86fe908,0x00000000e8700000)
  to   space 13312K, 0% used [0x00000000ec080000,0x00000000ec080000,0x00000000ecd80000)
 ParOldGen       total 47104K, used 7415K [0x00000000a0000000, 0x00000000a2e00000, 0x00000000e0000000)
  object space 47104K, 15% used [0x00000000a0000000,0x00000000a073de50,0x00000000a2e00000)
 Metaspace       used 34300K, capacity 35390K, committed 35416K, reserved 1079296K
  class space    used 4717K, capacity 4970K, committed 4992K, reserved 1048576K
Event: 11.958 GC heap after
Heap after GC invocations=11 (full 2):
 PSYoungGen      total 138240K, used 0K [0x00000000e0000000, 0x00000000ecd80000, 0x0000000100000000)
  eden space 126976K, 0% used [0x00000000e0000000,0x00000000e0000000,0x00000000e7c00000)
  from space 11264K, 0% used [0x00000000e7c00000,0x00000000e7c00000,0x00000000e8700000)
  to   space 13312K, 0% used [0x00000000ec080000,0x00000000ec080000,0x00000000ecd80000)
 ParOldGen       total 71168K, used 18218K [0x00000000a0000000, 0x00000000a4580000, 0x00000000e0000000)
  object space 71168K, 25% used [0x00000000a0000000,0x00000000a11caa88,0x00000000a4580000)
 Metaspace       used 34300K, capacity 35390K, committed 35416K, reserved 1079296K
  class space    used 4717K, capacity 4970K, committed 4992K, reserved 1048576K
}
Event: 13.444 GC heap before
{Heap before GC invocations=12 (full 2):
 PSYoungGen      total 138240K, used 126976K [0x00000000e0000000, 0x00000000ecd80000, 0x0000000100000000)
  eden space 126976K, 100% used [0x00000000e0000000,0x00000000e7c00000,0x00000000e7c00000)
  from space 11264K, 0% used [0x00000000e7c00000,0x00000000e7c00000,0x00000000e8700000)
  to   space 13312K, 0% used [0x00000000ec080000,0x00000000ec080000,0x00000000ecd80000)
 ParOldGen       total 71168K, used 18218K [0x00000000a0000000, 0x00000000a4580000, 0x00000000e0000000)
  object space 71168K, 25% used [0x00000000a0000000,0x00000000a11caa88,0x00000000a4580000)
 Metaspace       used 36904K, capacity 38414K, committed 38616K, reserved 1083392K
  class space    used 5054K, capacity 5346K, committed 5376K, reserved 1048576K
Event: 13.460 GC heap after
Heap after GC invocations=12 (full 2):
 PSYoungGen      total 182272K, used 9124K [0x00000000e0000000, 0x00000000ec980000, 0x0000000100000000)
  eden space 173056K, 0% used [0x00000000e0000000,0x00000000e0000000,0x00000000ea900000)
  from space 9216K, 99% used [0x00000000ec080000,0x00000000ec969358,0x00000000ec980000)
  to   space 13312K, 0% used [0x00000000eaf80000,0x00000000eaf80000,0x00000000ebc80000)
 ParOldGen       total 71168K, used 18226K [0x00000000a0000000, 0x00000000a4580000, 0x00000000e0000000)
  object space 71168K, 25% used [0x00000000a0000000,0x00000000a11cca88,0x00000000a4580000)
 Metaspace       used 36904K, capacity 38414K, committed 38616K, reserved 1083392K
  class space    used 5054K, capacity 5346K, committed 5376K, reserved 1048576K
}
Event: 17.750 GC heap before
{Heap before GC invocations=13 (full 2):
 PSYoungGen      total 182272K, used 182180K [0x00000000e0000000, 0x00000000ec980000, 0x0000000100000000)
  eden space 173056K, 100% used [0x00000000e0000000,0x00000000ea900000,0x00000000ea900000)
  from space 9216K, 99% used [0x00000000ec080000,0x00000000ec969358,0x00000000ec980000)
  to   space 13312K, 0% used [0x00000000eaf80000,0x00000000eaf80000,0x00000000ebc80000)
 ParOldGen       total 71168K, used 18226K [0x00000000a0000000, 0x00000000a4580000, 0x00000000e0000000)
  object space 71168K, 25% used [0x00000000a0000000,0x00000000a11cca88,0x00000000a4580000)
 Metaspace       used 51966K, capacity 54040K, committed 54360K, reserved 1095680K
  class space    used 6976K, capacity 7436K, committed 7552K, reserved 1048576K
Event: 17.794 GC heap after
Heap after GC invocations=13 (full 2):
 PSYoungGen      total 186368K, used 13281K [0x00000000e0000000, 0x00000000ec980000, 0x0000000100000000)
  eden space 173056K, 0% used [0x00000000e0000000,0x00000000e0000000,0x00000000ea900000)
  from space 13312K, 99% used [0x00000000eaf80000,0x00000000ebc78690,0x00000000ebc80000)
  to   space 9216K, 0% used [0x00000000ec080000,0x00000000ec080000,0x00000000ec980000)
 ParOldGen       total 71168K, used 32554K [0x00000000a0000000, 0x00000000a4580000, 0x00000000e0000000)
  object space 71168K, 45% used [0x00000000a0000000,0x00000000a1fca920,0x00000000a4580000)
 Metaspace       used 51966K, capacity 54040K, committed 54360K, reserved 1095680K
  class space    used 6976K, capacity 7436K, committed 7552K, reserved 1048576K
}

