# JRE version: OpenJDK Runtime Environment (8.0_242-b01) (build 1.8.0_242-release-1644-b01)
# Java VM: OpenJDK 64-Bit Server VM (25.242-b01 mixed mode windows-amd64 compressed oops)
Heap:
 PSYoungGen      total 236544K, used 236532K [0x00000000e0000000, 0x00000000f3600000, 0x0000000100000000)
  eden space 217600K, 100% used [0x00000000e0000000,0x00000000ed480000,0x00000000ed480000)
  from space 18944K, 99% used [0x00000000ed480000,0x00000000ee6fd030,0x00000000ee700000)
  to   space 24576K, 48% used [0x00000000f1e00000,0x00000000f2986030,0x00000000f3600000)
 ParOldGen       total 120320K, used 58362K [0x00000000a0000000, 0x00000000a7580000, 0x00000000e0000000)
  object space 120320K, 48% used [0x00000000a0000000,0x00000000a38fe8a0,0x00000000a7580000)
 Metaspace       used 72756K, capacity 76812K, committed 77016K, reserved 1116160K
  class space    used 10015K, capacity 10918K, committed 11008K, reserved 1048576K
GC Heap History (10 events):
Event: 9.656 GC heap after
Heap after GC invocations=12 (full 2):
 PSYoungGen      total 178176K, used 9154K [0x00000000e0000000, 0x00000000ebf80000, 0x0000000100000000)
  eden space 168960K, 0% used [0x00000000e0000000,0x00000000e0000000,0x00000000ea500000)
  from space 9216K, 99% used [0x00000000eb680000,0x00000000ebf70b28,0x00000000ebf80000)
  to   space 13312K, 0% used [0x00000000ea580000,0x00000000ea580000,0x00000000eb280000)
 ParOldGen       total 76288K, used 18166K [0x00000000a0000000, 0x00000000a4a80000, 0x00000000e0000000)
  object space 76288K, 23% used [0x00000000a0000000,0x00000000a11bd8a8,0x00000000a4a80000)
 Metaspace       used 36901K, capacity 38416K, committed 38616K, reserved 1083392K
  class space    used 5046K, capacity 5347K, committed 5376K, reserved 1048576K
}
Event: 12.765 GC heap before
{Heap before GC invocations=13 (full 2):
 PSYoungGen      total 178176K, used 178114K [0x00000000e0000000, 0x00000000ebf80000, 0x0000000100000000)
  eden space 168960K, 100% used [0x00000000e0000000,0x00000000ea500000,0x00000000ea500000)
  from space 9216K, 99% used [0x00000000eb680000,0x00000000ebf70b28,0x00000000ebf80000)
  to   space 13312K, 0% used [0x00000000ea580000,0x00000000ea580000,0x00000000eb280000)
 ParOldGen       total 76288K, used 18166K [0x00000000a0000000, 0x00000000a4a80000, 0x00000000e0000000)
  object space 76288K, 23% used [0x00000000a0000000,0x00000000a11bd8a8,0x00000000a4a80000)
 Metaspace       used 51872K, capacity 53848K, committed 53976K, reserved 1095680K
  class space    used 6948K, capacity 7371K, committed 7424K, reserved 1048576K
Event: 12.809 GC heap after
Heap after GC invocations=13 (full 2):
 PSYoungGen      total 182784K, used 13286K [0x00000000e0000000, 0x00000000efe00000, 0x0000000100000000)
  eden space 169472K, 0% used [0x00000000e0000000,0x00000000e0000000,0x00000000ea580000)
  from space 13312K, 99% used [0x00000000ea580000,0x00000000eb279a30,0x00000000eb280000)
  to   space 19968K, 0% used [0x00000000eea80000,0x00000000eea80000,0x00000000efe00000)
 ParOldGen       total 76288K, used 31845K [0x00000000a0000000, 0x00000000a4a80000, 0x00000000e0000000)
  object space 76288K, 41% used [0x00000000a0000000,0x00000000a1f19760,0x00000000a4a80000)
 Metaspace       used 51872K, capacity 53848K, committed 53976K, reserved 1095680K
  class space    used 6948K, capacity 7371K, committed 7424K, reserved 1048576K
}
Event: 14.453 GC heap before
{Heap before GC invocations=14 (full 2):
 PSYoungGen      total 182784K, used 86789K [0x00000000e0000000, 0x00000000efe00000, 0x0000000100000000)
  eden space 169472K, 43% used [0x00000000e0000000,0x00000000e47c7a48,0x00000000ea580000)
  from space 13312K, 99% used [0x00000000ea580000,0x00000000eb279a30,0x00000000eb280000)
  to   space 19968K, 0% used [0x00000000eea80000,0x00000000eea80000,0x00000000efe00000)
 ParOldGen       total 76288K, used 31845K [0x00000000a0000000, 0x00000000a4a80000, 0x00000000e0000000)
  object space 76288K, 41% used [0x00000000a0000000,0x00000000a1f19760,0x00000000a4a80000)
 Metaspace       used 56607K, capacity 58802K, committed 58968K, reserved 1099776K
  class space    used 7719K, capacity 8214K, committed 8320K, reserved 1048576K
Event: 14.479 GC heap after
Heap after GC invocations=14 (full 2):
 PSYoungGen      total 232960K, used 8086K [0x00000000e0000000, 0x00000000ef980000, 0x0000000100000000)
  eden space 217600K, 0% used [0x00000000e0000000,0x00000000e0000000,0x00000000ed480000)
  from space 15360K, 52% used [0x00000000eea80000,0x00000000ef265aa8,0x00000000ef980000)
  to   space 18944K, 0% used [0x00000000ed480000,0x00000000ed480000,0x00000000ee700000)
 ParOldGen       total 76288K, used 41074K [0x00000000a0000000, 0x00000000a4a80000, 0x00000000e0000000)
  object space 76288K, 53% used [0x00000000a0000000,0x00000000a281ca48,0x00000000a4a80000)
 Metaspace       used 56607K, capacity 58802K, committed 58968K, reserved 1099776K
  class space    used 7719K, capacity 8214K, committed 8320K, reserved 1048576K
}
Event: 14.479 GC heap before
{Heap before GC invocations=15 (full 3):
 PSYoungGen      total 232960K, used 8086K [0x00000000e0000000, 0x00000000ef980000, 0x0000000100000000)
  eden space 217600K, 0% used [0x00000000e0000000,0x00000000e0000000,0x00000000ed480000)
  from space 15360K, 52% used [0x00000000eea80000,0x00000000ef265aa8,0x00000000ef980000)
  to   space 18944K, 0% used [0x00000000ed480000,0x00000000ed480000,0x00000000ee700000)
 ParOldGen       total 76288K, used 41074K [0x00000000a0000000, 0x00000000a4a80000, 0x00000000e0000000)
  object space 76288K, 53% used [0x00000000a0000000,0x00000000a281ca48,0x00000000a4a80000)
 Metaspace       used 56607K, capacity 58802K, committed 58968K, reserved 1099776K
  class space    used 7719K, capacity 8214K, committed 8320K, reserved 1048576K
Event: 14.802 GC heap after
Heap after GC invocations=15 (full 3):
 PSYoungGen      total 232960K, used 0K [0x00000000e0000000, 0x00000000ef980000, 0x0000000100000000)
  eden space 217600K, 0% used [0x00000000e0000000,0x00000000e0000000,0x00000000ed480000)
  from space 15360K, 0% used [0x00000000eea80000,0x00000000eea80000,0x00000000ef980000)
  to   space 18944K, 0% used [0x00000000ed480000,0x00000000ed480000,0x00000000ee700000)
 ParOldGen       total 120320K, used 36219K [0x00000000a0000000, 0x00000000a7580000, 0x00000000e0000000)
  object space 120320K, 30% used [0x00000000a0000000,0x00000000a235ec08,0x00000000a7580000)
 Metaspace       used 56589K, capacity 58742K, committed 58968K, reserved 1099776K
  class space    used 7714K, capacity 8204K, committed 8320K, reserved 1048576K
}
Event: 19.072 GC heap before
{Heap before GC invocations=16 (full 3):
 PSYoungGen      total 232960K, used 217600K [0x00000000e0000000, 0x00000000ef980000, 0x0000000100000000)
  eden space 217600K, 100% used [0x00000000e0000000,0x00000000ed480000,0x00000000ed480000)
  from space 15360K, 0% used [0x00000000eea80000,0x00000000eea80000,0x00000000ef980000)
  to   space 18944K, 0% used [0x00000000ed480000,0x00000000ed480000,0x00000000ee700000)
 ParOldGen       total 120320K, used 36219K [0x00000000a0000000, 0x00000000a7580000, 0x00000000e0000000)
  object space 120320K, 30% used [0x00000000a0000000,0x00000000a235ec08,0x00000000a7580000)
 Metaspace       used 63864K, capacity 67338K, committed 67416K, reserved 1107968K
  class space    used 8772K, capacity 9577K, committed 9600K, reserved 1048576K
Event: 19.129 GC heap after
Heap after GC invocations=16 (full 3):
 PSYoungGen      total 236544K, used 18932K [0x00000000e0000000, 0x00000000f3600000, 0x0000000100000000)
  eden space 217600K, 0% used [0x00000000e0000000,0x00000000e0000000,0x00000000ed480000)
  from space 18944K, 99% used [0x00000000ed480000,0x00000000ee6fd030,0x00000000ee700000)
  to   space 24576K, 0% used [0x00000000f1e00000,0x00000000f1e00000,0x00000000f3600000)
 ParOldGen       total 120320K, used 44018K [0x00000000a0000000, 0x00000000a7580000, 0x00000000e0000000)
  object space 120320K, 36% used [0x00000000a0000000,0x00000000a2afc8d8,0x00000000a7580000)
 Metaspace       used 63864K, capacity 67338K, committed 67416K, reserved 1107968K
  class space    used 8772K, capacity 9577K, committed 9600K, reserved 1048576K
}
Event: 24.005 GC heap before
{Heap before GC invocations=17 (full 3):
 PSYoungGen      total 236544K, used 236532K [0x00000000e0000000, 0x00000000f3600000, 0x0000000100000000)
  eden space 217600K, 100% used [0x00000000e0000000,0x00000000ed480000,0x00000000ed480000)
  from space 18944K, 99% used [0x00000000ed480000,0x00000000ee6fd030,0x00000000ee700000)
  to   space 24576K, 0% used [0x00000000f1e00000,0x00000000f1e00000,0x00000000f3600000)
 ParOldGen       total 120320K, used 44018K [0x00000000a0000000, 0x00000000a7580000, 0x00000000e0000000)
  object space 120320K, 36% used [0x00000000a0000000,0x00000000a2afc8d8,0x00000000a7580000)
 Metaspace       used 72756K, capacity 76812K, committed 77016K, reserved 1116160K
  class space    used 10015K, capacity 10918K, committed 11008K, reserved 1048576K

