# JRE version: OpenJDK Runtime Environment (8.0_242-b01) (build 1.8.0_242-release-1644-b01)
# Java VM: OpenJDK 64-Bit Server VM (25.242-b01 mixed mode windows-amd64 compressed oops)
Heap:
 PSYoungGen      total 417280K, used 106986K [0x00000000e0000000, 0x0000000100000000, 0x0000000100000000)
  eden space 310272K, 0% used [0x00000000e0000000,0x00000000e0000000,0x00000000f2f00000)
  from space 107008K, 99% used [0x00000000f2f00000,0x00000000f977a9b0,0x00000000f9780000)
  to   space 107008K, 0% used [0x00000000f9780000,0x00000000f9780000,0x0000000100000000)
 ParOldGen       total 525824K, used 483526K [0x00000000a0000000, 0x00000000c0180000, 0x00000000e0000000)
  object space 525824K, 91% used [0x00000000a0000000,0x00000000bd831850,0x00000000c0180000)
 Metaspace       used 121894K, capacity 134648K, committed 134744K, reserved 1167360K
  class space    used 15567K, capacity 17749K, committed 17792K, reserved 1048576K
GC Heap History (10 events):
Event: 839.459 GC heap after
Heap after GC invocations=100 (full 8):
 PSYoungGen      total 442880K, used 32235K [0x00000000e0000000, 0x0000000100000000, 0x0000000100000000)
  eden space 410624K, 0% used [0x00000000e0000000,0x00000000e0000000,0x00000000f9100000)
  from space 32256K, 99% used [0x00000000f9100000,0x00000000fb07ac18,0x00000000fb080000)
  to   space 41472K, 0% used [0x00000000fd780000,0x00000000fd780000,0x0000000100000000)
 ParOldGen       total 525824K, used 340543K [0x00000000a0000000, 0x00000000c0180000, 0x00000000e0000000)
  object space 525824K, 64% used [0x00000000a0000000,0x00000000b4c8ff60,0x00000000c0180000)
 Metaspace       used 120445K, capacity 132668K, committed 132696K, reserved 1165312K
  class space    used 15395K, capacity 17523K, committed 17536K, reserved 1048576K
}
Event: 845.273 GC heap before
{Heap before GC invocations=101 (full 8):
 PSYoungGen      total 442880K, used 442859K [0x00000000e0000000, 0x0000000100000000, 0x0000000100000000)
  eden space 410624K, 100% used [0x00000000e0000000,0x00000000f9100000,0x00000000f9100000)
  from space 32256K, 99% used [0x00000000f9100000,0x00000000fb07ac18,0x00000000fb080000)
  to   space 41472K, 0% used [0x00000000fd780000,0x00000000fd780000,0x0000000100000000)
 ParOldGen       total 525824K, used 340543K [0x00000000a0000000, 0x00000000c0180000, 0x00000000e0000000)
  object space 525824K, 64% used [0x00000000a0000000,0x00000000b4c8ff60,0x00000000c0180000)
 Metaspace       used 121452K, capacity 134270K, committed 134488K, reserved 1165312K
  class space    used 15532K, capacity 17700K, committed 17792K, reserved 1048576K
Event: 845.397 GC heap after
Heap after GC invocations=101 (full 8):
 PSYoungGen      total 434688K, used 41471K [0x00000000e0000000, 0x0000000100000000, 0x0000000100000000)
  eden space 393216K, 0% used [0x00000000e0000000,0x00000000e0000000,0x00000000f8000000)
  from space 41472K, 99% used [0x00000000fd780000,0x00000000fffffc18,0x0000000100000000)
  to   space 65536K, 0% used [0x00000000f8000000,0x00000000f8000000,0x00000000fc000000)
 ParOldGen       total 525824K, used 384293K [0x00000000a0000000, 0x00000000c0180000, 0x00000000e0000000)
  object space 525824K, 73% used [0x00000000a0000000,0x00000000b77494a8,0x00000000c0180000)
 Metaspace       used 121452K, capacity 134270K, committed 134488K, reserved 1165312K
  class space    used 15532K, capacity 17700K, committed 17792K, reserved 1048576K
}
Event: 938.728 GC heap before
{Heap before GC invocations=102 (full 8):
 PSYoungGen      total 434688K, used 434687K [0x00000000e0000000, 0x0000000100000000, 0x0000000100000000)
  eden space 393216K, 100% used [0x00000000e0000000,0x00000000f8000000,0x00000000f8000000)
  from space 41472K, 99% used [0x00000000fd780000,0x00000000fffffc18,0x0000000100000000)
  to   space 65536K, 0% used [0x00000000f8000000,0x00000000f8000000,0x00000000fc000000)
 ParOldGen       total 525824K, used 384293K [0x00000000a0000000, 0x00000000c0180000, 0x00000000e0000000)
  object space 525824K, 73% used [0x00000000a0000000,0x00000000b77494a8,0x00000000c0180000)
 Metaspace       used 121790K, capacity 134570K, committed 134744K, reserved 1167360K
  class space    used 15566K, capacity 17748K, committed 17792K, reserved 1048576K
Event: 938.868 GC heap after
Heap after GC invocations=102 (full 8):
 PSYoungGen      total 446464K, used 53015K [0x00000000e0000000, 0x0000000100000000, 0x0000000100000000)
  eden space 393216K, 0% used [0x00000000e0000000,0x00000000e0000000,0x00000000f8000000)
  from space 53248K, 99% used [0x00000000f8000000,0x00000000fb3c5f30,0x00000000fb400000)
  to   space 72704K, 0% used [0x00000000fb900000,0x00000000fb900000,0x0000000100000000)
 ParOldGen       total 525824K, used 384805K [0x00000000a0000000, 0x00000000c0180000, 0x00000000e0000000)
  object space 525824K, 73% used [0x00000000a0000000,0x00000000b77c94a8,0x00000000c0180000)
 Metaspace       used 121790K, capacity 134570K, committed 134744K, reserved 1167360K
  class space    used 15566K, capacity 17748K, committed 17792K, reserved 1048576K
}
Event: 941.793 GC heap before
{Heap before GC invocations=103 (full 8):
 PSYoungGen      total 446464K, used 446231K [0x00000000e0000000, 0x0000000100000000, 0x0000000100000000)
  eden space 393216K, 100% used [0x00000000e0000000,0x00000000f8000000,0x00000000f8000000)
  from space 53248K, 99% used [0x00000000f8000000,0x00000000fb3c5f30,0x00000000fb400000)
  to   space 72704K, 0% used [0x00000000fb900000,0x00000000fb900000,0x0000000100000000)
 ParOldGen       total 525824K, used 384805K [0x00000000a0000000, 0x00000000c0180000, 0x00000000e0000000)
  object space 525824K, 73% used [0x00000000a0000000,0x00000000b77c94a8,0x00000000c0180000)
 Metaspace       used 121819K, capacity 134576K, committed 134744K, reserved 1167360K
  class space    used 15567K, capacity 17749K, committed 17792K, reserved 1048576K
Event: 941.936 GC heap after
Heap after GC invocations=103 (full 8):
 PSYoungGen      total 382976K, used 72688K [0x00000000e0000000, 0x0000000100000000, 0x0000000100000000)
  eden space 310272K, 0% used [0x00000000e0000000,0x00000000e0000000,0x00000000f2f00000)
  from space 72704K, 99% used [0x00000000fb900000,0x00000000ffffc160,0x0000000100000000)
  to   space 107008K, 0% used [0x00000000f2f00000,0x00000000f2f00000,0x00000000f9780000)
 ParOldGen       total 525824K, used 441629K [0x00000000a0000000, 0x00000000c0180000, 0x00000000e0000000)
  object space 525824K, 83% used [0x00000000a0000000,0x00000000baf47668,0x00000000c0180000)
 Metaspace       used 121819K, capacity 134576K, committed 134744K, reserved 1167360K
  class space    used 15567K, capacity 17749K, committed 17792K, reserved 1048576K
}
Event: 942.715 GC heap before
{Heap before GC invocations=104 (full 8):
 PSYoungGen      total 382976K, used 382960K [0x00000000e0000000, 0x0000000100000000, 0x0000000100000000)
  eden space 310272K, 100% used [0x00000000e0000000,0x00000000f2f00000,0x00000000f2f00000)
  from space 72704K, 99% used [0x00000000fb900000,0x00000000ffffc160,0x0000000100000000)
  to   space 107008K, 0% used [0x00000000f2f00000,0x00000000f2f00000,0x00000000f9780000)
 ParOldGen       total 525824K, used 441629K [0x00000000a0000000, 0x00000000c0180000, 0x00000000e0000000)
  object space 525824K, 83% used [0x00000000a0000000,0x00000000baf47668,0x00000000c0180000)
 Metaspace       used 121894K, capacity 134648K, committed 134744K, reserved 1167360K
  class space    used 15567K, capacity 17749K, committed 17792K, reserved 1048576K
Event: 942.947 GC heap after
Heap after GC invocations=104 (full 8):
 PSYoungGen      total 417280K, used 106986K [0x00000000e0000000, 0x0000000100000000, 0x0000000100000000)
  eden space 310272K, 0% used [0x00000000e0000000,0x00000000e0000000,0x00000000f2f00000)
  from space 107008K, 99% used [0x00000000f2f00000,0x00000000f977a9b0,0x00000000f9780000)
  to   space 107008K, 0% used [0x00000000f9780000,0x00000000f9780000,0x0000000100000000)
 ParOldGen       total 525824K, used 483526K [0x00000000a0000000, 0x00000000c0180000, 0x00000000e0000000)
  object space 525824K, 91% used [0x00000000a0000000,0x00000000bd831850,0x00000000c0180000)
 Metaspace       used 121894K, capacity 134648K, committed 134744K, reserved 1167360K
  class space    used 15567K, capacity 17749K, committed 17792K, reserved 1048576K
}
Event: 942.947 GC heap before
{Heap before GC invocations=105 (full 9):
 PSYoungGen      total 417280K, used 106986K [0x00000000e0000000, 0x0000000100000000, 0x0000000100000000)
  eden space 310272K, 0% used [0x00000000e0000000,0x00000000e0000000,0x00000000f2f00000)
  from space 107008K, 99% used [0x00000000f2f00000,0x00000000f977a9b0,0x00000000f9780000)
  to   space 107008K, 0% used [0x00000000f9780000,0x00000000f9780000,0x0000000100000000)
 ParOldGen       total 525824K, used 483526K [0x00000000a0000000, 0x00000000c0180000, 0x00000000e0000000)
  object space 525824K, 91% used [0x00000000a0000000,0x00000000bd831850,0x00000000c0180000)
 Metaspace       used 121894K, capacity 134648K, committed 134744K, reserved 1167360K
  class space    used 15567K, capacity 17749K, committed 17792K, reserved 1048576K

