# JRE version: OpenJDK Runtime Environment (8.0_242-b01) (build 1.8.0_242-release-1644-b01)
# Java VM: OpenJDK 64-Bit Server VM (25.242-b01 mixed mode windows-amd64 compressed oops)
Heap:
 PSYoungGen      total 405504K, used 163634K [0x00000000e0000000, 0x00000000ff980000, 0x0000000100000000)
  eden space 301568K, 52% used [0x00000000e0000000,0x00000000e9b249d8,0x00000000f2680000)
  from space 103936K, 4% used [0x00000000f9400000,0x00000000f98a8010,0x00000000ff980000)
  to   space 108032K, 0% used [0x00000000f2680000,0x00000000f2680000,0x00000000f9000000)
 ParOldGen       total 398336K, used 216274K [0x00000000a0000000, 0x00000000b8500000, 0x00000000e0000000)
  object space 398336K, 54% used [0x00000000a0000000,0x00000000ad334bf0,0x00000000b8500000)
 Metaspace       used 111498K, capacity 118538K, committed 118696K, reserved 1155072K
  class space    used 14132K, capacity 15511K, committed 15528K, reserved 1048576K
GC Heap History (10 events):
Event: 290.272 GC heap before
{Heap before GC invocations=31 (full 5):
 PSYoungGen      total 392704K, used 94518K [0x00000000e0000000, 0x0000000100000000, 0x0000000100000000)
  eden space 289792K, 0% used [0x00000000e0000000,0x00000000e0000000,0x00000000f1b00000)
  from space 102912K, 91% used [0x00000000f9500000,0x00000000ff14d9f8,0x00000000ff980000)
  to   space 117248K, 0% used [0x00000000f1b00000,0x00000000f1b00000,0x00000000f8d80000)
 ParOldGen       total 259584K, used 230862K [0x00000000a0000000, 0x00000000afd80000, 0x00000000e0000000)
  object space 259584K, 88% used [0x00000000a0000000,0x00000000ae173958,0x00000000afd80000)
 Metaspace       used 110281K, capacity 117224K, committed 117416K, reserved 1150976K
  class space    used 14103K, capacity 15454K, committed 15528K, reserved 1048576K
Event: 291.767 GC heap after
Heap after GC invocations=31 (full 5):
 PSYoungGen      total 392704K, used 0K [0x00000000e0000000, 0x0000000100000000, 0x0000000100000000)
  eden space 289792K, 0% used [0x00000000e0000000,0x00000000e0000000,0x00000000f1b00000)
  from space 102912K, 0% used [0x00000000f9500000,0x00000000f9500000,0x00000000ff980000)
  to   space 117248K, 0% used [0x00000000f1b00000,0x00000000f1b00000,0x00000000f8d80000)
 ParOldGen       total 398336K, used 212832K [0x00000000a0000000, 0x00000000b8500000, 0x00000000e0000000)
  object space 398336K, 53% used [0x00000000a0000000,0x00000000acfd8190,0x00000000b8500000)
 Metaspace       used 110223K, capacity 117064K, committed 117416K, reserved 1150976K
  class space    used 14083K, capacity 15418K, committed 15528K, reserved 1048576K
}
Event: 295.747 GC heap before
{Heap before GC invocations=32 (full 5):
 PSYoungGen      total 392704K, used 289792K [0x00000000e0000000, 0x0000000100000000, 0x0000000100000000)
  eden space 289792K, 100% used [0x00000000e0000000,0x00000000f1b00000,0x00000000f1b00000)
  from space 102912K, 0% used [0x00000000f9500000,0x00000000f9500000,0x00000000ff980000)
  to   space 117248K, 0% used [0x00000000f1b00000,0x00000000f1b00000,0x00000000f8d80000)
 ParOldGen       total 398336K, used 212832K [0x00000000a0000000, 0x00000000b8500000, 0x00000000e0000000)
  object space 398336K, 53% used [0x00000000a0000000,0x00000000acfd8190,0x00000000b8500000)
 Metaspace       used 110323K, capacity 117216K, committed 117416K, reserved 1150976K
  class space    used 14091K, capacity 15432K, committed 15528K, reserved 1048576K
Event: 295.786 GC heap after
Heap after GC invocations=32 (full 5):
 PSYoungGen      total 407040K, used 3746K [0x00000000e0000000, 0x0000000100000000, 0x0000000100000000)
  eden space 289792K, 0% used [0x00000000e0000000,0x00000000e0000000,0x00000000f1b00000)
  from space 117248K, 3% used [0x00000000f1b00000,0x00000000f1ea89f0,0x00000000f8d80000)
  to   space 116736K, 0% used [0x00000000f8e00000,0x00000000f8e00000,0x0000000100000000)
 ParOldGen       total 398336K, used 212840K [0x00000000a0000000, 0x00000000b8500000, 0x00000000e0000000)
  object space 398336K, 53% used [0x00000000a0000000,0x00000000acfda190,0x00000000b8500000)
 Metaspace       used 110323K, capacity 117216K, committed 117416K, reserved 1150976K
  class space    used 14091K, capacity 15432K, committed 15528K, reserved 1048576K
}
Event: 533.429 GC heap before
{Heap before GC invocations=33 (full 5):
 PSYoungGen      total 407040K, used 293538K [0x00000000e0000000, 0x0000000100000000, 0x0000000100000000)
  eden space 289792K, 100% used [0x00000000e0000000,0x00000000f1b00000,0x00000000f1b00000)
  from space 117248K, 3% used [0x00000000f1b00000,0x00000000f1ea89f0,0x00000000f8d80000)
  to   space 116736K, 0% used [0x00000000f8e00000,0x00000000f8e00000,0x0000000100000000)
 ParOldGen       total 398336K, used 212840K [0x00000000a0000000, 0x00000000b8500000, 0x00000000e0000000)
  object space 398336K, 53% used [0x00000000a0000000,0x00000000acfda190,0x00000000b8500000)
 Metaspace       used 110551K, capacity 117442K, committed 117672K, reserved 1150976K
  class space    used 14100K, capacity 15447K, committed 15528K, reserved 1048576K
Event: 533.517 GC heap after
Heap after GC invocations=33 (full 5):
 PSYoungGen      total 397312K, used 20928K [0x00000000e0000000, 0x00000000ff680000, 0x0000000100000000)
  eden space 290304K, 0% used [0x00000000e0000000,0x00000000e0000000,0x00000000f1b80000)
  from space 107008K, 19% used [0x00000000f8e00000,0x00000000fa270050,0x00000000ff680000)
  to   space 112128K, 0% used [0x00000000f1b80000,0x00000000f1b80000,0x00000000f8900000)
 ParOldGen       total 398336K, used 215842K [0x00000000a0000000, 0x00000000b8500000, 0x00000000e0000000)
  object space 398336K, 54% used [0x00000000a0000000,0x00000000ad2c8bf0,0x00000000b8500000)
 Metaspace       used 110551K, capacity 117442K, committed 117672K, reserved 1150976K
  class space    used 14100K, capacity 15447K, committed 15528K, reserved 1048576K
}
Event: 1988.871 GC heap before
{Heap before GC invocations=34 (full 5):
 PSYoungGen      total 397312K, used 311232K [0x00000000e0000000, 0x00000000ff680000, 0x0000000100000000)
  eden space 290304K, 100% used [0x00000000e0000000,0x00000000f1b80000,0x00000000f1b80000)
  from space 107008K, 19% used [0x00000000f8e00000,0x00000000fa270050,0x00000000ff680000)
  to   space 112128K, 0% used [0x00000000f1b80000,0x00000000f1b80000,0x00000000f8900000)
 ParOldGen       total 398336K, used 215842K [0x00000000a0000000, 0x00000000b8500000, 0x00000000e0000000)
  object space 398336K, 54% used [0x00000000a0000000,0x00000000ad2c8bf0,0x00000000b8500000)
 Metaspace       used 110870K, capacity 117750K, committed 117928K, reserved 1150976K
  class space    used 14104K, capacity 15453K, committed 15528K, reserved 1048576K
Event: 1988.897 GC heap after
Heap after GC invocations=34 (full 5):
 PSYoungGen      total 402432K, used 6000K [0x00000000e0000000, 0x0000000100000000, 0x0000000100000000)
  eden space 290304K, 0% used [0x00000000e0000000,0x00000000e0000000,0x00000000f1b80000)
  from space 112128K, 5% used [0x00000000f1b80000,0x00000000f215c010,0x00000000f8900000)
  to   space 110592K, 0% used [0x00000000f9400000,0x00000000f9400000,0x0000000100000000)
 ParOldGen       total 398336K, used 216266K [0x00000000a0000000, 0x00000000b8500000, 0x00000000e0000000)
  object space 398336K, 54% used [0x00000000a0000000,0x00000000ad332bf0,0x00000000b8500000)
 Metaspace       used 110870K, capacity 117750K, committed 117928K, reserved 1150976K
  class space    used 14104K, capacity 15453K, committed 15528K, reserved 1048576K
}
Event: 2020.857 GC heap before
{Heap before GC invocations=35 (full 5):
 PSYoungGen      total 402432K, used 296304K [0x00000000e0000000, 0x0000000100000000, 0x0000000100000000)
  eden space 290304K, 100% used [0x00000000e0000000,0x00000000f1b80000,0x00000000f1b80000)
  from space 112128K, 5% used [0x00000000f1b80000,0x00000000f215c010,0x00000000f8900000)
  to   space 110592K, 0% used [0x00000000f9400000,0x00000000f9400000,0x0000000100000000)
 ParOldGen       total 398336K, used 216266K [0x00000000a0000000, 0x00000000b8500000, 0x00000000e0000000)
  object space 398336K, 54% used [0x00000000a0000000,0x00000000ad332bf0,0x00000000b8500000)
 Metaspace       used 111383K, capacity 118520K, committed 118696K, reserved 1155072K
  class space    used 14130K, capacity 15508K, committed 15528K, reserved 1048576K
Event: 2020.907 GC heap after
Heap after GC invocations=35 (full 5):
 PSYoungGen      total 405504K, used 4768K [0x00000000e0000000, 0x00000000ff980000, 0x0000000100000000)
  eden space 301568K, 0% used [0x00000000e0000000,0x00000000e0000000,0x00000000f2680000)
  from space 103936K, 4% used [0x00000000f9400000,0x00000000f98a8010,0x00000000ff980000)
  to   space 108032K, 0% used [0x00000000f2680000,0x00000000f2680000,0x00000000f9000000)
 ParOldGen       total 398336K, used 216274K [0x00000000a0000000, 0x00000000b8500000, 0x00000000e0000000)
  object space 398336K, 54% used [0x00000000a0000000,0x00000000ad334bf0,0x00000000b8500000)
 Metaspace       used 111383K, capacity 118520K, committed 118696K, reserved 1155072K
  class space    used 14130K, capacity 15508K, committed 15528K, reserved 1048576K
}

