# JRE version: OpenJDK Runtime Environment (8.0_242-b01) (build 1.8.0_242-release-1644-b01)
# Java VM: OpenJDK 64-Bit Server VM (25.242-b01 mixed mode windows-amd64 compressed oops)
Heap:
 PSYoungGen      total 459264K, used 400467K [0x00000000e0000000, 0x0000000100000000, 0x0000000100000000)
  eden space 394240K, 92% used [0x00000000e0000000,0x00000000f63163f0,0x00000000f8100000)
  from space 65024K, 56% used [0x00000000f8100000,0x00000000fa4fe830,0x00000000fc080000)
  to   space 65024K, 0% used [0x00000000fc080000,0x00000000fc080000,0x0000000100000000)
 ParOldGen       total 230400K, used 125090K [0x00000000a0000000, 0x00000000ae100000, 0x00000000e0000000)
  object space 230400K, 54% used [0x00000000a0000000,0x00000000a7a28a38,0x00000000ae100000)
 Metaspace       used 114750K, capacity 122614K, committed 122840K, reserved 1155072K
  class space    used 14887K, capacity 16519K, committed 16640K, reserved 1048576K
GC Heap History (10 events):
Event: 76.213 GC heap before
{Heap before GC invocations=17 (full 4):
 PSYoungGen      total 406016K, used 31155K [0x00000000e0000000, 0x00000000fff00000, 0x0000000100000000)
  eden space 359424K, 0% used [0x00000000e0000000,0x00000000e0000000,0x00000000f5f00000)
  from space 46592K, 66% used [0x00000000f5f00000,0x00000000f7d6ccb0,0x00000000f8c80000)
  to   space 48640K, 0% used [0x00000000fcf80000,0x00000000fcf80000,0x00000000fff00000)
 ParOldGen       total 129024K, used 106946K [0x00000000a0000000, 0x00000000a7e00000, 0x00000000e0000000)
  object space 129024K, 82% used [0x00000000a0000000,0x00000000a6870b88,0x00000000a7e00000)
 Metaspace       used 93001K, capacity 98112K, committed 98264K, reserved 1134592K
  class space    used 12351K, capacity 13470K, committed 13568K, reserved 1048576K
Event: 77.118 GC heap after
Heap after GC invocations=17 (full 4):
 PSYoungGen      total 406016K, used 0K [0x00000000e0000000, 0x00000000fff00000, 0x0000000100000000)
  eden space 359424K, 0% used [0x00000000e0000000,0x00000000e0000000,0x00000000f5f00000)
  from space 46592K, 0% used [0x00000000f5f00000,0x00000000f5f00000,0x00000000f8c80000)
  to   space 48640K, 0% used [0x00000000fcf80000,0x00000000fcf80000,0x00000000fff00000)
 ParOldGen       total 230400K, used 100659K [0x00000000a0000000, 0x00000000ae100000, 0x00000000e0000000)
  object space 230400K, 43% used [0x00000000a0000000,0x00000000a624cd20,0x00000000ae100000)
 Metaspace       used 92975K, capacity 98030K, committed 98264K, reserved 1134592K
  class space    used 12343K, capacity 13455K, committed 13568K, reserved 1048576K
}
Event: 81.459 GC heap before
{Heap before GC invocations=18 (full 4):
 PSYoungGen      total 406016K, used 359424K [0x00000000e0000000, 0x00000000fff00000, 0x0000000100000000)
  eden space 359424K, 100% used [0x00000000e0000000,0x00000000f5f00000,0x00000000f5f00000)
  from space 46592K, 0% used [0x00000000f5f00000,0x00000000f5f00000,0x00000000f8c80000)
  to   space 48640K, 0% used [0x00000000fcf80000,0x00000000fcf80000,0x00000000fff00000)
 ParOldGen       total 230400K, used 100659K [0x00000000a0000000, 0x00000000ae100000, 0x00000000e0000000)
  object space 230400K, 43% used [0x00000000a0000000,0x00000000a624cd20,0x00000000ae100000)
 Metaspace       used 95882K, capacity 101114K, committed 101336K, reserved 1136640K
  class space    used 12603K, capacity 13719K, committed 13824K, reserved 1048576K
Event: 81.526 GC heap after
Heap after GC invocations=18 (full 4):
 PSYoungGen      total 475648K, used 23724K [0x00000000e0000000, 0x0000000100000000, 0x0000000100000000)
  eden space 427008K, 0% used [0x00000000e0000000,0x00000000e0000000,0x00000000fa100000)
  from space 48640K, 48% used [0x00000000fcf80000,0x00000000fe6ab340,0x00000000fff00000)
  to   space 47616K, 0% used [0x00000000fa100000,0x00000000fa100000,0x00000000fcf80000)
 ParOldGen       total 230400K, used 100667K [0x00000000a0000000, 0x00000000ae100000, 0x00000000e0000000)
  object space 230400K, 43% used [0x00000000a0000000,0x00000000a624ed20,0x00000000ae100000)
 Metaspace       used 95882K, capacity 101114K, committed 101336K, reserved 1136640K
  class space    used 12603K, capacity 13719K, committed 13824K, reserved 1048576K
}
Event: 95.294 GC heap before
{Heap before GC invocations=19 (full 4):
 PSYoungGen      total 475648K, used 450732K [0x00000000e0000000, 0x0000000100000000, 0x0000000100000000)
  eden space 427008K, 100% used [0x00000000e0000000,0x00000000fa100000,0x00000000fa100000)
  from space 48640K, 48% used [0x00000000fcf80000,0x00000000fe6ab340,0x00000000fff00000)
  to   space 47616K, 0% used [0x00000000fa100000,0x00000000fa100000,0x00000000fcf80000)
 ParOldGen       total 230400K, used 100667K [0x00000000a0000000, 0x00000000ae100000, 0x00000000e0000000)
  object space 230400K, 43% used [0x00000000a0000000,0x00000000a624ed20,0x00000000ae100000)
 Metaspace       used 98441K, capacity 103892K, committed 104024K, reserved 1138688K
  class space    used 12738K, capacity 13882K, committed 13952K, reserved 1048576K
Event: 95.356 GC heap after
Heap after GC invocations=19 (full 4):
 PSYoungGen      total 474624K, used 31560K [0x00000000e0000000, 0x0000000100000000, 0x0000000100000000)
  eden space 427008K, 0% used [0x00000000e0000000,0x00000000e0000000,0x00000000fa100000)
  from space 47616K, 66% used [0x00000000fa100000,0x00000000fbfd2348,0x00000000fcf80000)
  to   space 49152K, 0% used [0x00000000fd000000,0x00000000fd000000,0x0000000100000000)
 ParOldGen       total 230400K, used 100675K [0x00000000a0000000, 0x00000000ae100000, 0x00000000e0000000)
  object space 230400K, 43% used [0x00000000a0000000,0x00000000a6250d20,0x00000000ae100000)
 Metaspace       used 98441K, capacity 103892K, committed 104024K, reserved 1138688K
  class space    used 12738K, capacity 13882K, committed 13952K, reserved 1048576K
}
Event: 111.304 GC heap before
{Heap before GC invocations=20 (full 4):
 PSYoungGen      total 474624K, used 458568K [0x00000000e0000000, 0x0000000100000000, 0x0000000100000000)
  eden space 427008K, 100% used [0x00000000e0000000,0x00000000fa100000,0x00000000fa100000)
  from space 47616K, 66% used [0x00000000fa100000,0x00000000fbfd2348,0x00000000fcf80000)
  to   space 49152K, 0% used [0x00000000fd000000,0x00000000fd000000,0x0000000100000000)
 ParOldGen       total 230400K, used 100675K [0x00000000a0000000, 0x00000000ae100000, 0x00000000e0000000)
  object space 230400K, 43% used [0x00000000a0000000,0x00000000a6250d20,0x00000000ae100000)
 Metaspace       used 108621K, capacity 115864K, committed 116056K, reserved 1148928K
  class space    used 14241K, capacity 15740K, committed 15744K, reserved 1048576K
Event: 111.438 GC heap after
Heap after GC invocations=20 (full 4):
 PSYoungGen      total 443392K, used 49144K [0x00000000e0000000, 0x0000000100000000, 0x0000000100000000)
  eden space 394240K, 0% used [0x00000000e0000000,0x00000000e0000000,0x00000000f8100000)
  from space 49152K, 99% used [0x00000000fd000000,0x00000000ffffe178,0x0000000100000000)
  to   space 65024K, 0% used [0x00000000f8100000,0x00000000f8100000,0x00000000fc080000)
 ParOldGen       total 230400K, used 121994K [0x00000000a0000000, 0x00000000ae100000, 0x00000000e0000000)
  object space 230400K, 52% used [0x00000000a0000000,0x00000000a7722870,0x00000000ae100000)
 Metaspace       used 108621K, capacity 115864K, committed 116056K, reserved 1148928K
  class space    used 14241K, capacity 15740K, committed 15744K, reserved 1048576K
}
Event: 115.892 GC heap before
{Heap before GC invocations=21 (full 4):
 PSYoungGen      total 443392K, used 443384K [0x00000000e0000000, 0x0000000100000000, 0x0000000100000000)
  eden space 394240K, 100% used [0x00000000e0000000,0x00000000f8100000,0x00000000f8100000)
  from space 49152K, 99% used [0x00000000fd000000,0x00000000ffffe178,0x0000000100000000)
  to   space 65024K, 0% used [0x00000000f8100000,0x00000000f8100000,0x00000000fc080000)
 ParOldGen       total 230400K, used 121994K [0x00000000a0000000, 0x00000000ae100000, 0x00000000e0000000)
  object space 230400K, 52% used [0x00000000a0000000,0x00000000a7722870,0x00000000ae100000)
 Metaspace       used 111140K, capacity 118786K, committed 119000K, reserved 1153024K
  class space    used 14473K, capacity 16035K, committed 16128K, reserved 1048576K
Event: 115.969 GC heap after
Heap after GC invocations=21 (full 4):
 PSYoungGen      total 459264K, used 36858K [0x00000000e0000000, 0x0000000100000000, 0x0000000100000000)
  eden space 394240K, 0% used [0x00000000e0000000,0x00000000e0000000,0x00000000f8100000)
  from space 65024K, 56% used [0x00000000f8100000,0x00000000fa4fe830,0x00000000fc080000)
  to   space 65024K, 0% used [0x00000000fc080000,0x00000000fc080000,0x0000000100000000)
 ParOldGen       total 230400K, used 125090K [0x00000000a0000000, 0x00000000ae100000, 0x00000000e0000000)
  object space 230400K, 54% used [0x00000000a0000000,0x00000000a7a28a38,0x00000000ae100000)
 Metaspace       used 111140K, capacity 118786K, committed 119000K, reserved 1153024K
  class space    used 14473K, capacity 16035K, committed 16128K, reserved 1048576K
}

