# JRE version: OpenJDK Runtime Environment (8.0_242-b01) (build 1.8.0_242-release-1644-b01)
# Java VM: OpenJDK 64-Bit Server VM (25.242-b01 mixed mode windows-amd64 compressed oops)
Heap:
 PSYoungGen      total 423424K, used 10021K [0x00000000e0000000, 0x0000000100000000, 0x0000000100000000)
  eden space 327168K, 0% used [0x00000000e0000000,0x00000000e0000000,0x00000000f3f80000)
  from space 96256K, 10% used [0x00000000f3f80000,0x00000000f4949660,0x00000000f9d80000)
  to   space 96256K, 0% used [0x00000000fa200000,0x00000000fa200000,0x0000000100000000)
 ParOldGen       total 211968K, used 191921K [0x00000000a0000000, 0x00000000acf00000, 0x00000000e0000000)
  object space 211968K, 90% used [0x00000000a0000000,0x00000000abb6c7c0,0x00000000acf00000)
 Metaspace       used 109633K, capacity 116490K, committed 116696K, reserved 1150976K
  class space    used 14255K, capacity 15600K, committed 15616K, reserved 1048576K
GC Heap History (10 events):
Event: 133.454 GC heap after
Heap after GC invocations=29 (full 4):
 PSYoungGen      total 421888K, used 71612K [0x00000000e0000000, 0x0000000100000000, 0x0000000100000000)
  eden space 350208K, 0% used [0x00000000e0000000,0x00000000e0000000,0x00000000f5600000)
  from space 71680K, 99% used [0x00000000f5600000,0x00000000f9bef170,0x00000000f9c00000)
  to   space 95232K, 0% used [0x00000000fa300000,0x00000000fa300000,0x0000000100000000)
 ParOldGen       total 211968K, used 129643K [0x00000000a0000000, 0x00000000acf00000, 0x00000000e0000000)
  object space 211968K, 61% used [0x00000000a0000000,0x00000000a7e9af90,0x00000000acf00000)
 Metaspace       used 109548K, capacity 116400K, committed 116440K, reserved 1150976K
  class space    used 14254K, capacity 15599K, committed 15616K, reserved 1048576K
}
Event: 135.965 GC heap before
{Heap before GC invocations=30 (full 4):
 PSYoungGen      total 421888K, used 421820K [0x00000000e0000000, 0x0000000100000000, 0x0000000100000000)
  eden space 350208K, 100% used [0x00000000e0000000,0x00000000f5600000,0x00000000f5600000)
  from space 71680K, 99% used [0x00000000f5600000,0x00000000f9bef170,0x00000000f9c00000)
  to   space 95232K, 0% used [0x00000000fa300000,0x00000000fa300000,0x0000000100000000)
 ParOldGen       total 211968K, used 129643K [0x00000000a0000000, 0x00000000acf00000, 0x00000000e0000000)
  object space 211968K, 61% used [0x00000000a0000000,0x00000000a7e9af90,0x00000000acf00000)
 Metaspace       used 109586K, capacity 116480K, committed 116696K, reserved 1150976K
  class space    used 14254K, capacity 15599K, committed 15616K, reserved 1048576K
Event: 136.075 GC heap after
Heap after GC invocations=30 (full 4):
 PSYoungGen      total 421888K, used 64253K [0x00000000e0000000, 0x0000000100000000, 0x0000000100000000)
  eden space 326656K, 0% used [0x00000000e0000000,0x00000000e0000000,0x00000000f3f00000)
  from space 95232K, 67% used [0x00000000fa300000,0x00000000fe1bf5e0,0x0000000100000000)
  to   space 98816K, 0% used [0x00000000f3f00000,0x00000000f3f00000,0x00000000f9f80000)
 ParOldGen       total 211968K, used 138550K [0x00000000a0000000, 0x00000000acf00000, 0x00000000e0000000)
  object space 211968K, 65% used [0x00000000a0000000,0x00000000a874daa8,0x00000000acf00000)
 Metaspace       used 109586K, capacity 116480K, committed 116696K, reserved 1150976K
  class space    used 14254K, capacity 15599K, committed 15616K, reserved 1048576K
}
Event: 137.646 GC heap before
{Heap before GC invocations=31 (full 4):
 PSYoungGen      total 421888K, used 390909K [0x00000000e0000000, 0x0000000100000000, 0x0000000100000000)
  eden space 326656K, 100% used [0x00000000e0000000,0x00000000f3f00000,0x00000000f3f00000)
  from space 95232K, 67% used [0x00000000fa300000,0x00000000fe1bf5e0,0x0000000100000000)
  to   space 98816K, 0% used [0x00000000f3f00000,0x00000000f3f00000,0x00000000f9f80000)
 ParOldGen       total 211968K, used 138550K [0x00000000a0000000, 0x00000000acf00000, 0x00000000e0000000)
  object space 211968K, 65% used [0x00000000a0000000,0x00000000a874daa8,0x00000000acf00000)
 Metaspace       used 109608K, capacity 116484K, committed 116696K, reserved 1150976K
  class space    used 14254K, capacity 15599K, committed 15616K, reserved 1048576K
Event: 137.741 GC heap after
Heap after GC invocations=31 (full 4):
 PSYoungGen      total 425472K, used 56080K [0x00000000e0000000, 0x0000000100000000, 0x0000000100000000)
  eden space 326656K, 0% used [0x00000000e0000000,0x00000000e0000000,0x00000000f3f00000)
  from space 98816K, 56% used [0x00000000f3f00000,0x00000000f75c4150,0x00000000f9f80000)
  to   space 98304K, 0% used [0x00000000fa000000,0x00000000fa000000,0x0000000100000000)
 ParOldGen       total 211968K, used 144892K [0x00000000a0000000, 0x00000000acf00000, 0x00000000e0000000)
  object space 211968K, 68% used [0x00000000a0000000,0x00000000a8d7f158,0x00000000acf00000)
 Metaspace       used 109608K, capacity 116484K, committed 116696K, reserved 1150976K
  class space    used 14254K, capacity 15599K, committed 15616K, reserved 1048576K
}
Event: 139.315 GC heap before
{Heap before GC invocations=32 (full 4):
 PSYoungGen      total 425472K, used 382736K [0x00000000e0000000, 0x0000000100000000, 0x0000000100000000)
  eden space 326656K, 100% used [0x00000000e0000000,0x00000000f3f00000,0x00000000f3f00000)
  from space 98816K, 56% used [0x00000000f3f00000,0x00000000f75c4150,0x00000000f9f80000)
  to   space 98304K, 0% used [0x00000000fa000000,0x00000000fa000000,0x0000000100000000)
 ParOldGen       total 211968K, used 144892K [0x00000000a0000000, 0x00000000acf00000, 0x00000000e0000000)
  object space 211968K, 68% used [0x00000000a0000000,0x00000000a8d7f158,0x00000000acf00000)
 Metaspace       used 109623K, capacity 116488K, committed 116696K, reserved 1150976K
  class space    used 14254K, capacity 15599K, committed 15616K, reserved 1048576K
Event: 139.408 GC heap after
Heap after GC invocations=32 (full 4):
 PSYoungGen      total 420864K, used 23482K [0x00000000e0000000, 0x00000000ffb80000, 0x0000000100000000)
  eden space 327168K, 0% used [0x00000000e0000000,0x00000000e0000000,0x00000000f3f80000)
  from space 93696K, 25% used [0x00000000fa000000,0x00000000fb6eeac0,0x00000000ffb80000)
  to   space 96256K, 0% used [0x00000000f3f80000,0x00000000f3f80000,0x00000000f9d80000)
 ParOldGen       total 211968K, used 178369K [0x00000000a0000000, 0x00000000acf00000, 0x00000000e0000000)
  object space 211968K, 84% used [0x00000000a0000000,0x00000000aae30510,0x00000000acf00000)
 Metaspace       used 109623K, capacity 116488K, committed 116696K, reserved 1150976K
  class space    used 14254K, capacity 15599K, committed 15616K, reserved 1048576K
}
Event: 141.058 GC heap before
{Heap before GC invocations=33 (full 4):
 PSYoungGen      total 420864K, used 350650K [0x00000000e0000000, 0x00000000ffb80000, 0x0000000100000000)
  eden space 327168K, 100% used [0x00000000e0000000,0x00000000f3f80000,0x00000000f3f80000)
  from space 93696K, 25% used [0x00000000fa000000,0x00000000fb6eeac0,0x00000000ffb80000)
  to   space 96256K, 0% used [0x00000000f3f80000,0x00000000f3f80000,0x00000000f9d80000)
 ParOldGen       total 211968K, used 178369K [0x00000000a0000000, 0x00000000acf00000, 0x00000000e0000000)
  object space 211968K, 84% used [0x00000000a0000000,0x00000000aae30510,0x00000000acf00000)
 Metaspace       used 109633K, capacity 116490K, committed 116696K, reserved 1150976K
  class space    used 14255K, capacity 15600K, committed 15616K, reserved 1048576K
Event: 141.135 GC heap after
Heap after GC invocations=33 (full 4):
 PSYoungGen      total 423424K, used 10021K [0x00000000e0000000, 0x0000000100000000, 0x0000000100000000)
  eden space 327168K, 0% used [0x00000000e0000000,0x00000000e0000000,0x00000000f3f80000)
  from space 96256K, 10% used [0x00000000f3f80000,0x00000000f4949660,0x00000000f9d80000)
  to   space 96256K, 0% used [0x00000000fa200000,0x00000000fa200000,0x0000000100000000)
 ParOldGen       total 211968K, used 191921K [0x00000000a0000000, 0x00000000acf00000, 0x00000000e0000000)
  object space 211968K, 90% used [0x00000000a0000000,0x00000000abb6c7c0,0x00000000acf00000)
 Metaspace       used 109633K, capacity 116490K, committed 116696K, reserved 1150976K
  class space    used 14255K, capacity 15600K, committed 15616K, reserved 1048576K
}
Event: 141.135 GC heap before
{Heap before GC invocations=34 (full 5):
 PSYoungGen      total 423424K, used 10021K [0x00000000e0000000, 0x0000000100000000, 0x0000000100000000)
  eden space 327168K, 0% used [0x00000000e0000000,0x00000000e0000000,0x00000000f3f80000)
  from space 96256K, 10% used [0x00000000f3f80000,0x00000000f4949660,0x00000000f9d80000)
  to   space 96256K, 0% used [0x00000000fa200000,0x00000000fa200000,0x0000000100000000)
 ParOldGen       total 211968K, used 191921K [0x00000000a0000000, 0x00000000acf00000, 0x00000000e0000000)
  object space 211968K, 90% used [0x00000000a0000000,0x00000000abb6c7c0,0x00000000acf00000)
 Metaspace       used 109633K, capacity 116490K, committed 116696K, reserved 1150976K
  class space    used 14255K, capacity 15600K, committed 15616K, reserved 1048576K

