# JRE version: OpenJDK Runtime Environment (8.0_242-b01) (build 1.8.0_242-release-1644-b01)
# Java VM: OpenJDK 64-Bit Server VM (25.242-b01 mixed mode windows-amd64 compressed oops)
Heap:
 PSYoungGen      total 416256K, used 32031K [0x00000000e0000000, 0x0000000100000000, 0x0000000100000000)
  eden space 322048K, 1% used [0x00000000e0000000,0x00000000e04f3d88,0x00000000f3a80000)
  from space 94208K, 28% used [0x00000000f3a80000,0x00000000f54d4030,0x00000000f9680000)
  to   space 90112K, 0% used [0x00000000fa800000,0x00000000fa800000,0x0000000100000000)
 ParOldGen       total 618496K, used 354656K [0x00000000a0000000, 0x00000000c5c00000, 0x00000000e0000000)
  object space 618496K, 57% used [0x00000000a0000000,0x00000000b5a58200,0x00000000c5c00000)
 Metaspace       used 192259K, capacity 209506K, committed 209752K, reserved 1230848K
  class space    used 24286K, capacity 27428K, committed 27520K, reserved 1048576K
GC Heap History (10 events):
Event: 3975.445 GC heap before
{Heap before GC invocations=181 (full 10):
 PSYoungGen      total 381440K, used 300974K [0x00000000e0000000, 0x0000000100000000, 0x0000000100000000)
  eden space 301056K, 99% used [0x00000000e0000000,0x00000000f25eb9d8,0x00000000f2600000)
  from space 80384K, 0% used [0x00000000fb180000,0x00000000fb180000,0x0000000100000000)
  to   space 111616K, 0% used [0x00000000f2600000,0x00000000f2600000,0x00000000f9300000)
 ParOldGen       total 618496K, used 321316K [0x00000000a0000000, 0x00000000c5c00000, 0x00000000e0000000)
  object space 618496K, 51% used [0x00000000a0000000,0x00000000b39c9270,0x00000000c5c00000)
 Metaspace       used 190565K, capacity 207104K, committed 208216K, reserved 1230848K
  class space    used 24018K, capacity 27053K, committed 27264K, reserved 1048576K
Event: 3975.538 GC heap after
Heap after GC invocations=181 (full 10):
 PSYoungGen      total 412672K, used 29979K [0x00000000e0000000, 0x0000000100000000, 0x0000000100000000)
  eden space 301056K, 0% used [0x00000000e0000000,0x00000000e0000000,0x00000000f2600000)
  from space 111616K, 26% used [0x00000000f2600000,0x00000000f4346e40,0x00000000f9300000)
  to   space 106496K, 0% used [0x00000000f9800000,0x00000000f9800000,0x0000000100000000)
 ParOldGen       total 618496K, used 321324K [0x00000000a0000000, 0x00000000c5c00000, 0x00000000e0000000)
  object space 618496K, 51% used [0x00000000a0000000,0x00000000b39cb270,0x00000000c5c00000)
 Metaspace       used 190565K, capacity 207104K, committed 208216K, reserved 1230848K
  class space    used 24018K, capacity 27053K, committed 27264K, reserved 1048576K
}
Event: 3979.065 GC heap before
{Heap before GC invocations=182 (full 10):
 PSYoungGen      total 412672K, used 331035K [0x00000000e0000000, 0x0000000100000000, 0x0000000100000000)
  eden space 301056K, 100% used [0x00000000e0000000,0x00000000f2600000,0x00000000f2600000)
  from space 111616K, 26% used [0x00000000f2600000,0x00000000f4346e40,0x00000000f9300000)
  to   space 106496K, 0% used [0x00000000f9800000,0x00000000f9800000,0x0000000100000000)
 ParOldGen       total 618496K, used 321324K [0x00000000a0000000, 0x00000000c5c00000, 0x00000000e0000000)
  object space 618496K, 51% used [0x00000000a0000000,0x00000000b39cb270,0x00000000c5c00000)
 Metaspace       used 190720K, capacity 207290K, committed 208216K, reserved 1230848K
  class space    used 24046K, capacity 27104K, committed 27264K, reserved 1048576K
Event: 3979.142 GC heap after
Heap after GC invocations=182 (full 10):
 PSYoungGen      total 400384K, used 21890K [0x00000000e0000000, 0x00000000ff400000, 0x0000000100000000)
  eden space 306176K, 0% used [0x00000000e0000000,0x00000000e0000000,0x00000000f2b00000)
  from space 94208K, 23% used [0x00000000f9800000,0x00000000fad60b58,0x00000000ff400000)
  to   space 102912K, 0% used [0x00000000f2b00000,0x00000000f2b00000,0x00000000f8f80000)
 ParOldGen       total 618496K, used 343549K [0x00000000a0000000, 0x00000000c5c00000, 0x00000000e0000000)
  object space 618496K, 55% used [0x00000000a0000000,0x00000000b4f7f5a8,0x00000000c5c00000)
 Metaspace       used 190720K, capacity 207290K, committed 208216K, reserved 1230848K
  class space    used 24046K, capacity 27104K, committed 27264K, reserved 1048576K
}
Event: 3982.836 GC heap before
{Heap before GC invocations=183 (full 10):
 PSYoungGen      total 400384K, used 327918K [0x00000000e0000000, 0x00000000ff400000, 0x0000000100000000)
  eden space 306176K, 99% used [0x00000000e0000000,0x00000000f2adb010,0x00000000f2b00000)
  from space 94208K, 23% used [0x00000000f9800000,0x00000000fad60b58,0x00000000ff400000)
  to   space 102912K, 0% used [0x00000000f2b00000,0x00000000f2b00000,0x00000000f8f80000)
 ParOldGen       total 618496K, used 343549K [0x00000000a0000000, 0x00000000c5c00000, 0x00000000e0000000)
  object space 618496K, 55% used [0x00000000a0000000,0x00000000b4f7f5a8,0x00000000c5c00000)
 Metaspace       used 191477K, capacity 208184K, committed 208856K, reserved 1230848K
  class space    used 24168K, capacity 27249K, committed 27392K, reserved 1048576K
Event: 3982.871 GC heap after
Heap after GC invocations=183 (full 10):
 PSYoungGen      total 409088K, used 24005K [0x00000000e0000000, 0x0000000100000000, 0x0000000100000000)
  eden space 306176K, 0% used [0x00000000e0000000,0x00000000e0000000,0x00000000f2b00000)
  from space 102912K, 23% used [0x00000000f2b00000,0x00000000f4271540,0x00000000f8f80000)
  to   space 99328K, 0% used [0x00000000f9f00000,0x00000000f9f00000,0x0000000100000000)
 ParOldGen       total 618496K, used 353245K [0x00000000a0000000, 0x00000000c5c00000, 0x00000000e0000000)
  object space 618496K, 57% used [0x00000000a0000000,0x00000000b58f7788,0x00000000c5c00000)
 Metaspace       used 191477K, capacity 208184K, committed 208856K, reserved 1230848K
  class space    used 24168K, capacity 27249K, committed 27392K, reserved 1048576K
}
Event: 4013.758 GC heap before
{Heap before GC invocations=184 (full 10):
 PSYoungGen      total 409088K, used 330181K [0x00000000e0000000, 0x0000000100000000, 0x0000000100000000)
  eden space 306176K, 100% used [0x00000000e0000000,0x00000000f2b00000,0x00000000f2b00000)
  from space 102912K, 23% used [0x00000000f2b00000,0x00000000f4271540,0x00000000f8f80000)
  to   space 99328K, 0% used [0x00000000f9f00000,0x00000000f9f00000,0x0000000100000000)
 ParOldGen       total 618496K, used 353245K [0x00000000a0000000, 0x00000000c5c00000, 0x00000000e0000000)
  object space 618496K, 57% used [0x00000000a0000000,0x00000000b58f7788,0x00000000c5c00000)
 Metaspace       used 191825K, capacity 208758K, committed 209112K, reserved 1230848K
  class space    used 24225K, capacity 27314K, committed 27392K, reserved 1048576K
Event: 4013.832 GC heap after
Heap after GC invocations=184 (full 10):
 PSYoungGen      total 407552K, used 30105K [0x00000000e0000000, 0x00000000ff280000, 0x0000000100000000)
  eden space 322048K, 0% used [0x00000000e0000000,0x00000000e0000000,0x00000000f3a80000)
  from space 85504K, 35% used [0x00000000f9f00000,0x00000000fbc66448,0x00000000ff280000)
  to   space 94208K, 0% used [0x00000000f3a80000,0x00000000f3a80000,0x00000000f9680000)
 ParOldGen       total 618496K, used 353749K [0x00000000a0000000, 0x00000000c5c00000, 0x00000000e0000000)
  object space 618496K, 57% used [0x00000000a0000000,0x00000000b59757c8,0x00000000c5c00000)
 Metaspace       used 191825K, capacity 208758K, committed 209112K, reserved 1230848K
  class space    used 24225K, capacity 27314K, committed 27392K, reserved 1048576K
}
Event: 4097.857 GC heap before
{Heap before GC invocations=185 (full 10):
 PSYoungGen      total 407552K, used 352153K [0x00000000e0000000, 0x00000000ff280000, 0x0000000100000000)
  eden space 322048K, 100% used [0x00000000e0000000,0x00000000f3a80000,0x00000000f3a80000)
  from space 85504K, 35% used [0x00000000f9f00000,0x00000000fbc66448,0x00000000ff280000)
  to   space 94208K, 0% used [0x00000000f3a80000,0x00000000f3a80000,0x00000000f9680000)
 ParOldGen       total 618496K, used 353749K [0x00000000a0000000, 0x00000000c5c00000, 0x00000000e0000000)
  object space 618496K, 57% used [0x00000000a0000000,0x00000000b59757c8,0x00000000c5c00000)
 Metaspace       used 192259K, capacity 209506K, committed 209752K, reserved 1230848K
  class space    used 24286K, capacity 27428K, committed 27520K, reserved 1048576K
Event: 4098.162 GC heap after
Heap after GC invocations=185 (full 10):
 PSYoungGen      total 416256K, used 26960K [0x00000000e0000000, 0x0000000100000000, 0x0000000100000000)
  eden space 322048K, 0% used [0x00000000e0000000,0x00000000e0000000,0x00000000f3a80000)
  from space 94208K, 28% used [0x00000000f3a80000,0x00000000f54d4030,0x00000000f9680000)
  to   space 90112K, 0% used [0x00000000fa800000,0x00000000fa800000,0x0000000100000000)
 ParOldGen       total 618496K, used 354656K [0x00000000a0000000, 0x00000000c5c00000, 0x00000000e0000000)
  object space 618496K, 57% used [0x00000000a0000000,0x00000000b5a58200,0x00000000c5c00000)
 Metaspace       used 192259K, capacity 209506K, committed 209752K, reserved 1230848K
  class space    used 24286K, capacity 27428K, committed 27520K, reserved 1048576K
}

