# JRE version: OpenJDK Runtime Environment (8.0_242-b01) (build 1.8.0_242-release-1644-b01)
# Java VM: OpenJDK 64-Bit Server VM (25.242-b01 mixed mode windows-amd64 compressed oops)
Heap:
 PSYoungGen      total 70656K, used 13136K [0x00000000e0000000, 0x00000000e6a80000, 0x0000000100000000)
  eden space 65536K, 12% used [0x00000000e0000000,0x00000000e07d7180,0x00000000e4000000)
  from space 5120K, 99% used [0x00000000e4000000,0x00000000e44fd0a8,0x00000000e4500000)
  to   space 12288K, 0% used [0x00000000e5e80000,0x00000000e5e80000,0x00000000e6a80000)
 ParOldGen       total 55808K, used 17110K [0x00000000a0000000, 0x00000000a3680000, 0x00000000e0000000)
  object space 55808K, 30% used [0x00000000a0000000,0x00000000a10b58f8,0x00000000a3680000)
 Metaspace       used 36757K, capacity 38224K, committed 38440K, reserved 1083392K
  class space    used 5018K, capacity 5331K, committed 5416K, reserved 1048576K
GC Heap History (10 events):
Event: 7.483 GC heap before
{Heap before GC invocations=7 (full 1):
 PSYoungGen      total 70656K, used 65536K [0x00000000e0000000, 0x00000000e4a00000, 0x0000000100000000)
  eden space 65536K, 100% used [0x00000000e0000000,0x00000000e4000000,0x00000000e4000000)
  from space 5120K, 0% used [0x00000000e4000000,0x00000000e4000000,0x00000000e4500000)
  to   space 5120K, 0% used [0x00000000e4500000,0x00000000e4500000,0x00000000e4a00000)
 ParOldGen       total 55808K, used 6981K [0x00000000a0000000, 0x00000000a3680000, 0x00000000e0000000)
  object space 55808K, 12% used [0x00000000a0000000,0x00000000a06d17a8,0x00000000a3680000)
 Metaspace       used 28800K, capacity 29668K, committed 29872K, reserved 1075200K
  class space    used 3979K, capacity 4220K, committed 4272K, reserved 1048576K
Event: 7.495 GC heap after
Heap after GC invocations=7 (full 1):
 PSYoungGen      total 70656K, used 5091K [0x00000000e0000000, 0x00000000e4a00000, 0x0000000100000000)
  eden space 65536K, 0% used [0x00000000e0000000,0x00000000e0000000,0x00000000e4000000)
  from space 5120K, 99% used [0x00000000e4500000,0x00000000e49f8ea0,0x00000000e4a00000)
  to   space 5120K, 0% used [0x00000000e4000000,0x00000000e4000000,0x00000000e4500000)
 ParOldGen       total 55808K, used 10333K [0x00000000a0000000, 0x00000000a3680000, 0x00000000e0000000)
  object space 55808K, 18% used [0x00000000a0000000,0x00000000a0a17548,0x00000000a3680000)
 Metaspace       used 28800K, capacity 29668K, committed 29872K, reserved 1075200K
  class space    used 3979K, capacity 4220K, committed 4272K, reserved 1048576K
}
Event: 8.681 GC heap before
{Heap before GC invocations=8 (full 1):
 PSYoungGen      total 70656K, used 70627K [0x00000000e0000000, 0x00000000e4a00000, 0x0000000100000000)
  eden space 65536K, 100% used [0x00000000e0000000,0x00000000e4000000,0x00000000e4000000)
  from space 5120K, 99% used [0x00000000e4500000,0x00000000e49f8ea0,0x00000000e4a00000)
  to   space 5120K, 0% used [0x00000000e4000000,0x00000000e4000000,0x00000000e4500000)
 ParOldGen       total 55808K, used 10333K [0x00000000a0000000, 0x00000000a3680000, 0x00000000e0000000)
  object space 55808K, 18% used [0x00000000a0000000,0x00000000a0a17548,0x00000000a3680000)
 Metaspace       used 32863K, capacity 33870K, committed 33968K, reserved 1079296K
  class space    used 4481K, capacity 4751K, committed 4784K, reserved 1048576K
Event: 8.704 GC heap after
Heap after GC invocations=8 (full 1):
 PSYoungGen      total 70656K, used 5120K [0x00000000e0000000, 0x00000000e4a00000, 0x0000000100000000)
  eden space 65536K, 0% used [0x00000000e0000000,0x00000000e0000000,0x00000000e4000000)
  from space 5120K, 100% used [0x00000000e4000000,0x00000000e4500000,0x00000000e4500000)
  to   space 5120K, 0% used [0x00000000e4500000,0x00000000e4500000,0x00000000e4a00000)
 ParOldGen       total 55808K, used 14777K [0x00000000a0000000, 0x00000000a3680000, 0x00000000e0000000)
  object space 55808K, 26% used [0x00000000a0000000,0x00000000a0e6e500,0x00000000a3680000)
 Metaspace       used 32863K, capacity 33870K, committed 33968K, reserved 1079296K
  class space    used 4481K, capacity 4751K, committed 4784K, reserved 1048576K
}
Event: 9.229 GC heap before
{Heap before GC invocations=9 (full 1):
 PSYoungGen      total 70656K, used 34650K [0x00000000e0000000, 0x00000000e4a00000, 0x0000000100000000)
  eden space 65536K, 45% used [0x00000000e0000000,0x00000000e1cd68f8,0x00000000e4000000)
  from space 5120K, 100% used [0x00000000e4000000,0x00000000e4500000,0x00000000e4500000)
  to   space 5120K, 0% used [0x00000000e4500000,0x00000000e4500000,0x00000000e4a00000)
 ParOldGen       total 55808K, used 14777K [0x00000000a0000000, 0x00000000a3680000, 0x00000000e0000000)
  object space 55808K, 26% used [0x00000000a0000000,0x00000000a0e6e500,0x00000000a3680000)
 Metaspace       used 34287K, capacity 35390K, committed 35496K, reserved 1079296K
  class space    used 4708K, capacity 4970K, committed 5032K, reserved 1048576K
Event: 9.248 GC heap after
Heap after GC invocations=9 (full 1):
 PSYoungGen      total 70656K, used 5120K [0x00000000e0000000, 0x00000000e4a00000, 0x0000000100000000)
  eden space 65536K, 0% used [0x00000000e0000000,0x00000000e0000000,0x00000000e4000000)
  from space 5120K, 100% used [0x00000000e4500000,0x00000000e4a00000,0x00000000e4a00000)
  to   space 5120K, 0% used [0x00000000e4000000,0x00000000e4000000,0x00000000e4500000)
 ParOldGen       total 55808K, used 16876K [0x00000000a0000000, 0x00000000a3680000, 0x00000000e0000000)
  object space 55808K, 30% used [0x00000000a0000000,0x00000000a107b3b8,0x00000000a3680000)
 Metaspace       used 34287K, capacity 35390K, committed 35496K, reserved 1079296K
  class space    used 4708K, capacity 4970K, committed 5032K, reserved 1048576K
}
Event: 9.248 GC heap before
{Heap before GC invocations=10 (full 2):
 PSYoungGen      total 70656K, used 5120K [0x00000000e0000000, 0x00000000e4a00000, 0x0000000100000000)
  eden space 65536K, 0% used [0x00000000e0000000,0x00000000e0000000,0x00000000e4000000)
  from space 5120K, 100% used [0x00000000e4500000,0x00000000e4a00000,0x00000000e4a00000)
  to   space 5120K, 0% used [0x00000000e4000000,0x00000000e4000000,0x00000000e4500000)
 ParOldGen       total 55808K, used 16876K [0x00000000a0000000, 0x00000000a3680000, 0x00000000e0000000)
  object space 55808K, 30% used [0x00000000a0000000,0x00000000a107b3b8,0x00000000a3680000)
 Metaspace       used 34287K, capacity 35390K, committed 35496K, reserved 1079296K
  class space    used 4708K, capacity 4970K, committed 5032K, reserved 1048576K
Event: 9.365 GC heap after
Heap after GC invocations=10 (full 2):
 PSYoungGen      total 70656K, used 0K [0x00000000e0000000, 0x00000000e4a00000, 0x0000000100000000)
  eden space 65536K, 0% used [0x00000000e0000000,0x00000000e0000000,0x00000000e4000000)
  from space 5120K, 0% used [0x00000000e4500000,0x00000000e4500000,0x00000000e4a00000)
  to   space 5120K, 0% used [0x00000000e4000000,0x00000000e4000000,0x00000000e4500000)
 ParOldGen       total 55808K, used 15651K [0x00000000a0000000, 0x00000000a3680000, 0x00000000e0000000)
  object space 55808K, 28% used [0x00000000a0000000,0x00000000a0f48e00,0x00000000a3680000)
 Metaspace       used 34287K, capacity 35390K, committed 35496K, reserved 1079296K
  class space    used 4708K, capacity 4970K, committed 5032K, reserved 1048576K
}
Event: 11.188 GC heap before
{Heap before GC invocations=11 (full 2):
 PSYoungGen      total 70656K, used 65536K [0x00000000e0000000, 0x00000000e4a00000, 0x0000000100000000)
  eden space 65536K, 100% used [0x00000000e0000000,0x00000000e4000000,0x00000000e4000000)
  from space 5120K, 0% used [0x00000000e4500000,0x00000000e4500000,0x00000000e4a00000)
  to   space 5120K, 0% used [0x00000000e4000000,0x00000000e4000000,0x00000000e4500000)
 ParOldGen       total 55808K, used 15651K [0x00000000a0000000, 0x00000000a3680000, 0x00000000e0000000)
  object space 55808K, 28% used [0x00000000a0000000,0x00000000a0f48e00,0x00000000a3680000)
 Metaspace       used 36690K, capacity 38156K, committed 38440K, reserved 1083392K
  class space    used 5018K, capacity 5331K, committed 5416K, reserved 1048576K
Event: 11.206 GC heap after
Heap after GC invocations=11 (full 2):
 PSYoungGen      total 70656K, used 5108K [0x00000000e0000000, 0x00000000e6a80000, 0x0000000100000000)
  eden space 65536K, 0% used [0x00000000e0000000,0x00000000e0000000,0x00000000e4000000)
  from space 5120K, 99% used [0x00000000e4000000,0x00000000e44fd0a8,0x00000000e4500000)
  to   space 12288K, 0% used [0x00000000e5e80000,0x00000000e5e80000,0x00000000e6a80000)
 ParOldGen       total 55808K, used 17110K [0x00000000a0000000, 0x00000000a3680000, 0x00000000e0000000)
  object space 55808K, 30% used [0x00000000a0000000,0x00000000a10b58f8,0x00000000a3680000)
 Metaspace       used 36690K, capacity 38156K, committed 38440K, reserved 1083392K
  class space    used 5018K, capacity 5331K, committed 5416K, reserved 1048576K
}

