# JRE version: OpenJDK Runtime Environment (8.0_242-b01) (build 1.8.0_242-release-1644-b01)
# Java VM: OpenJDK 64-Bit Server VM (25.242-b01 mixed mode windows-amd64 compressed oops)
Heap:
 PSYoungGen      total 483840K, used 451652K [0x00000000e0000000, 0x00000000ffa80000, 0x0000000100000000)
  eden space 448512K, 100% used [0x00000000e0000000,0x00000000fb600000,0x00000000fb600000)
  from space 35328K, 8% used [0x00000000fd700000,0x00000000fda110a8,0x00000000ff980000)
  to   space 33792K, 99% used [0x00000000fb600000,0x00000000fd6ffdd0,0x00000000fd700000)
 ParOldGen       total 542720K, used 512491K [0x00000000a0000000, 0x00000000c1200000, 0x00000000e0000000)
  object space 542720K, 94% used [0x00000000a0000000,0x00000000bf47af90,0x00000000c1200000)
 Metaspace       used 246646K, capacity 265184K, committed 273856K, reserved 1288192K
  class space    used 31020K, capacity 34546K, committed 36096K, reserved 1048576K
GC Heap History (10 events):
Event: 15462.800 GC heap after
Heap after GC invocations=229 (full 13):
 PSYoungGen      total 475648K, used 6160K [0x00000000e0000000, 0x0000000100000000, 0x0000000100000000)
  eden space 431616K, 0% used [0x00000000e0000000,0x00000000e0000000,0x00000000fa580000)
  from space 44032K, 13% used [0x00000000fce00000,0x00000000fd404010,0x00000000ff900000)
  to   space 41472K, 0% used [0x00000000fa580000,0x00000000fa580000,0x00000000fce00000)
 ParOldGen       total 542720K, used 490686K [0x00000000a0000000, 0x00000000c1200000, 0x00000000e0000000)
  object space 542720K, 90% used [0x00000000a0000000,0x00000000bdf2fab8,0x00000000c1200000)
 Metaspace       used 246603K, capacity 265120K, committed 273856K, reserved 1288192K
  class space    used 31020K, capacity 34546K, committed 36096K, reserved 1048576K
}
Event: 15463.521 GC heap before
{Heap before GC invocations=230 (full 13):
 PSYoungGen      total 475648K, used 437776K [0x00000000e0000000, 0x0000000100000000, 0x0000000100000000)
  eden space 431616K, 100% used [0x00000000e0000000,0x00000000fa580000,0x00000000fa580000)
  from space 44032K, 13% used [0x00000000fce00000,0x00000000fd404010,0x00000000ff900000)
  to   space 41472K, 0% used [0x00000000fa580000,0x00000000fa580000,0x00000000fce00000)
 ParOldGen       total 542720K, used 490686K [0x00000000a0000000, 0x00000000c1200000, 0x00000000e0000000)
  object space 542720K, 90% used [0x00000000a0000000,0x00000000bdf2fab8,0x00000000c1200000)
 Metaspace       used 246611K, capacity 265120K, committed 273856K, reserved 1288192K
  class space    used 31020K, capacity 34546K, committed 36096K, reserved 1048576K
Event: 15463.558 GC heap after
Heap after GC invocations=230 (full 13):
 PSYoungGen      total 473088K, used 6032K [0x00000000e0000000, 0x00000000ff980000, 0x0000000100000000)
  eden space 431616K, 0% used [0x00000000e0000000,0x00000000e0000000,0x00000000fa580000)
  from space 41472K, 14% used [0x00000000fa580000,0x00000000fab64030,0x00000000fce00000)
  to   space 39424K, 0% used [0x00000000fd300000,0x00000000fd300000,0x00000000ff980000)
 ParOldGen       total 542720K, used 495651K [0x00000000a0000000, 0x00000000c1200000, 0x00000000e0000000)
  object space 542720K, 91% used [0x00000000a0000000,0x00000000be408c38,0x00000000c1200000)
 Metaspace       used 246611K, capacity 265120K, committed 273856K, reserved 1288192K
  class space    used 31020K, capacity 34546K, committed 36096K, reserved 1048576K
}
Event: 15464.311 GC heap before
{Heap before GC invocations=231 (full 13):
 PSYoungGen      total 473088K, used 437648K [0x00000000e0000000, 0x00000000ff980000, 0x0000000100000000)
  eden space 431616K, 100% used [0x00000000e0000000,0x00000000fa580000,0x00000000fa580000)
  from space 41472K, 14% used [0x00000000fa580000,0x00000000fab64030,0x00000000fce00000)
  to   space 39424K, 0% used [0x00000000fd300000,0x00000000fd300000,0x00000000ff980000)
 ParOldGen       total 542720K, used 495651K [0x00000000a0000000, 0x00000000c1200000, 0x00000000e0000000)
  object space 542720K, 91% used [0x00000000a0000000,0x00000000be408c38,0x00000000c1200000)
 Metaspace       used 246614K, capacity 265120K, committed 273856K, reserved 1288192K
  class space    used 31020K, capacity 34546K, committed 36096K, reserved 1048576K
Event: 15464.335 GC heap after
Heap after GC invocations=231 (full 13):
 PSYoungGen      total 479744K, used 4544K [0x00000000e0000000, 0x00000000ffb00000, 0x0000000100000000)
  eden space 440320K, 0% used [0x00000000e0000000,0x00000000e0000000,0x00000000fae00000)
  from space 39424K, 11% used [0x00000000fd300000,0x00000000fd770000,0x00000000ff980000)
  to   space 37888K, 0% used [0x00000000fae00000,0x00000000fae00000,0x00000000fd300000)
 ParOldGen       total 542720K, used 500359K [0x00000000a0000000, 0x00000000c1200000, 0x00000000e0000000)
  object space 542720K, 92% used [0x00000000a0000000,0x00000000be8a1c58,0x00000000c1200000)
 Metaspace       used 246614K, capacity 265120K, committed 273856K, reserved 1288192K
  class space    used 31020K, capacity 34546K, committed 36096K, reserved 1048576K
}
Event: 15464.904 GC heap before
{Heap before GC invocations=232 (full 13):
 PSYoungGen      total 479744K, used 444864K [0x00000000e0000000, 0x00000000ffb00000, 0x0000000100000000)
  eden space 440320K, 100% used [0x00000000e0000000,0x00000000fae00000,0x00000000fae00000)
  from space 39424K, 11% used [0x00000000fd300000,0x00000000fd770000,0x00000000ff980000)
  to   space 37888K, 0% used [0x00000000fae00000,0x00000000fae00000,0x00000000fd300000)
 ParOldGen       total 542720K, used 500359K [0x00000000a0000000, 0x00000000c1200000, 0x00000000e0000000)
  object space 542720K, 92% used [0x00000000a0000000,0x00000000be8a1c58,0x00000000c1200000)
 Metaspace       used 246615K, capacity 265120K, committed 273856K, reserved 1288192K
  class space    used 31020K, capacity 34546K, committed 36096K, reserved 1048576K
Event: 15464.930 GC heap after
Heap after GC invocations=232 (full 13):
 PSYoungGen      total 478208K, used 6496K [0x00000000e0000000, 0x00000000ff980000, 0x0000000100000000)
  eden space 440320K, 0% used [0x00000000e0000000,0x00000000e0000000,0x00000000fae00000)
  from space 37888K, 17% used [0x00000000fae00000,0x00000000fb458000,0x00000000fd300000)
  to   space 35328K, 0% used [0x00000000fd700000,0x00000000fd700000,0x00000000ff980000)
 ParOldGen       total 542720K, used 504356K [0x00000000a0000000, 0x00000000c1200000, 0x00000000e0000000)
  object space 542720K, 92% used [0x00000000a0000000,0x00000000bec890b8,0x00000000c1200000)
 Metaspace       used 246615K, capacity 265120K, committed 273856K, reserved 1288192K
  class space    used 31020K, capacity 34546K, committed 36096K, reserved 1048576K
}
Event: 15465.777 GC heap before
{Heap before GC invocations=233 (full 13):
 PSYoungGen      total 478208K, used 446816K [0x00000000e0000000, 0x00000000ff980000, 0x0000000100000000)
  eden space 440320K, 100% used [0x00000000e0000000,0x00000000fae00000,0x00000000fae00000)
  from space 37888K, 17% used [0x00000000fae00000,0x00000000fb458000,0x00000000fd300000)
  to   space 35328K, 0% used [0x00000000fd700000,0x00000000fd700000,0x00000000ff980000)
 ParOldGen       total 542720K, used 504356K [0x00000000a0000000, 0x00000000c1200000, 0x00000000e0000000)
  object space 542720K, 92% used [0x00000000a0000000,0x00000000bec890b8,0x00000000c1200000)
 Metaspace       used 246616K, capacity 265120K, committed 273856K, reserved 1288192K
  class space    used 31020K, capacity 34546K, committed 36096K, reserved 1048576K
Event: 15465.802 GC heap after
Heap after GC invocations=233 (full 13):
 PSYoungGen      total 483840K, used 3140K [0x00000000e0000000, 0x00000000ffa80000, 0x0000000100000000)
  eden space 448512K, 0% used [0x00000000e0000000,0x00000000e0000000,0x00000000fb600000)
  from space 35328K, 8% used [0x00000000fd700000,0x00000000fda110a8,0x00000000ff980000)
  to   space 33792K, 0% used [0x00000000fb600000,0x00000000fb600000,0x00000000fd700000)
 ParOldGen       total 542720K, used 509740K [0x00000000a0000000, 0x00000000c1200000, 0x00000000e0000000)
  object space 542720K, 93% used [0x00000000a0000000,0x00000000bf1cb0c8,0x00000000c1200000)
 Metaspace       used 246616K, capacity 265120K, committed 273856K, reserved 1288192K
  class space    used 31020K, capacity 34546K, committed 36096K, reserved 1048576K
}
Event: 15466.912 GC heap before
{Heap before GC invocations=234 (full 13):
 PSYoungGen      total 483840K, used 451652K [0x00000000e0000000, 0x00000000ffa80000, 0x0000000100000000)
  eden space 448512K, 100% used [0x00000000e0000000,0x00000000fb600000,0x00000000fb600000)
  from space 35328K, 8% used [0x00000000fd700000,0x00000000fda110a8,0x00000000ff980000)
  to   space 33792K, 0% used [0x00000000fb600000,0x00000000fb600000,0x00000000fd700000)
 ParOldGen       total 542720K, used 509740K [0x00000000a0000000, 0x00000000c1200000, 0x00000000e0000000)
  object space 542720K, 93% used [0x00000000a0000000,0x00000000bf1cb0c8,0x00000000c1200000)
 Metaspace       used 246646K, capacity 265184K, committed 273856K, reserved 1288192K
  class space    used 31020K, capacity 34546K, committed 36096K, reserved 1048576K

