# JRE version: OpenJDK Runtime Environment (8.0_242-b01) (build 1.8.0_242-release-1644-b01)
# Java VM: OpenJDK 64-Bit Server VM (25.242-b01 mixed mode windows-amd64 compressed oops)
Heap:
 PSYoungGen      total 401408K, used 312829K [0x00000000e0000000, 0x00000000ff880000, 0x0000000100000000)
  eden space 299520K, 100% used [0x00000000e0000000,0x00000000f2480000,0x00000000f2480000)
  from space 101888K, 13% used [0x00000000f2480000,0x00000000f317f450,0x00000000f8800000)
  to   space 98304K, 26% used [0x00000000f9880000,0x00000000fb232f90,0x00000000ff880000)
 ParOldGen       total 310784K, used 160004K [0x00000000a0000000, 0x00000000b2f80000, 0x00000000e0000000)
  object space 310784K, 51% used [0x00000000a0000000,0x00000000a9c413a8,0x00000000b2f80000)
 Metaspace       used 113784K, capacity 124484K, committed 124800K, reserved 1157120K
  class space    used 14508K, capacity 16406K, committed 16512K, reserved 1048576K
GC Heap History (10 events):
Event: 4320.745 GC heap after
Heap after GC invocations=70 (full 6):
 PSYoungGen      total 384512K, used 27691K [0x00000000e0000000, 0x00000000fe780000, 0x0000000100000000)
  eden space 266752K, 0% used [0x00000000e0000000,0x00000000e0000000,0x00000000f0480000)
  from space 117760K, 23% used [0x00000000f7480000,0x00000000f8f8af40,0x00000000fe780000)
  to   space 114688K, 0% used [0x00000000f0480000,0x00000000f0480000,0x00000000f7480000)
 ParOldGen       total 288256K, used 228671K [0x00000000a0000000, 0x00000000b1980000, 0x00000000e0000000)
  object space 288256K, 79% used [0x00000000a0000000,0x00000000adf4fc28,0x00000000b1980000)
 Metaspace       used 113456K, capacity 124132K, committed 124160K, reserved 1157120K
  class space    used 14501K, capacity 16364K, committed 16384K, reserved 1048576K
}
Event: 4325.059 GC heap before
{Heap before GC invocations=71 (full 6):
 PSYoungGen      total 384512K, used 294356K [0x00000000e0000000, 0x00000000fe780000, 0x0000000100000000)
  eden space 266752K, 99% used [0x00000000e0000000,0x00000000f046a2b8,0x00000000f0480000)
  from space 117760K, 23% used [0x00000000f7480000,0x00000000f8f8af40,0x00000000fe780000)
  to   space 114688K, 0% used [0x00000000f0480000,0x00000000f0480000,0x00000000f7480000)
 ParOldGen       total 288256K, used 228671K [0x00000000a0000000, 0x00000000b1980000, 0x00000000e0000000)
  object space 288256K, 79% used [0x00000000a0000000,0x00000000adf4fc28,0x00000000b1980000)
 Metaspace       used 113488K, capacity 124132K, committed 124160K, reserved 1157120K
  class space    used 14501K, capacity 16364K, committed 16384K, reserved 1048576K
Event: 4325.288 GC heap after
Heap after GC invocations=71 (full 6):
 PSYoungGen      total 381440K, used 18426K [0x00000000e0000000, 0x00000000ff300000, 0x0000000100000000)
  eden space 266752K, 0% used [0x00000000e0000000,0x00000000e0000000,0x00000000f0480000)
  from space 114688K, 16% used [0x00000000f0480000,0x00000000f167ea00,0x00000000f7480000)
  to   space 109568K, 0% used [0x00000000f8800000,0x00000000f8800000,0x00000000ff300000)
 ParOldGen       total 288256K, used 254129K [0x00000000a0000000, 0x00000000b1980000, 0x00000000e0000000)
  object space 288256K, 88% used [0x00000000a0000000,0x00000000af82c410,0x00000000b1980000)
 Metaspace       used 113488K, capacity 124132K, committed 124160K, reserved 1157120K
  class space    used 14501K, capacity 16364K, committed 16384K, reserved 1048576K
}
Event: 4325.288 GC heap before
{Heap before GC invocations=72 (full 7):
 PSYoungGen      total 381440K, used 18426K [0x00000000e0000000, 0x00000000ff300000, 0x0000000100000000)
  eden space 266752K, 0% used [0x00000000e0000000,0x00000000e0000000,0x00000000f0480000)
  from space 114688K, 16% used [0x00000000f0480000,0x00000000f167ea00,0x00000000f7480000)
  to   space 109568K, 0% used [0x00000000f8800000,0x00000000f8800000,0x00000000ff300000)
 ParOldGen       total 288256K, used 254129K [0x00000000a0000000, 0x00000000b1980000, 0x00000000e0000000)
  object space 288256K, 88% used [0x00000000a0000000,0x00000000af82c410,0x00000000b1980000)
 Metaspace       used 113488K, capacity 124132K, committed 124160K, reserved 1157120K
  class space    used 14501K, capacity 16364K, committed 16384K, reserved 1048576K
Event: 4326.223 GC heap after
Heap after GC invocations=72 (full 7):
 PSYoungGen      total 381440K, used 0K [0x00000000e0000000, 0x00000000ff300000, 0x0000000100000000)
  eden space 266752K, 0% used [0x00000000e0000000,0x00000000e0000000,0x00000000f0480000)
  from space 114688K, 0% used [0x00000000f0480000,0x00000000f0480000,0x00000000f7480000)
  to   space 109568K, 0% used [0x00000000f8800000,0x00000000f8800000,0x00000000ff300000)
 ParOldGen       total 310784K, used 128102K [0x00000000a0000000, 0x00000000b2f80000, 0x00000000e0000000)
  object space 310784K, 41% used [0x00000000a0000000,0x00000000a7d19b98,0x00000000b2f80000)
 Metaspace       used 113488K, capacity 124132K, committed 124160K, reserved 1157120K
  class space    used 14501K, capacity 16364K, committed 16384K, reserved 1048576K
}
Event: 5812.046 GC heap before
{Heap before GC invocations=73 (full 7):
 PSYoungGen      total 381440K, used 266752K [0x00000000e0000000, 0x00000000ff300000, 0x0000000100000000)
  eden space 266752K, 100% used [0x00000000e0000000,0x00000000f0480000,0x00000000f0480000)
  from space 114688K, 0% used [0x00000000f0480000,0x00000000f0480000,0x00000000f7480000)
  to   space 109568K, 0% used [0x00000000f8800000,0x00000000f8800000,0x00000000ff300000)
 ParOldGen       total 310784K, used 128102K [0x00000000a0000000, 0x00000000b2f80000, 0x00000000e0000000)
  object space 310784K, 41% used [0x00000000a0000000,0x00000000a7d19b98,0x00000000b2f80000)
 Metaspace       used 113597K, capacity 124196K, committed 124416K, reserved 1157120K
  class space    used 14501K, capacity 16364K, committed 16384K, reserved 1048576K
Event: 5812.289 GC heap after
Heap after GC invocations=73 (full 7):
 PSYoungGen      total 401920K, used 30699K [0x00000000e0000000, 0x00000000fec00000, 0x0000000100000000)
  eden space 299520K, 0% used [0x00000000e0000000,0x00000000e0000000,0x00000000f2480000)
  from space 102400K, 29% used [0x00000000f8800000,0x00000000fa5fafd0,0x00000000fec00000)
  to   space 101888K, 0% used [0x00000000f2480000,0x00000000f2480000,0x00000000f8800000)
 ParOldGen       total 310784K, used 128110K [0x00000000a0000000, 0x00000000b2f80000, 0x00000000e0000000)
  object space 310784K, 41% used [0x00000000a0000000,0x00000000a7d1bb98,0x00000000b2f80000)
 Metaspace       used 113597K, capacity 124196K, committed 124416K, reserved 1157120K
  class space    used 14501K, capacity 16364K, committed 16384K, reserved 1048576K
}
Event: 5817.026 GC heap before
{Heap before GC invocations=74 (full 7):
 PSYoungGen      total 401920K, used 330156K [0x00000000e0000000, 0x00000000fec00000, 0x0000000100000000)
  eden space 299520K, 99% used [0x00000000e0000000,0x00000000f2470420,0x00000000f2480000)
  from space 102400K, 29% used [0x00000000f8800000,0x00000000fa5fafd0,0x00000000fec00000)
  to   space 101888K, 0% used [0x00000000f2480000,0x00000000f2480000,0x00000000f8800000)
 ParOldGen       total 310784K, used 128110K [0x00000000a0000000, 0x00000000b2f80000, 0x00000000e0000000)
  object space 310784K, 41% used [0x00000000a0000000,0x00000000a7d1bb98,0x00000000b2f80000)
 Metaspace       used 113632K, capacity 124298K, committed 124544K, reserved 1157120K
  class space    used 14502K, capacity 16397K, committed 16512K, reserved 1048576K
Event: 5817.276 GC heap after
Heap after GC invocations=74 (full 7):
 PSYoungGen      total 401408K, used 13309K [0x00000000e0000000, 0x00000000ff880000, 0x0000000100000000)
  eden space 299520K, 0% used [0x00000000e0000000,0x00000000e0000000,0x00000000f2480000)
  from space 101888K, 13% used [0x00000000f2480000,0x00000000f317f450,0x00000000f8800000)
  to   space 98304K, 0% used [0x00000000f9880000,0x00000000f9880000,0x00000000ff880000)
 ParOldGen       total 310784K, used 157116K [0x00000000a0000000, 0x00000000b2f80000, 0x00000000e0000000)
  object space 310784K, 50% used [0x00000000a0000000,0x00000000a996f230,0x00000000b2f80000)
 Metaspace       used 113632K, capacity 124298K, committed 124544K, reserved 1157120K
  class space    used 14502K, capacity 16397K, committed 16512K, reserved 1048576K
}
Event: 5903.699 GC heap before
{Heap before GC invocations=75 (full 7):
 PSYoungGen      total 401408K, used 312829K [0x00000000e0000000, 0x00000000ff880000, 0x0000000100000000)
  eden space 299520K, 100% used [0x00000000e0000000,0x00000000f2480000,0x00000000f2480000)
  from space 101888K, 13% used [0x00000000f2480000,0x00000000f317f450,0x00000000f8800000)
  to   space 98304K, 0% used [0x00000000f9880000,0x00000000f9880000,0x00000000ff880000)
 ParOldGen       total 310784K, used 157116K [0x00000000a0000000, 0x00000000b2f80000, 0x00000000e0000000)
  object space 310784K, 50% used [0x00000000a0000000,0x00000000a996f230,0x00000000b2f80000)
 Metaspace       used 113784K, capacity 124484K, committed 124800K, reserved 1157120K
  class space    used 14508K, capacity 16406K, committed 16512K, reserved 1048576K

