# JRE version: OpenJDK Runtime Environment (8.0_242-b01) (build 1.8.0_242-release-1644-b01)
# Java VM: OpenJDK 64-Bit Server VM (25.242-b01 mixed mode windows-amd64 compressed oops)
Heap:
 PSYoungGen      total 441344K, used 434011K [0x00000000e0000000, 0x0000000100000000, 0x0000000100000000)
  eden space 386048K, 100% used [0x00000000e0000000,0x00000000f7900000,0x00000000f7900000)
  from space 55296K, 86% used [0x00000000fca00000,0x00000000ff8d6fd8,0x0000000100000000)
  to   space 69120K, 40% used [0x00000000f7900000,0x00000000f9488fe0,0x00000000fbc80000)
 ParOldGen       total 225792K, used 144704K [0x00000000a0000000, 0x00000000adc80000, 0x00000000e0000000)
  object space 225792K, 64% used [0x00000000a0000000,0x00000000a8d50358,0x00000000adc80000)
 Metaspace       used 96839K, capacity 102968K, committed 103244K, reserved 1138688K
  class space    used 12888K, capacity 14132K, committed 14208K, reserved 1048576K
GC Heap History (10 events):
Event: 42.726 GC heap after
Heap after GC invocations=18 (full 4):
 PSYoungGen      total 465408K, used 0K [0x00000000e0000000, 0x0000000100000000, 0x0000000100000000)
  eden space 422912K, 0% used [0x00000000e0000000,0x00000000e0000000,0x00000000f9d00000)
  from space 42496K, 0% used [0x00000000fd680000,0x00000000fd680000,0x0000000100000000)
  to   space 50688K, 0% used [0x00000000f9d00000,0x00000000f9d00000,0x00000000fce80000)
 ParOldGen       total 225792K, used 110565K [0x00000000a0000000, 0x00000000adc80000, 0x00000000e0000000)
  object space 225792K, 48% used [0x00000000a0000000,0x00000000a6bf9578,0x00000000adc80000)
 Metaspace       used 92116K, capacity 97410K, committed 98380K, reserved 1134592K
  class space    used 12506K, capacity 13663K, committed 13952K, reserved 1048576K
}
Event: 53.197 GC heap before
{Heap before GC invocations=19 (full 4):
 PSYoungGen      total 465408K, used 422912K [0x00000000e0000000, 0x0000000100000000, 0x0000000100000000)
  eden space 422912K, 100% used [0x00000000e0000000,0x00000000f9d00000,0x00000000f9d00000)
  from space 42496K, 0% used [0x00000000fd680000,0x00000000fd680000,0x0000000100000000)
  to   space 50688K, 0% used [0x00000000f9d00000,0x00000000f9d00000,0x00000000fce80000)
 ParOldGen       total 225792K, used 110565K [0x00000000a0000000, 0x00000000adc80000, 0x00000000e0000000)
  object space 225792K, 48% used [0x00000000a0000000,0x00000000a6bf9578,0x00000000adc80000)
 Metaspace       used 96040K, capacity 102052K, committed 102348K, reserved 1138688K
  class space    used 12831K, capacity 14044K, committed 14080K, reserved 1048576K
Event: 53.252 GC heap after
Heap after GC invocations=19 (full 4):
 PSYoungGen      total 473600K, used 20898K [0x00000000e0000000, 0x0000000100000000, 0x0000000100000000)
  eden space 422912K, 0% used [0x00000000e0000000,0x00000000e0000000,0x00000000f9d00000)
  from space 50688K, 41% used [0x00000000f9d00000,0x00000000fb168810,0x00000000fce80000)
  to   space 48128K, 0% used [0x00000000fd100000,0x00000000fd100000,0x0000000100000000)
 ParOldGen       total 225792K, used 110573K [0x00000000a0000000, 0x00000000adc80000, 0x00000000e0000000)
  object space 225792K, 48% used [0x00000000a0000000,0x00000000a6bfb578,0x00000000adc80000)
 Metaspace       used 96040K, capacity 102052K, committed 102348K, reserved 1138688K
  class space    used 12831K, capacity 14044K, committed 14080K, reserved 1048576K
}
Event: 56.311 GC heap before
{Heap before GC invocations=20 (full 4):
 PSYoungGen      total 473600K, used 443810K [0x00000000e0000000, 0x0000000100000000, 0x0000000100000000)
  eden space 422912K, 100% used [0x00000000e0000000,0x00000000f9d00000,0x00000000f9d00000)
  from space 50688K, 41% used [0x00000000f9d00000,0x00000000fb168810,0x00000000fce80000)
  to   space 48128K, 0% used [0x00000000fd100000,0x00000000fd100000,0x0000000100000000)
 ParOldGen       total 225792K, used 110573K [0x00000000a0000000, 0x00000000adc80000, 0x00000000e0000000)
  object space 225792K, 48% used [0x00000000a0000000,0x00000000a6bfb578,0x00000000adc80000)
 Metaspace       used 96527K, capacity 102532K, committed 102732K, reserved 1138688K
  class space    used 12866K, capacity 14088K, committed 14208K, reserved 1048576K
Event: 56.438 GC heap after
Heap after GC invocations=20 (full 4):
 PSYoungGen      total 461824K, used 46614K [0x00000000e0000000, 0x0000000100000000, 0x0000000100000000)
  eden space 413696K, 0% used [0x00000000e0000000,0x00000000e0000000,0x00000000f9400000)
  from space 48128K, 96% used [0x00000000fd100000,0x00000000ffe85a18,0x0000000100000000)
  to   space 55296K, 0% used [0x00000000f9400000,0x00000000f9400000,0x00000000fca00000)
 ParOldGen       total 225792K, used 110581K [0x00000000a0000000, 0x00000000adc80000, 0x00000000e0000000)
  object space 225792K, 48% used [0x00000000a0000000,0x00000000a6bfd578,0x00000000adc80000)
 Metaspace       used 96527K, capacity 102532K, committed 102732K, reserved 1138688K
  class space    used 12866K, capacity 14088K, committed 14208K, reserved 1048576K
}
Event: 58.924 GC heap before
{Heap before GC invocations=21 (full 4):
 PSYoungGen      total 461824K, used 460310K [0x00000000e0000000, 0x0000000100000000, 0x0000000100000000)
  eden space 413696K, 100% used [0x00000000e0000000,0x00000000f9400000,0x00000000f9400000)
  from space 48128K, 96% used [0x00000000fd100000,0x00000000ffe85a18,0x0000000100000000)
  to   space 55296K, 0% used [0x00000000f9400000,0x00000000f9400000,0x00000000fca00000)
 ParOldGen       total 225792K, used 110581K [0x00000000a0000000, 0x00000000adc80000, 0x00000000e0000000)
  object space 225792K, 48% used [0x00000000a0000000,0x00000000a6bfd578,0x00000000adc80000)
 Metaspace       used 96705K, capacity 102778K, committed 102988K, reserved 1138688K
  class space    used 12881K, capacity 14093K, committed 14208K, reserved 1048576K
Event: 59.083 GC heap after
Heap after GC invocations=21 (full 4):
 PSYoungGen      total 468992K, used 55274K [0x00000000e0000000, 0x0000000100000000, 0x0000000100000000)
  eden space 413696K, 0% used [0x00000000e0000000,0x00000000e0000000,0x00000000f9400000)
  from space 55296K, 99% used [0x00000000f9400000,0x00000000fc9fabc0,0x00000000fca00000)
  to   space 55296K, 0% used [0x00000000fca00000,0x00000000fca00000,0x0000000100000000)
 ParOldGen       total 225792K, used 113545K [0x00000000a0000000, 0x00000000adc80000, 0x00000000e0000000)
  object space 225792K, 50% used [0x00000000a0000000,0x00000000a6ee25c8,0x00000000adc80000)
 Metaspace       used 96705K, capacity 102778K, committed 102988K, reserved 1138688K
  class space    used 12881K, capacity 14093K, committed 14208K, reserved 1048576K
}
Event: 61.674 GC heap before
{Heap before GC invocations=22 (full 4):
 PSYoungGen      total 468992K, used 468970K [0x00000000e0000000, 0x0000000100000000, 0x0000000100000000)
  eden space 413696K, 100% used [0x00000000e0000000,0x00000000f9400000,0x00000000f9400000)
  from space 55296K, 99% used [0x00000000f9400000,0x00000000fc9fabc0,0x00000000fca00000)
  to   space 55296K, 0% used [0x00000000fca00000,0x00000000fca00000,0x0000000100000000)
 ParOldGen       total 225792K, used 113545K [0x00000000a0000000, 0x00000000adc80000, 0x00000000e0000000)
  object space 225792K, 50% used [0x00000000a0000000,0x00000000a6ee25c8,0x00000000adc80000)
 Metaspace       used 96801K, capacity 102886K, committed 102988K, reserved 1138688K
  class space    used 12885K, capacity 14127K, committed 14208K, reserved 1048576K
Event: 61.824 GC heap after
Heap after GC invocations=22 (full 4):
 PSYoungGen      total 441344K, used 47963K [0x00000000e0000000, 0x0000000100000000, 0x0000000100000000)
  eden space 386048K, 0% used [0x00000000e0000000,0x00000000e0000000,0x00000000f7900000)
  from space 55296K, 86% used [0x00000000fca00000,0x00000000ff8d6fd8,0x0000000100000000)
  to   space 69120K, 0% used [0x00000000f7900000,0x00000000f7900000,0x00000000fbc80000)
 ParOldGen       total 225792K, used 122186K [0x00000000a0000000, 0x00000000adc80000, 0x00000000e0000000)
  object space 225792K, 54% used [0x00000000a0000000,0x00000000a7752970,0x00000000adc80000)
 Metaspace       used 96801K, capacity 102886K, committed 102988K, reserved 1138688K
  class space    used 12885K, capacity 14127K, committed 14208K, reserved 1048576K
}
Event: 63.831 GC heap before
{Heap before GC invocations=23 (full 4):
 PSYoungGen      total 441344K, used 434011K [0x00000000e0000000, 0x0000000100000000, 0x0000000100000000)
  eden space 386048K, 100% used [0x00000000e0000000,0x00000000f7900000,0x00000000f7900000)
  from space 55296K, 86% used [0x00000000fca00000,0x00000000ff8d6fd8,0x0000000100000000)
  to   space 69120K, 0% used [0x00000000f7900000,0x00000000f7900000,0x00000000fbc80000)
 ParOldGen       total 225792K, used 122186K [0x00000000a0000000, 0x00000000adc80000, 0x00000000e0000000)
  object space 225792K, 54% used [0x00000000a0000000,0x00000000a7752970,0x00000000adc80000)
 Metaspace       used 96839K, capacity 102968K, committed 103244K, reserved 1138688K
  class space    used 12888K, capacity 14132K, committed 14208K, reserved 1048576K

