# JRE version: OpenJDK Runtime Environment (8.0_242-b01) (build 1.8.0_242-release-1644-b01)
# Java VM: OpenJDK 64-Bit Server VM (25.242-b01 mixed mode windows-amd64 compressed oops)
Heap:
 PSYoungGen      total 200192K, used 146229K [0x00000000e0000000, 0x00000000ed280000, 0x0000000100000000)
  eden space 186880K, 78% used [0x00000000e0000000,0x00000000e8ecd4f0,0x00000000eb680000)
  from space 13312K, 0% used [0x00000000ec500000,0x00000000ec500000,0x00000000ed200000)
  to   space 14336K, 0% used [0x00000000eb680000,0x00000000eb680000,0x00000000ec480000)
 ParOldGen       total 64512K, used 35629K [0x00000000a0000000, 0x00000000a3f00000, 0x00000000e0000000)
  object space 64512K, 55% used [0x00000000a0000000,0x00000000a22cb500,0x00000000a3f00000)
 Metaspace       used 64812K, capacity 67486K, committed 67584K, reserved 1107968K
  class space    used 8781K, capacity 9406K, committed 9472K, reserved 1048576K
GC Heap History (10 events):
Event: 24.290 GC heap before
{Heap before GC invocations=11 (full 2):
 PSYoungGen      total 138240K, used 11252K [0x00000000e0000000, 0x00000000ed200000, 0x0000000100000000)
  eden space 126976K, 0% used [0x00000000e0000000,0x00000000e0000000,0x00000000e7c00000)
  from space 11264K, 99% used [0x00000000e7c00000,0x00000000e86fd130,0x00000000e8700000)
  to   space 13312K, 0% used [0x00000000ec500000,0x00000000ec500000,0x00000000ed200000)
 ParOldGen       total 46592K, used 7329K [0x00000000a0000000, 0x00000000a2d80000, 0x00000000e0000000)
  object space 46592K, 15% used [0x00000000a0000000,0x00000000a07287d8,0x00000000a2d80000)
 Metaspace       used 34347K, capacity 35390K, committed 35416K, reserved 1079296K
  class space    used 4717K, capacity 4970K, committed 4992K, reserved 1048576K
Event: 24.497 GC heap after
Heap after GC invocations=11 (full 2):
 PSYoungGen      total 138240K, used 0K [0x00000000e0000000, 0x00000000ed200000, 0x0000000100000000)
  eden space 126976K, 0% used [0x00000000e0000000,0x00000000e0000000,0x00000000e7c00000)
  from space 11264K, 0% used [0x00000000e7c00000,0x00000000e7c00000,0x00000000e8700000)
  to   space 13312K, 0% used [0x00000000ec500000,0x00000000ec500000,0x00000000ed200000)
 ParOldGen       total 64512K, used 18154K [0x00000000a0000000, 0x00000000a3f00000, 0x00000000e0000000)
  object space 64512K, 28% used [0x00000000a0000000,0x00000000a11baa88,0x00000000a3f00000)
 Metaspace       used 34347K, capacity 35390K, committed 35416K, reserved 1079296K
  class space    used 4717K, capacity 4970K, committed 4992K, reserved 1048576K
}
Event: 29.327 GC heap before
{Heap before GC invocations=12 (full 2):
 PSYoungGen      total 138240K, used 126976K [0x00000000e0000000, 0x00000000ed200000, 0x0000000100000000)
  eden space 126976K, 100% used [0x00000000e0000000,0x00000000e7c00000,0x00000000e7c00000)
  from space 11264K, 0% used [0x00000000e7c00000,0x00000000e7c00000,0x00000000e8700000)
  to   space 13312K, 0% used [0x00000000ec500000,0x00000000ec500000,0x00000000ed200000)
 ParOldGen       total 64512K, used 18154K [0x00000000a0000000, 0x00000000a3f00000, 0x00000000e0000000)
  object space 64512K, 28% used [0x00000000a0000000,0x00000000a11baa88,0x00000000a3f00000)
 Metaspace       used 42040K, capacity 43540K, committed 43648K, reserved 1087488K
  class space    used 5656K, capacity 5963K, committed 6016K, reserved 1048576K
Event: 29.373 GC heap after
Heap after GC invocations=12 (full 2):
 PSYoungGen      total 200192K, used 12177K [0x00000000e0000000, 0x00000000ed280000, 0x0000000100000000)
  eden space 186880K, 0% used [0x00000000e0000000,0x00000000e0000000,0x00000000eb680000)
  from space 13312K, 91% used [0x00000000ec500000,0x00000000ed0e45c0,0x00000000ed200000)
  to   space 14336K, 0% used [0x00000000eb680000,0x00000000eb680000,0x00000000ec480000)
 ParOldGen       total 64512K, used 18226K [0x00000000a0000000, 0x00000000a3f00000, 0x00000000e0000000)
  object space 64512K, 28% used [0x00000000a0000000,0x00000000a11cca98,0x00000000a3f00000)
 Metaspace       used 42040K, capacity 43540K, committed 43648K, reserved 1087488K
  class space    used 5656K, capacity 5963K, committed 6016K, reserved 1048576K
}
Event: 35.153 GC heap before
{Heap before GC invocations=13 (full 2):
 PSYoungGen      total 200192K, used 199057K [0x00000000e0000000, 0x00000000ed280000, 0x0000000100000000)
  eden space 186880K, 100% used [0x00000000e0000000,0x00000000eb680000,0x00000000eb680000)
  from space 13312K, 91% used [0x00000000ec500000,0x00000000ed0e45c0,0x00000000ed200000)
  to   space 14336K, 0% used [0x00000000eb680000,0x00000000eb680000,0x00000000ec480000)
 ParOldGen       total 64512K, used 18226K [0x00000000a0000000, 0x00000000a3f00000, 0x00000000e0000000)
  object space 64512K, 28% used [0x00000000a0000000,0x00000000a11cca98,0x00000000a3f00000)
 Metaspace       used 54471K, capacity 56494K, committed 56576K, reserved 1097728K
  class space    used 7240K, capacity 7658K, committed 7680K, reserved 1048576K
Event: 35.205 GC heap after
Heap after GC invocations=13 (full 2):
 PSYoungGen      total 201216K, used 14329K [0x00000000e0000000, 0x00000000ed280000, 0x0000000100000000)
  eden space 186880K, 0% used [0x00000000e0000000,0x00000000e0000000,0x00000000eb680000)
  from space 14336K, 99% used [0x00000000eb680000,0x00000000ec47e660,0x00000000ec480000)
  to   space 13312K, 0% used [0x00000000ec500000,0x00000000ec500000,0x00000000ed200000)
 ParOldGen       total 64512K, used 31096K [0x00000000a0000000, 0x00000000a3f00000, 0x00000000e0000000)
  object space 64512K, 48% used [0x00000000a0000000,0x00000000a1e5e268,0x00000000a3f00000)
 Metaspace       used 54471K, capacity 56494K, committed 56576K, reserved 1097728K
  class space    used 7240K, capacity 7658K, committed 7680K, reserved 1048576K
}
Event: 36.895 GC heap before
{Heap before GC invocations=14 (full 2):
 PSYoungGen      total 201216K, used 72362K [0x00000000e0000000, 0x00000000ed280000, 0x0000000100000000)
  eden space 186880K, 31% used [0x00000000e0000000,0x00000000e38ac540,0x00000000eb680000)
  from space 14336K, 99% used [0x00000000eb680000,0x00000000ec47e660,0x00000000ec480000)
  to   space 13312K, 0% used [0x00000000ec500000,0x00000000ec500000,0x00000000ed200000)
 ParOldGen       total 64512K, used 31096K [0x00000000a0000000, 0x00000000a3f00000, 0x00000000e0000000)
  object space 64512K, 48% used [0x00000000a0000000,0x00000000a1e5e268,0x00000000a3f00000)
 Metaspace       used 56911K, capacity 58942K, committed 59008K, reserved 1099776K
  class space    used 7569K, capacity 8011K, committed 8064K, reserved 1048576K
Event: 36.942 GC heap after
Heap after GC invocations=14 (full 2):
 PSYoungGen      total 200192K, used 5959K [0x00000000e0000000, 0x00000000ed280000, 0x0000000100000000)
  eden space 186880K, 0% used [0x00000000e0000000,0x00000000e0000000,0x00000000eb680000)
  from space 13312K, 44% used [0x00000000ec500000,0x00000000ecad1ea8,0x00000000ed200000)
  to   space 14336K, 0% used [0x00000000eb680000,0x00000000eb680000,0x00000000ec480000)
 ParOldGen       total 64512K, used 40011K [0x00000000a0000000, 0x00000000a3f00000, 0x00000000e0000000)
  object space 64512K, 62% used [0x00000000a0000000,0x00000000a2712f30,0x00000000a3f00000)
 Metaspace       used 56911K, capacity 58942K, committed 59008K, reserved 1099776K
  class space    used 7569K, capacity 8011K, committed 8064K, reserved 1048576K
}
Event: 36.942 GC heap before
{Heap before GC invocations=15 (full 3):
 PSYoungGen      total 200192K, used 5959K [0x00000000e0000000, 0x00000000ed280000, 0x0000000100000000)
  eden space 186880K, 0% used [0x00000000e0000000,0x00000000e0000000,0x00000000eb680000)
  from space 13312K, 44% used [0x00000000ec500000,0x00000000ecad1ea8,0x00000000ed200000)
  to   space 14336K, 0% used [0x00000000eb680000,0x00000000eb680000,0x00000000ec480000)
 ParOldGen       total 64512K, used 40011K [0x00000000a0000000, 0x00000000a3f00000, 0x00000000e0000000)
  object space 64512K, 62% used [0x00000000a0000000,0x00000000a2712f30,0x00000000a3f00000)
 Metaspace       used 56911K, capacity 58942K, committed 59008K, reserved 1099776K
  class space    used 7569K, capacity 8011K, committed 8064K, reserved 1048576K
Event: 37.464 GC heap after
Heap after GC invocations=15 (full 3):
 PSYoungGen      total 200192K, used 0K [0x00000000e0000000, 0x00000000ed280000, 0x0000000100000000)
  eden space 186880K, 0% used [0x00000000e0000000,0x00000000e0000000,0x00000000eb680000)
  from space 13312K, 0% used [0x00000000ec500000,0x00000000ec500000,0x00000000ed200000)
  to   space 14336K, 0% used [0x00000000eb680000,0x00000000eb680000,0x00000000ec480000)
 ParOldGen       total 64512K, used 35629K [0x00000000a0000000, 0x00000000a3f00000, 0x00000000e0000000)
  object space 64512K, 55% used [0x00000000a0000000,0x00000000a22cb500,0x00000000a3f00000)
 Metaspace       used 56906K, capacity 58924K, committed 59008K, reserved 1099776K
  class space    used 7568K, capacity 8008K, committed 8064K, reserved 1048576K
}

