# JRE version: OpenJDK Runtime Environment (8.0_242-b01) (build 1.8.0_242-release-1644-b01)
# Java VM: OpenJDK 64-Bit Server VM (25.242-b01 mixed mode windows-amd64 compressed oops)
Heap:
 PSYoungGen      total 348672K, used 183296K [0x00000000e0000000, 0x00000000ffc00000, 0x0000000100000000)
  eden space 183296K, 100% used [0x00000000e0000000,0x00000000eb300000,0x00000000eb300000)
  from space 165376K, 0% used [0x00000000f5a80000,0x00000000f5a80000,0x00000000ffc00000)
  to   space 168448K, 6% used [0x00000000eb300000,0x00000000ebcea9c0,0x00000000f5780000)
 ParOldGen       total 300544K, used 148092K [0x00000000a0000000, 0x00000000b2580000, 0x00000000e0000000)
  object space 300544K, 49% used [0x00000000a0000000,0x00000000a909f070,0x00000000b2580000)
 Metaspace       used 127282K, capacity 136728K, committed 136792K, reserved 1169408K
  class space    used 16040K, capacity 17785K, committed 17792K, reserved 1048576K
GC Heap History (10 events):
Event: 1196.417 GC heap after
Heap after GC invocations=65 (full 6):
 PSYoungGen      total 355840K, used 113580K [0x00000000e0000000, 0x0000000100000000, 0x0000000100000000)
  eden space 215552K, 0% used [0x00000000e0000000,0x00000000e0000000,0x00000000ed280000)
  from space 140288K, 80% used [0x00000000ed280000,0x00000000f416b198,0x00000000f5b80000)
  to   space 154112K, 0% used [0x00000000f6980000,0x00000000f6980000,0x0000000100000000)
 ParOldGen       total 417280K, used 353497K [0x00000000a0000000, 0x00000000b9780000, 0x00000000e0000000)
  object space 417280K, 84% used [0x00000000a0000000,0x00000000b59367b0,0x00000000b9780000)
 Metaspace       used 125641K, capacity 135118K, committed 135384K, reserved 1167360K
  class space    used 15813K, capacity 17556K, committed 17664K, reserved 1048576K
}
Event: 1197.146 GC heap before
{Heap before GC invocations=66 (full 6):
 PSYoungGen      total 355840K, used 329132K [0x00000000e0000000, 0x0000000100000000, 0x0000000100000000)
  eden space 215552K, 100% used [0x00000000e0000000,0x00000000ed280000,0x00000000ed280000)
  from space 140288K, 80% used [0x00000000ed280000,0x00000000f416b198,0x00000000f5b80000)
  to   space 154112K, 0% used [0x00000000f6980000,0x00000000f6980000,0x0000000100000000)
 ParOldGen       total 417280K, used 353499K [0x00000000a0000000, 0x00000000b9780000, 0x00000000e0000000)
  object space 417280K, 84% used [0x00000000a0000000,0x00000000b5936fa8,0x00000000b9780000)
 Metaspace       used 125684K, capacity 135190K, committed 135384K, reserved 1167360K
  class space    used 15813K, capacity 17556K, committed 17664K, reserved 1048576K
Event: 1197.335 GC heap after
Heap after GC invocations=66 (full 6):
 PSYoungGen      total 335360K, used 131070K [0x00000000e0000000, 0x0000000100000000, 0x0000000100000000)
  eden space 181248K, 0% used [0x00000000e0000000,0x00000000e0000000,0x00000000eb100000)
  from space 154112K, 85% used [0x00000000f6980000,0x00000000fe97fab8,0x0000000100000000)
  to   space 171520K, 0% used [0x00000000eb100000,0x00000000eb100000,0x00000000f5880000)
 ParOldGen       total 417280K, used 356764K [0x00000000a0000000, 0x00000000b9780000, 0x00000000e0000000)
  object space 417280K, 85% used [0x00000000a0000000,0x00000000b5c671d0,0x00000000b9780000)
 Metaspace       used 125684K, capacity 135190K, committed 135384K, reserved 1167360K
  class space    used 15813K, capacity 17556K, committed 17664K, reserved 1048576K
}
Event: 1198.213 GC heap before
{Heap before GC invocations=67 (full 6):
 PSYoungGen      total 335360K, used 312318K [0x00000000e0000000, 0x0000000100000000, 0x0000000100000000)
  eden space 181248K, 100% used [0x00000000e0000000,0x00000000eb100000,0x00000000eb100000)
  from space 154112K, 85% used [0x00000000f6980000,0x00000000fe97fab8,0x0000000100000000)
  to   space 171520K, 0% used [0x00000000eb100000,0x00000000eb100000,0x00000000f5880000)
 ParOldGen       total 417280K, used 356764K [0x00000000a0000000, 0x00000000b9780000, 0x00000000e0000000)
  object space 417280K, 85% used [0x00000000a0000000,0x00000000b5c671d0,0x00000000b9780000)
 Metaspace       used 125723K, capacity 135198K, committed 135384K, reserved 1167360K
  class space    used 15813K, capacity 17556K, committed 17664K, reserved 1048576K
Event: 1198.401 GC heap after
Heap after GC invocations=67 (full 6):
 PSYoungGen      total 352768K, used 88911K [0x00000000e0000000, 0x0000000100000000, 0x0000000100000000)
  eden space 181248K, 0% used [0x00000000e0000000,0x00000000e0000000,0x00000000eb100000)
  from space 171520K, 51% used [0x00000000eb100000,0x00000000f07d3d20,0x00000000f5880000)
  to   space 169472K, 0% used [0x00000000f5a80000,0x00000000f5a80000,0x0000000100000000)
 ParOldGen       total 417280K, used 387234K [0x00000000a0000000, 0x00000000b9780000, 0x00000000e0000000)
  object space 417280K, 92% used [0x00000000a0000000,0x00000000b7a28898,0x00000000b9780000)
 Metaspace       used 125723K, capacity 135198K, committed 135384K, reserved 1167360K
  class space    used 15813K, capacity 17556K, committed 17664K, reserved 1048576K
}
Event: 1199.468 GC heap before
{Heap before GC invocations=68 (full 6):
 PSYoungGen      total 352768K, used 270159K [0x00000000e0000000, 0x0000000100000000, 0x0000000100000000)
  eden space 181248K, 100% used [0x00000000e0000000,0x00000000eb100000,0x00000000eb100000)
  from space 171520K, 51% used [0x00000000eb100000,0x00000000f07d3d20,0x00000000f5880000)
  to   space 169472K, 0% used [0x00000000f5a80000,0x00000000f5a80000,0x0000000100000000)
 ParOldGen       total 417280K, used 387234K [0x00000000a0000000, 0x00000000b9780000, 0x00000000e0000000)
  object space 417280K, 92% used [0x00000000a0000000,0x00000000b7a28898,0x00000000b9780000)
 Metaspace       used 126272K, capacity 135730K, committed 135896K, reserved 1167360K
  class space    used 15889K, capacity 17624K, committed 17664K, reserved 1048576K
Event: 1199.578 GC heap after
Heap after GC invocations=68 (full 6):
 PSYoungGen      total 348672K, used 13874K [0x00000000e0000000, 0x00000000ffc00000, 0x0000000100000000)
  eden space 183296K, 0% used [0x00000000e0000000,0x00000000e0000000,0x00000000eb300000)
  from space 165376K, 8% used [0x00000000f5a80000,0x00000000f680c9d0,0x00000000ffc00000)
  to   space 168448K, 0% used [0x00000000eb300000,0x00000000eb300000,0x00000000f5780000)
 ParOldGen       total 417280K, used 394736K [0x00000000a0000000, 0x00000000b9780000, 0x00000000e0000000)
  object space 417280K, 94% used [0x00000000a0000000,0x00000000b817c250,0x00000000b9780000)
 Metaspace       used 126272K, capacity 135730K, committed 135896K, reserved 1167360K
  class space    used 15889K, capacity 17624K, committed 17664K, reserved 1048576K
}
Event: 1199.578 GC heap before
{Heap before GC invocations=69 (full 7):
 PSYoungGen      total 348672K, used 13874K [0x00000000e0000000, 0x00000000ffc00000, 0x0000000100000000)
  eden space 183296K, 0% used [0x00000000e0000000,0x00000000e0000000,0x00000000eb300000)
  from space 165376K, 8% used [0x00000000f5a80000,0x00000000f680c9d0,0x00000000ffc00000)
  to   space 168448K, 0% used [0x00000000eb300000,0x00000000eb300000,0x00000000f5780000)
 ParOldGen       total 417280K, used 394736K [0x00000000a0000000, 0x00000000b9780000, 0x00000000e0000000)
  object space 417280K, 94% used [0x00000000a0000000,0x00000000b817c250,0x00000000b9780000)
 Metaspace       used 126272K, capacity 135730K, committed 135896K, reserved 1167360K
  class space    used 15889K, capacity 17624K, committed 17664K, reserved 1048576K
Event: 1200.617 GC heap after
Heap after GC invocations=69 (full 7):
 PSYoungGen      total 348672K, used 0K [0x00000000e0000000, 0x00000000ffc00000, 0x0000000100000000)
  eden space 183296K, 0% used [0x00000000e0000000,0x00000000e0000000,0x00000000eb300000)
  from space 165376K, 0% used [0x00000000f5a80000,0x00000000f5a80000,0x00000000ffc00000)
  to   space 168448K, 0% used [0x00000000eb300000,0x00000000eb300000,0x00000000f5780000)
 ParOldGen       total 300544K, used 148084K [0x00000000a0000000, 0x00000000b2580000, 0x00000000e0000000)
  object space 300544K, 49% used [0x00000000a0000000,0x00000000a909d070,0x00000000b2580000)
 Metaspace       used 126272K, capacity 135730K, committed 135896K, reserved 1167360K
  class space    used 15889K, capacity 17624K, committed 17664K, reserved 1048576K
}
Event: 1203.883 GC heap before
{Heap before GC invocations=70 (full 7):
 PSYoungGen      total 348672K, used 183296K [0x00000000e0000000, 0x00000000ffc00000, 0x0000000100000000)
  eden space 183296K, 100% used [0x00000000e0000000,0x00000000eb300000,0x00000000eb300000)
  from space 165376K, 0% used [0x00000000f5a80000,0x00000000f5a80000,0x00000000ffc00000)
  to   space 168448K, 0% used [0x00000000eb300000,0x00000000eb300000,0x00000000f5780000)
 ParOldGen       total 300544K, used 148084K [0x00000000a0000000, 0x00000000b2580000, 0x00000000e0000000)
  object space 300544K, 49% used [0x00000000a0000000,0x00000000a909d070,0x00000000b2580000)
 Metaspace       used 127282K, capacity 136728K, committed 136792K, reserved 1169408K
  class space    used 16040K, capacity 17785K, committed 17792K, reserved 1048576K

