# JRE version: OpenJDK Runtime Environment (8.0_242-b01) (build 1.8.0_242-release-1644-b01)
# Java VM: OpenJDK 64-Bit Server VM (25.242-b01 mixed mode windows-amd64 compressed oops)
Heap:
 PSYoungGen      total 434176K, used 415084K [0x00000000e0000000, 0x0000000100000000, 0x0000000100000000)
  eden space 357376K, 100% used [0x00000000e0000000,0x00000000f5d00000,0x00000000f5d00000)
  from space 76800K, 75% used [0x00000000fb380000,0x00000000febdb3a8,0x00000000ffe80000)
  to   space 83456K, 99% used [0x00000000f5d00000,0x00000000fae7a288,0x00000000fae80000)
 ParOldGen       total 516608K, used 342594K [0x00000000a0000000, 0x00000000bf880000, 0x00000000e0000000)
  object space 516608K, 66% used [0x00000000a0000000,0x00000000b4e90b48,0x00000000bf880000)
 Metaspace       used 178962K, capacity 194106K, committed 197464K, reserved 1220608K
  class space    used 22746K, capacity 25379K, committed 26496K, reserved 1048576K
GC Heap History (10 events):
Event: 6452.254 GC heap after
Heap after GC invocations=193 (full 13):
 PSYoungGen      total 406016K, used 0K [0x00000000e0000000, 0x0000000100000000, 0x0000000100000000)
  eden space 372736K, 0% used [0x00000000e0000000,0x00000000e0000000,0x00000000f6c00000)
  from space 33280K, 0% used [0x00000000fdf80000,0x00000000fdf80000,0x0000000100000000)
  to   space 75776K, 0% used [0x00000000f6c00000,0x00000000f6c00000,0x00000000fb600000)
 ParOldGen       total 516608K, used 272532K [0x00000000a0000000, 0x00000000bf880000, 0x00000000e0000000)
  object space 516608K, 52% used [0x00000000a0000000,0x00000000b0a25080,0x00000000bf880000)
 Metaspace       used 178613K, capacity 193538K, committed 197464K, reserved 1220608K
  class space    used 22705K, capacity 25305K, committed 26496K, reserved 1048576K
}
Event: 6456.845 GC heap before
{Heap before GC invocations=194 (full 13):
 PSYoungGen      total 406016K, used 372736K [0x00000000e0000000, 0x0000000100000000, 0x0000000100000000)
  eden space 372736K, 100% used [0x00000000e0000000,0x00000000f6c00000,0x00000000f6c00000)
  from space 33280K, 0% used [0x00000000fdf80000,0x00000000fdf80000,0x0000000100000000)
  to   space 75776K, 0% used [0x00000000f6c00000,0x00000000f6c00000,0x00000000fb600000)
 ParOldGen       total 516608K, used 272532K [0x00000000a0000000, 0x00000000bf880000, 0x00000000e0000000)
  object space 516608K, 52% used [0x00000000a0000000,0x00000000b0a25080,0x00000000bf880000)
 Metaspace       used 178622K, capacity 193538K, committed 197464K, reserved 1220608K
  class space    used 22705K, capacity 25305K, committed 26496K, reserved 1048576K
Event: 6456.899 GC heap after
Heap after GC invocations=194 (full 13):
 PSYoungGen      total 412160K, used 39380K [0x00000000e0000000, 0x0000000100000000, 0x0000000100000000)
  eden space 372736K, 0% used [0x00000000e0000000,0x00000000e0000000,0x00000000f6c00000)
  from space 39424K, 99% used [0x00000000f6c00000,0x00000000f9275068,0x00000000f9280000)
  to   space 76800K, 0% used [0x00000000fb500000,0x00000000fb500000,0x0000000100000000)
 ParOldGen       total 516608K, used 272540K [0x00000000a0000000, 0x00000000bf880000, 0x00000000e0000000)
  object space 516608K, 52% used [0x00000000a0000000,0x00000000b0a27080,0x00000000bf880000)
 Metaspace       used 178622K, capacity 193538K, committed 197464K, reserved 1220608K
  class space    used 22705K, capacity 25305K, committed 26496K, reserved 1048576K
}
Event: 6718.433 GC heap before
{Heap before GC invocations=195 (full 13):
 PSYoungGen      total 412160K, used 412116K [0x00000000e0000000, 0x0000000100000000, 0x0000000100000000)
  eden space 372736K, 100% used [0x00000000e0000000,0x00000000f6c00000,0x00000000f6c00000)
  from space 39424K, 99% used [0x00000000f6c00000,0x00000000f9275068,0x00000000f9280000)
  to   space 76800K, 0% used [0x00000000fb500000,0x00000000fb500000,0x0000000100000000)
 ParOldGen       total 516608K, used 272540K [0x00000000a0000000, 0x00000000bf880000, 0x00000000e0000000)
  object space 516608K, 52% used [0x00000000a0000000,0x00000000b0a27080,0x00000000bf880000)
 Metaspace       used 178880K, capacity 194030K, committed 197464K, reserved 1220608K
  class space    used 22744K, capacity 25377K, committed 26496K, reserved 1048576K
Event: 6719.002 GC heap after
Heap after GC invocations=195 (full 13):
 PSYoungGen      total 444416K, used 42815K [0x00000000e0000000, 0x0000000100000000, 0x0000000100000000)
  eden space 367616K, 0% used [0x00000000e0000000,0x00000000e0000000,0x00000000f6700000)
  from space 76800K, 55% used [0x00000000fb500000,0x00000000fdecfd88,0x0000000100000000)
  to   space 78336K, 0% used [0x00000000f6700000,0x00000000f6700000,0x00000000fb380000)
 ParOldGen       total 516608K, used 284395K [0x00000000a0000000, 0x00000000bf880000, 0x00000000e0000000)
  object space 516608K, 55% used [0x00000000a0000000,0x00000000b15bac38,0x00000000bf880000)
 Metaspace       used 178880K, capacity 194030K, committed 197464K, reserved 1220608K
  class space    used 22744K, capacity 25377K, committed 26496K, reserved 1048576K
}
Event: 6847.359 GC heap before
{Heap before GC invocations=196 (full 13):
 PSYoungGen      total 444416K, used 410431K [0x00000000e0000000, 0x0000000100000000, 0x0000000100000000)
  eden space 367616K, 100% used [0x00000000e0000000,0x00000000f6700000,0x00000000f6700000)
  from space 76800K, 55% used [0x00000000fb500000,0x00000000fdecfd88,0x0000000100000000)
  to   space 78336K, 0% used [0x00000000f6700000,0x00000000f6700000,0x00000000fb380000)
 ParOldGen       total 516608K, used 284395K [0x00000000a0000000, 0x00000000bf880000, 0x00000000e0000000)
  object space 516608K, 55% used [0x00000000a0000000,0x00000000b15bac38,0x00000000bf880000)
 Metaspace       used 178924K, capacity 194042K, committed 197464K, reserved 1220608K
  class space    used 22746K, capacity 25379K, committed 26496K, reserved 1048576K
Event: 6847.678 GC heap after
Heap after GC invocations=196 (full 13):
 PSYoungGen      total 445952K, used 36500K [0x00000000e0000000, 0x00000000ffe80000, 0x0000000100000000)
  eden space 367616K, 0% used [0x00000000e0000000,0x00000000e0000000,0x00000000f6700000)
  from space 78336K, 46% used [0x00000000f6700000,0x00000000f8aa5218,0x00000000fb380000)
  to   space 76800K, 0% used [0x00000000fb380000,0x00000000fb380000,0x00000000ffe80000)
 ParOldGen       total 516608K, used 285135K [0x00000000a0000000, 0x00000000bf880000, 0x00000000e0000000)
  object space 516608K, 55% used [0x00000000a0000000,0x00000000b1673d28,0x00000000bf880000)
 Metaspace       used 178924K, capacity 194042K, committed 197464K, reserved 1220608K
  class space    used 22746K, capacity 25379K, committed 26496K, reserved 1048576K
}
Event: 6850.229 GC heap before
{Heap before GC invocations=197 (full 13):
 PSYoungGen      total 445952K, used 404116K [0x00000000e0000000, 0x00000000ffe80000, 0x0000000100000000)
  eden space 367616K, 100% used [0x00000000e0000000,0x00000000f6700000,0x00000000f6700000)
  from space 78336K, 46% used [0x00000000f6700000,0x00000000f8aa5218,0x00000000fb380000)
  to   space 76800K, 0% used [0x00000000fb380000,0x00000000fb380000,0x00000000ffe80000)
 ParOldGen       total 516608K, used 285135K [0x00000000a0000000, 0x00000000bf880000, 0x00000000e0000000)
  object space 516608K, 55% used [0x00000000a0000000,0x00000000b1673d28,0x00000000bf880000)
 Metaspace       used 178960K, capacity 194106K, committed 197464K, reserved 1220608K
  class space    used 22746K, capacity 25379K, committed 26496K, reserved 1048576K
Event: 6850.755 GC heap after
Heap after GC invocations=197 (full 13):
 PSYoungGen      total 434176K, used 57708K [0x00000000e0000000, 0x0000000100000000, 0x0000000100000000)
  eden space 357376K, 0% used [0x00000000e0000000,0x00000000e0000000,0x00000000f5d00000)
  from space 76800K, 75% used [0x00000000fb380000,0x00000000febdb3a8,0x00000000ffe80000)
  to   space 83456K, 0% used [0x00000000f5d00000,0x00000000f5d00000,0x00000000fae80000)
 ParOldGen       total 516608K, used 313101K [0x00000000a0000000, 0x00000000bf880000, 0x00000000e0000000)
  object space 516608K, 60% used [0x00000000a0000000,0x00000000b31c3770,0x00000000bf880000)
 Metaspace       used 178960K, capacity 194106K, committed 197464K, reserved 1220608K
  class space    used 22746K, capacity 25379K, committed 26496K, reserved 1048576K
}
Event: 6852.856 GC heap before
{Heap before GC invocations=198 (full 13):
 PSYoungGen      total 434176K, used 415084K [0x00000000e0000000, 0x0000000100000000, 0x0000000100000000)
  eden space 357376K, 100% used [0x00000000e0000000,0x00000000f5d00000,0x00000000f5d00000)
  from space 76800K, 75% used [0x00000000fb380000,0x00000000febdb3a8,0x00000000ffe80000)
  to   space 83456K, 0% used [0x00000000f5d00000,0x00000000f5d00000,0x00000000fae80000)
 ParOldGen       total 516608K, used 313101K [0x00000000a0000000, 0x00000000bf880000, 0x00000000e0000000)
  object space 516608K, 60% used [0x00000000a0000000,0x00000000b31c3770,0x00000000bf880000)
 Metaspace       used 178962K, capacity 194106K, committed 197464K, reserved 1220608K
  class space    used 22746K, capacity 25379K, committed 26496K, reserved 1048576K

