# JRE version: OpenJDK Runtime Environment (8.0_242-b01) (build 1.8.0_242-release-1644-b01)
# Java VM: OpenJDK 64-Bit Server VM (25.242-b01 mixed mode windows-amd64 compressed oops)
Heap:
 PSYoungGen      total 136192K, used 81264K [0x00000000d6600000, 0x00000000e0700000, 0x0000000100000000)
  eden space 131072K, 61% used [0x00000000d6600000,0x00000000db55c268,0x00000000de600000)
  from space 5120K, 0% used [0x00000000de600000,0x00000000de600000,0x00000000deb00000)
  to   space 16384K, 0% used [0x00000000df700000,0x00000000df700000,0x00000000e0700000)
 ParOldGen       total 65536K, used 28751K [0x0000000083200000, 0x0000000087200000, 0x00000000d6600000)
  object space 65536K, 43% used [0x0000000083200000,0x0000000084e13e80,0x0000000087200000)
 Metaspace       used 43527K, capacity 44219K, committed 44592K, reserved 1087488K
  class space    used 5641K, capacity 5845K, committed 5936K, reserved 1048576K
GC Heap History (10 events):
Event: 2.453 GC heap before
{Heap before GC invocations=3 (full 0):
 PSYoungGen      total 70656K, used 23809K [0x00000000d6600000, 0x00000000db000000, 0x0000000100000000)
  eden space 65536K, 28% used [0x00000000d6600000,0x00000000d78409d8,0x00000000da600000)
  from space 5120K, 99% used [0x00000000dab00000,0x00000000dafffca8,0x00000000db000000)
  to   space 5120K, 0% used [0x00000000da600000,0x00000000da600000,0x00000000dab00000)
 ParOldGen       total 86016K, used 7736K [0x0000000083200000, 0x0000000088600000, 0x00000000d6600000)
  object space 86016K, 8% used [0x0000000083200000,0x000000008398e098,0x0000000088600000)
 Metaspace       used 20741K, capacity 21178K, committed 21296K, reserved 1069056K
  class space    used 2460K, capacity 2593K, committed 2608K, reserved 1048576K
Event: 2.467 GC heap after
Heap after GC invocations=3 (full 0):
 PSYoungGen      total 70656K, used 5103K [0x00000000d6600000, 0x00000000df000000, 0x0000000100000000)
  eden space 65536K, 0% used [0x00000000d6600000,0x00000000d6600000,0x00000000da600000)
  from space 5120K, 99% used [0x00000000da600000,0x00000000daafbc98,0x00000000dab00000)
  to   space 5120K, 0% used [0x00000000deb00000,0x00000000deb00000,0x00000000df000000)
 ParOldGen       total 86016K, used 11811K [0x0000000083200000, 0x0000000088600000, 0x00000000d6600000)
  object space 86016K, 13% used [0x0000000083200000,0x0000000083d88d60,0x0000000088600000)
 Metaspace       used 20741K, capacity 21178K, committed 21296K, reserved 1069056K
  class space    used 2460K, capacity 2593K, committed 2608K, reserved 1048576K
}
Event: 2.467 GC heap before
{Heap before GC invocations=4 (full 1):
 PSYoungGen      total 70656K, used 5103K [0x00000000d6600000, 0x00000000df000000, 0x0000000100000000)
  eden space 65536K, 0% used [0x00000000d6600000,0x00000000d6600000,0x00000000da600000)
  from space 5120K, 99% used [0x00000000da600000,0x00000000daafbc98,0x00000000dab00000)
  to   space 5120K, 0% used [0x00000000deb00000,0x00000000deb00000,0x00000000df000000)
 ParOldGen       total 86016K, used 11811K [0x0000000083200000, 0x0000000088600000, 0x00000000d6600000)
  object space 86016K, 13% used [0x0000000083200000,0x0000000083d88d60,0x0000000088600000)
 Metaspace       used 20741K, capacity 21178K, committed 21296K, reserved 1069056K
  class space    used 2460K, capacity 2593K, committed 2608K, reserved 1048576K
Event: 2.529 GC heap after
Heap after GC invocations=4 (full 1):
 PSYoungGen      total 70656K, used 0K [0x00000000d6600000, 0x00000000df000000, 0x0000000100000000)
  eden space 65536K, 0% used [0x00000000d6600000,0x00000000d6600000,0x00000000da600000)
  from space 5120K, 0% used [0x00000000da600000,0x00000000da600000,0x00000000dab00000)
  to   space 5120K, 0% used [0x00000000deb00000,0x00000000deb00000,0x00000000df000000)
 ParOldGen       total 65536K, used 9023K [0x0000000083200000, 0x0000000087200000, 0x00000000d6600000)
  object space 65536K, 13% used [0x0000000083200000,0x0000000083acfee8,0x0000000087200000)
 Metaspace       used 20741K, capacity 21178K, committed 21296K, reserved 1069056K
  class space    used 2460K, capacity 2593K, committed 2608K, reserved 1048576K
}
Event: 4.209 GC heap before
{Heap before GC invocations=5 (full 1):
 PSYoungGen      total 70656K, used 65536K [0x00000000d6600000, 0x00000000df000000, 0x0000000100000000)
  eden space 65536K, 100% used [0x00000000d6600000,0x00000000da600000,0x00000000da600000)
  from space 5120K, 0% used [0x00000000da600000,0x00000000da600000,0x00000000dab00000)
  to   space 5120K, 0% used [0x00000000deb00000,0x00000000deb00000,0x00000000df000000)
 ParOldGen       total 65536K, used 9023K [0x0000000083200000, 0x0000000087200000, 0x00000000d6600000)
  object space 65536K, 13% used [0x0000000083200000,0x0000000083acfee8,0x0000000087200000)
 Metaspace       used 28343K, capacity 28851K, committed 28976K, reserved 1075200K
  class space    used 3452K, capacity 3600K, committed 3632K, reserved 1048576K
Event: 4.228 GC heap after
Heap after GC invocations=5 (full 1):
 PSYoungGen      total 97792K, used 5090K [0x00000000d6600000, 0x00000000df000000, 0x0000000100000000)
  eden space 92672K, 0% used [0x00000000d6600000,0x00000000d6600000,0x00000000dc080000)
  from space 5120K, 99% used [0x00000000deb00000,0x00000000deff8918,0x00000000df000000)
  to   space 5120K, 0% used [0x00000000de600000,0x00000000de600000,0x00000000deb00000)
 ParOldGen       total 65536K, used 19238K [0x0000000083200000, 0x0000000087200000, 0x00000000d6600000)
  object space 65536K, 29% used [0x0000000083200000,0x00000000844c9ba8,0x0000000087200000)
 Metaspace       used 28343K, capacity 28851K, committed 28976K, reserved 1075200K
  class space    used 3452K, capacity 3600K, committed 3632K, reserved 1048576K
}
Event: 5.172 GC heap before
{Heap before GC invocations=6 (full 1):
 PSYoungGen      total 97792K, used 38627K [0x00000000d6600000, 0x00000000df000000, 0x0000000100000000)
  eden space 92672K, 36% used [0x00000000d6600000,0x00000000d86c0350,0x00000000dc080000)
  from space 5120K, 99% used [0x00000000deb00000,0x00000000deff8918,0x00000000df000000)
  to   space 5120K, 0% used [0x00000000de600000,0x00000000de600000,0x00000000deb00000)
 ParOldGen       total 65536K, used 19238K [0x0000000083200000, 0x0000000087200000, 0x00000000d6600000)
  object space 65536K, 29% used [0x0000000083200000,0x00000000844c9ba8,0x0000000087200000)
 Metaspace       used 34729K, capacity 35239K, committed 35496K, reserved 1081344K
  class space    used 4425K, capacity 4557K, committed 4656K, reserved 1048576K
Event: 5.191 GC heap after
Heap after GC invocations=6 (full 1):
 PSYoungGen      total 136192K, used 5099K [0x00000000d6600000, 0x00000000e0700000, 0x0000000100000000)
  eden space 131072K, 0% used [0x00000000d6600000,0x00000000d6600000,0x00000000de600000)
  from space 5120K, 99% used [0x00000000de600000,0x00000000deafadd8,0x00000000deb00000)
  to   space 16384K, 0% used [0x00000000df700000,0x00000000df700000,0x00000000e0700000)
 ParOldGen       total 65536K, used 27662K [0x0000000083200000, 0x0000000087200000, 0x00000000d6600000)
  object space 65536K, 42% used [0x0000000083200000,0x0000000084d03b70,0x0000000087200000)
 Metaspace       used 34729K, capacity 35239K, committed 35496K, reserved 1081344K
  class space    used 4425K, capacity 4557K, committed 4656K, reserved 1048576K
}
Event: 5.192 GC heap before
{Heap before GC invocations=7 (full 2):
 PSYoungGen      total 136192K, used 5099K [0x00000000d6600000, 0x00000000e0700000, 0x0000000100000000)
  eden space 131072K, 0% used [0x00000000d6600000,0x00000000d6600000,0x00000000de600000)
  from space 5120K, 99% used [0x00000000de600000,0x00000000deafadd8,0x00000000deb00000)
  to   space 16384K, 0% used [0x00000000df700000,0x00000000df700000,0x00000000e0700000)
 ParOldGen       total 65536K, used 27662K [0x0000000083200000, 0x0000000087200000, 0x00000000d6600000)
  object space 65536K, 42% used [0x0000000083200000,0x0000000084d03b70,0x0000000087200000)
 Metaspace       used 34729K, capacity 35239K, committed 35496K, reserved 1081344K
  class space    used 4425K, capacity 4557K, committed 4656K, reserved 1048576K
Event: 5.343 GC heap after
Heap after GC invocations=7 (full 2):
 PSYoungGen      total 136192K, used 0K [0x00000000d6600000, 0x00000000e0700000, 0x0000000100000000)
  eden space 131072K, 0% used [0x00000000d6600000,0x00000000d6600000,0x00000000de600000)
  from space 5120K, 0% used [0x00000000de600000,0x00000000de600000,0x00000000deb00000)
  to   space 16384K, 0% used [0x00000000df700000,0x00000000df700000,0x00000000e0700000)
 ParOldGen       total 65536K, used 28751K [0x0000000083200000, 0x0000000087200000, 0x00000000d6600000)
  object space 65536K, 43% used [0x0000000083200000,0x0000000084e13e80,0x0000000087200000)
 Metaspace       used 34729K, capacity 35239K, committed 35496K, reserved 1081344K
  class space    used 4425K, capacity 4557K, committed 4656K, reserved 1048576K
}

