# JRE version: OpenJDK Runtime Environment (8.0_242-b01) (build 1.8.0_242-release-1644-b01)
# Java VM: OpenJDK 64-Bit Server VM (25.242-b01 mixed mode windows-amd64 compressed oops)
Heap:
 PSYoungGen      total 432640K, used 311905K [0x00000000e0000000, 0x0000000100000000, 0x0000000100000000)
  eden space 414720K, 75% used [0x00000000e0000000,0x00000000f3098428,0x00000000f9500000)
  from space 17920K, 0% used [0x00000000f9500000,0x00000000f9500000,0x00000000fa680000)
  to   space 26624K, 0% used [0x00000000fe600000,0x00000000fe600000,0x0000000100000000)
 ParOldGen       total 130560K, used 44916K [0x00000000a0000000, 0x00000000a7f80000, 0x00000000e0000000)
  object space 130560K, 34% used [0x00000000a0000000,0x00000000a2bdd370,0x00000000a7f80000)
 Metaspace       used 72431K, capacity 75954K, committed 76200K, reserved 1114112K
  class space    used 9797K, capacity 10643K, committed 10664K, reserved 1048576K
GC Heap History (10 events):
Event: 8.011 GC heap before
{Heap before GC invocations=8 (full 1):
 PSYoungGen      total 245760K, used 46247K [0x00000000e0000000, 0x00000000f1900000, 0x0000000100000000)
  eden space 232960K, 14% used [0x00000000e0000000,0x00000000e20abfe8,0x00000000ee380000)
  from space 12800K, 99% used [0x00000000f0c80000,0x00000000f18fddd8,0x00000000f1900000)
  to   space 16384K, 0% used [0x00000000ef900000,0x00000000ef900000,0x00000000f0900000)
 ParOldGen       total 54272K, used 9832K [0x00000000a0000000, 0x00000000a3500000, 0x00000000e0000000)
  object space 54272K, 18% used [0x00000000a0000000,0x00000000a099a200,0x00000000a3500000)
 Metaspace       used 34285K, capacity 35390K, committed 35496K, reserved 1079296K
  class space    used 4709K, capacity 4970K, committed 5032K, reserved 1048576K
Event: 8.045 GC heap after
Heap after GC invocations=8 (full 1):
 PSYoungGen      total 271360K, used 8962K [0x00000000e0000000, 0x00000000fb880000, 0x0000000100000000)
  eden space 254976K, 0% used [0x00000000e0000000,0x00000000e0000000,0x00000000ef900000)
  from space 16384K, 54% used [0x00000000ef900000,0x00000000f01c0a78,0x00000000f0900000)
  to   space 15872K, 0% used [0x00000000fa900000,0x00000000fa900000,0x00000000fb880000)
 ParOldGen       total 54272K, used 9840K [0x00000000a0000000, 0x00000000a3500000, 0x00000000e0000000)
  object space 54272K, 18% used [0x00000000a0000000,0x00000000a099c200,0x00000000a3500000)
 Metaspace       used 34285K, capacity 35390K, committed 35496K, reserved 1079296K
  class space    used 4709K, capacity 4970K, committed 5032K, reserved 1048576K
}
Event: 8.045 GC heap before
{Heap before GC invocations=9 (full 2):
 PSYoungGen      total 271360K, used 8962K [0x00000000e0000000, 0x00000000fb880000, 0x0000000100000000)
  eden space 254976K, 0% used [0x00000000e0000000,0x00000000e0000000,0x00000000ef900000)
  from space 16384K, 54% used [0x00000000ef900000,0x00000000f01c0a78,0x00000000f0900000)
  to   space 15872K, 0% used [0x00000000fa900000,0x00000000fa900000,0x00000000fb880000)
 ParOldGen       total 54272K, used 9840K [0x00000000a0000000, 0x00000000a3500000, 0x00000000e0000000)
  object space 54272K, 18% used [0x00000000a0000000,0x00000000a099c200,0x00000000a3500000)
 Metaspace       used 34285K, capacity 35390K, committed 35496K, reserved 1079296K
  class space    used 4709K, capacity 4970K, committed 5032K, reserved 1048576K
Event: 8.214 GC heap after
Heap after GC invocations=9 (full 2):
 PSYoungGen      total 271360K, used 0K [0x00000000e0000000, 0x00000000fb880000, 0x0000000100000000)
  eden space 254976K, 0% used [0x00000000e0000000,0x00000000e0000000,0x00000000ef900000)
  from space 16384K, 0% used [0x00000000ef900000,0x00000000ef900000,0x00000000f0900000)
  to   space 15872K, 0% used [0x00000000fa900000,0x00000000fa900000,0x00000000fb880000)
 ParOldGen       total 77824K, used 15436K [0x00000000a0000000, 0x00000000a4c00000, 0x00000000e0000000)
  object space 77824K, 19% used [0x00000000a0000000,0x00000000a0f13240,0x00000000a4c00000)
 Metaspace       used 34285K, capacity 35390K, committed 35496K, reserved 1079296K
  class space    used 4709K, capacity 4970K, committed 5032K, reserved 1048576K
}
Event: 13.001 GC heap before
{Heap before GC invocations=10 (full 2):
 PSYoungGen      total 271360K, used 254976K [0x00000000e0000000, 0x00000000fb880000, 0x0000000100000000)
  eden space 254976K, 100% used [0x00000000e0000000,0x00000000ef900000,0x00000000ef900000)
  from space 16384K, 0% used [0x00000000ef900000,0x00000000ef900000,0x00000000f0900000)
  to   space 15872K, 0% used [0x00000000fa900000,0x00000000fa900000,0x00000000fb880000)
 ParOldGen       total 77824K, used 15436K [0x00000000a0000000, 0x00000000a4c00000, 0x00000000e0000000)
  object space 77824K, 19% used [0x00000000a0000000,0x00000000a0f13240,0x00000000a4c00000)
 Metaspace       used 42513K, capacity 44130K, committed 44328K, reserved 1087488K
  class space    used 5740K, capacity 6086K, committed 6184K, reserved 1048576K
Event: 13.030 GC heap after
Heap after GC invocations=10 (full 2):
 PSYoungGen      total 401408K, used 15174K [0x00000000e0000000, 0x00000000fb800000, 0x0000000100000000)
  eden space 386048K, 0% used [0x00000000e0000000,0x00000000e0000000,0x00000000f7900000)
  from space 15360K, 98% used [0x00000000fa900000,0x00000000fb7d1ac8,0x00000000fb800000)
  to   space 17920K, 0% used [0x00000000f9500000,0x00000000f9500000,0x00000000fa680000)
 ParOldGen       total 77824K, used 15444K [0x00000000a0000000, 0x00000000a4c00000, 0x00000000e0000000)
  object space 77824K, 19% used [0x00000000a0000000,0x00000000a0f15240,0x00000000a4c00000)
 Metaspace       used 42513K, capacity 44130K, committed 44328K, reserved 1087488K
  class space    used 5740K, capacity 6086K, committed 6184K, reserved 1048576K
}
Event: 16.596 GC heap before
{Heap before GC invocations=11 (full 2):
 PSYoungGen      total 401408K, used 213024K [0x00000000e0000000, 0x00000000fb800000, 0x0000000100000000)
  eden space 386048K, 51% used [0x00000000e0000000,0x00000000ec136680,0x00000000f7900000)
  from space 15360K, 98% used [0x00000000fa900000,0x00000000fb7d1ac8,0x00000000fb800000)
  to   space 17920K, 0% used [0x00000000f9500000,0x00000000f9500000,0x00000000fa680000)
 ParOldGen       total 77824K, used 15444K [0x00000000a0000000, 0x00000000a4c00000, 0x00000000e0000000)
  object space 77824K, 19% used [0x00000000a0000000,0x00000000a0f15240,0x00000000a4c00000)
 Metaspace       used 56960K, capacity 59058K, committed 59160K, reserved 1099776K
  class space    used 7569K, capacity 8047K, committed 8104K, reserved 1048576K
Event: 16.675 GC heap after
Heap after GC invocations=11 (full 2):
 PSYoungGen      total 432640K, used 17916K [0x00000000e0000000, 0x0000000100000000, 0x0000000100000000)
  eden space 414720K, 0% used [0x00000000e0000000,0x00000000e0000000,0x00000000f9500000)
  from space 17920K, 99% used [0x00000000f9500000,0x00000000fa67f340,0x00000000fa680000)
  to   space 26624K, 0% used [0x00000000fe600000,0x00000000fe600000,0x0000000100000000)
 ParOldGen       total 77824K, used 30158K [0x00000000a0000000, 0x00000000a4c00000, 0x00000000e0000000)
  object space 77824K, 38% used [0x00000000a0000000,0x00000000a1d73980,0x00000000a4c00000)
 Metaspace       used 56960K, capacity 59058K, committed 59160K, reserved 1099776K
  class space    used 7569K, capacity 8047K, committed 8104K, reserved 1048576K
}
Event: 16.675 GC heap before
{Heap before GC invocations=12 (full 3):
 PSYoungGen      total 432640K, used 17916K [0x00000000e0000000, 0x0000000100000000, 0x0000000100000000)
  eden space 414720K, 0% used [0x00000000e0000000,0x00000000e0000000,0x00000000f9500000)
  from space 17920K, 99% used [0x00000000f9500000,0x00000000fa67f340,0x00000000fa680000)
  to   space 26624K, 0% used [0x00000000fe600000,0x00000000fe600000,0x0000000100000000)
 ParOldGen       total 77824K, used 30158K [0x00000000a0000000, 0x00000000a4c00000, 0x00000000e0000000)
  object space 77824K, 38% used [0x00000000a0000000,0x00000000a1d73980,0x00000000a4c00000)
 Metaspace       used 56960K, capacity 59058K, committed 59160K, reserved 1099776K
  class space    used 7569K, capacity 8047K, committed 8104K, reserved 1048576K
Event: 17.074 GC heap after
Heap after GC invocations=12 (full 3):
 PSYoungGen      total 432640K, used 0K [0x00000000e0000000, 0x0000000100000000, 0x0000000100000000)
  eden space 414720K, 0% used [0x00000000e0000000,0x00000000e0000000,0x00000000f9500000)
  from space 17920K, 0% used [0x00000000f9500000,0x00000000f9500000,0x00000000fa680000)
  to   space 26624K, 0% used [0x00000000fe600000,0x00000000fe600000,0x0000000100000000)
 ParOldGen       total 130560K, used 44916K [0x00000000a0000000, 0x00000000a7f80000, 0x00000000e0000000)
  object space 130560K, 34% used [0x00000000a0000000,0x00000000a2bdd370,0x00000000a7f80000)
 Metaspace       used 56947K, capacity 59016K, committed 59160K, reserved 1099776K
  class space    used 7565K, capacity 8040K, committed 8104K, reserved 1048576K
}

