# JRE version: OpenJDK Runtime Environment (8.0_242-b01) (build 1.8.0_242-release-1644-b01)
# Java VM: OpenJDK 64-Bit Server VM (25.242-b01 mixed mode windows-amd64 compressed oops)
Heap:
 PSYoungGen      total 404480K, used 371841K [0x00000000e0000000, 0x0000000100000000, 0x0000000100000000)
  eden space 307712K, 100% used [0x00000000e0000000,0x00000000f2c80000,0x00000000f2c80000)
  from space 96768K, 66% used [0x00000000f2c80000,0x00000000f6b20628,0x00000000f8b00000)
  to   space 101376K, 60% used [0x00000000f9d00000,0x00000000fd9269c8,0x0000000100000000)
 ParOldGen       total 477184K, used 314309K [0x00000000a0000000, 0x00000000bd200000, 0x00000000e0000000)
  object space 477184K, 65% used [0x00000000a0000000,0x00000000b32f1508,0x00000000bd200000)
 Metaspace       used 140479K, capacity 155038K, committed 155352K, reserved 1183744K
  class space    used 17873K, capacity 20458K, committed 20480K, reserved 1048576K
GC Heap History (10 events):
Event: 14495.700 GC heap after
Heap after GC invocations=190 (full 12):
 PSYoungGen      total 415232K, used 21666K [0x00000000e0000000, 0x0000000100000000, 0x0000000100000000)
  eden space 301056K, 0% used [0x00000000e0000000,0x00000000e0000000,0x00000000f2600000)
  from space 114176K, 18% used [0x00000000f9080000,0x00000000fa5a8878,0x0000000100000000)
  to   space 109056K, 0% used [0x00000000f2600000,0x00000000f2600000,0x00000000f9080000)
 ParOldGen       total 439296K, used 391457K [0x00000000a0000000, 0x00000000bad00000, 0x00000000e0000000)
  object space 439296K, 89% used [0x00000000a0000000,0x00000000b7e48428,0x00000000bad00000)
 Metaspace       used 140262K, capacity 154774K, committed 155096K, reserved 1183744K
  class space    used 17858K, capacity 20416K, committed 20480K, reserved 1048576K
}
Event: 14495.701 GC heap before
{Heap before GC invocations=191 (full 13):
 PSYoungGen      total 415232K, used 21666K [0x00000000e0000000, 0x0000000100000000, 0x0000000100000000)
  eden space 301056K, 0% used [0x00000000e0000000,0x00000000e0000000,0x00000000f2600000)
  from space 114176K, 18% used [0x00000000f9080000,0x00000000fa5a8878,0x0000000100000000)
  to   space 109056K, 0% used [0x00000000f2600000,0x00000000f2600000,0x00000000f9080000)
 ParOldGen       total 439296K, used 391457K [0x00000000a0000000, 0x00000000bad00000, 0x00000000e0000000)
  object space 439296K, 89% used [0x00000000a0000000,0x00000000b7e48428,0x00000000bad00000)
 Metaspace       used 140262K, capacity 154774K, committed 155096K, reserved 1183744K
  class space    used 17858K, capacity 20416K, committed 20480K, reserved 1048576K
Event: 14497.928 GC heap after
Heap after GC invocations=191 (full 13):
 PSYoungGen      total 415232K, used 0K [0x00000000e0000000, 0x0000000100000000, 0x0000000100000000)
  eden space 301056K, 0% used [0x00000000e0000000,0x00000000e0000000,0x00000000f2600000)
  from space 114176K, 0% used [0x00000000f9080000,0x00000000f9080000,0x0000000100000000)
  to   space 109056K, 0% used [0x00000000f2600000,0x00000000f2600000,0x00000000f9080000)
 ParOldGen       total 477184K, used 248149K [0x00000000a0000000, 0x00000000bd200000, 0x00000000e0000000)
  object space 477184K, 52% used [0x00000000a0000000,0x00000000af2556f0,0x00000000bd200000)
 Metaspace       used 140262K, capacity 154774K, committed 155096K, reserved 1183744K
  class space    used 17858K, capacity 20416K, committed 20480K, reserved 1048576K
}
Event: 14514.461 GC heap before
{Heap before GC invocations=192 (full 13):
 PSYoungGen      total 415232K, used 301056K [0x00000000e0000000, 0x0000000100000000, 0x0000000100000000)
  eden space 301056K, 100% used [0x00000000e0000000,0x00000000f2600000,0x00000000f2600000)
  from space 114176K, 0% used [0x00000000f9080000,0x00000000f9080000,0x0000000100000000)
  to   space 109056K, 0% used [0x00000000f2600000,0x00000000f2600000,0x00000000f9080000)
 ParOldGen       total 477184K, used 248149K [0x00000000a0000000, 0x00000000bd200000, 0x00000000e0000000)
  object space 477184K, 52% used [0x00000000a0000000,0x00000000af2556f0,0x00000000bd200000)
 Metaspace       used 140279K, capacity 154838K, committed 155096K, reserved 1183744K
  class space    used 17858K, capacity 20416K, committed 20480K, reserved 1048576K
Event: 14514.496 GC heap after
Heap after GC invocations=192 (full 13):
 PSYoungGen      total 327680K, used 26460K [0x00000000e0000000, 0x00000000ff000000, 0x0000000100000000)
  eden space 301056K, 0% used [0x00000000e0000000,0x00000000e0000000,0x00000000f2600000)
  from space 26624K, 99% used [0x00000000f2600000,0x00000000f3fd72c0,0x00000000f4000000)
  to   space 103424K, 0% used [0x00000000f8b00000,0x00000000f8b00000,0x00000000ff000000)
 ParOldGen       total 477184K, used 248157K [0x00000000a0000000, 0x00000000bd200000, 0x00000000e0000000)
  object space 477184K, 52% used [0x00000000a0000000,0x00000000af2576f0,0x00000000bd200000)
 Metaspace       used 140279K, capacity 154838K, committed 155096K, reserved 1183744K
  class space    used 17858K, capacity 20416K, committed 20480K, reserved 1048576K
}
Event: 14522.130 GC heap before
{Heap before GC invocations=193 (full 13):
 PSYoungGen      total 327680K, used 327516K [0x00000000e0000000, 0x00000000ff000000, 0x0000000100000000)
  eden space 301056K, 100% used [0x00000000e0000000,0x00000000f2600000,0x00000000f2600000)
  from space 26624K, 99% used [0x00000000f2600000,0x00000000f3fd72c0,0x00000000f4000000)
  to   space 103424K, 0% used [0x00000000f8b00000,0x00000000f8b00000,0x00000000ff000000)
 ParOldGen       total 477184K, used 248157K [0x00000000a0000000, 0x00000000bd200000, 0x00000000e0000000)
  object space 477184K, 52% used [0x00000000a0000000,0x00000000af2576f0,0x00000000bd200000)
 Metaspace       used 140413K, capacity 154958K, committed 155096K, reserved 1183744K
  class space    used 17872K, capacity 20456K, committed 20480K, reserved 1048576K
Event: 14522.245 GC heap after
Heap after GC invocations=193 (full 13):
 PSYoungGen      total 411136K, used 35829K [0x00000000e0000000, 0x0000000100000000, 0x0000000100000000)
  eden space 307712K, 0% used [0x00000000e0000000,0x00000000e0000000,0x00000000f2c80000)
  from space 103424K, 34% used [0x00000000f8b00000,0x00000000fadfd5c0,0x00000000ff000000)
  to   space 96768K, 0% used [0x00000000f2c80000,0x00000000f2c80000,0x00000000f8b00000)
 ParOldGen       total 477184K, used 256724K [0x00000000a0000000, 0x00000000bd200000, 0x00000000e0000000)
  object space 477184K, 53% used [0x00000000a0000000,0x00000000afab5010,0x00000000bd200000)
 Metaspace       used 140413K, capacity 154958K, committed 155096K, reserved 1183744K
  class space    used 17872K, capacity 20456K, committed 20480K, reserved 1048576K
}
Event: 14530.807 GC heap before
{Heap before GC invocations=194 (full 13):
 PSYoungGen      total 411136K, used 343541K [0x00000000e0000000, 0x0000000100000000, 0x0000000100000000)
  eden space 307712K, 100% used [0x00000000e0000000,0x00000000f2c80000,0x00000000f2c80000)
  from space 103424K, 34% used [0x00000000f8b00000,0x00000000fadfd5c0,0x00000000ff000000)
  to   space 96768K, 0% used [0x00000000f2c80000,0x00000000f2c80000,0x00000000f8b00000)
 ParOldGen       total 477184K, used 256724K [0x00000000a0000000, 0x00000000bd200000, 0x00000000e0000000)
  object space 477184K, 53% used [0x00000000a0000000,0x00000000afab5010,0x00000000bd200000)
 Metaspace       used 140426K, capacity 154970K, committed 155096K, reserved 1183744K
  class space    used 17873K, capacity 20458K, committed 20480K, reserved 1048576K
Event: 14530.996 GC heap after
Heap after GC invocations=194 (full 13):
 PSYoungGen      total 404480K, used 64129K [0x00000000e0000000, 0x0000000100000000, 0x0000000100000000)
  eden space 307712K, 0% used [0x00000000e0000000,0x00000000e0000000,0x00000000f2c80000)
  from space 96768K, 66% used [0x00000000f2c80000,0x00000000f6b20628,0x00000000f8b00000)
  to   space 101376K, 0% used [0x00000000f9d00000,0x00000000f9d00000,0x0000000100000000)
 ParOldGen       total 477184K, used 283360K [0x00000000a0000000, 0x00000000bd200000, 0x00000000e0000000)
  object space 477184K, 59% used [0x00000000a0000000,0x00000000b14b81c8,0x00000000bd200000)
 Metaspace       used 140426K, capacity 154970K, committed 155096K, reserved 1183744K
  class space    used 17873K, capacity 20458K, committed 20480K, reserved 1048576K
}
Event: 14533.431 GC heap before
{Heap before GC invocations=195 (full 13):
 PSYoungGen      total 404480K, used 371841K [0x00000000e0000000, 0x0000000100000000, 0x0000000100000000)
  eden space 307712K, 100% used [0x00000000e0000000,0x00000000f2c80000,0x00000000f2c80000)
  from space 96768K, 66% used [0x00000000f2c80000,0x00000000f6b20628,0x00000000f8b00000)
  to   space 101376K, 0% used [0x00000000f9d00000,0x00000000f9d00000,0x0000000100000000)
 ParOldGen       total 477184K, used 283360K [0x00000000a0000000, 0x00000000bd200000, 0x00000000e0000000)
  object space 477184K, 59% used [0x00000000a0000000,0x00000000b14b81c8,0x00000000bd200000)
 Metaspace       used 140479K, capacity 155038K, committed 155352K, reserved 1183744K
  class space    used 17873K, capacity 20458K, committed 20480K, reserved 1048576K

