# JRE version: OpenJDK Runtime Environment (8.0_242-b01) (build 1.8.0_242-release-1644-b01)
# Java VM: OpenJDK 64-Bit Server VM (25.242-b01 mixed mode windows-amd64 compressed oops)
Heap:
 PSYoungGen      total 418816K, used 21462K [0x00000000e0000000, 0x0000000100000000, 0x0000000100000000)
  eden space 313344K, 0% used [0x00000000e0000000,0x00000000e0000000,0x00000000f3200000)
  from space 105472K, 20% used [0x00000000f3200000,0x00000000f46f5b90,0x00000000f9900000)
  to   space 101376K, 0% used [0x00000000f9d00000,0x00000000f9d00000,0x0000000100000000)
 ParOldGen       total 339456K, used 288228K [0x00000000a0000000, 0x00000000b4b80000, 0x00000000e0000000)
  object space 339456K, 84% used [0x00000000a0000000,0x00000000b19790b8,0x00000000b4b80000)
 Metaspace       used 93412K, capacity 99124K, committed 99288K, reserved 1134592K
  class space    used 12571K, capacity 13755K, committed 13824K, reserved 1048576K
GC Heap History (10 events):
Event: 136.871 GC heap after
Heap after GC invocations=20 (full 4):
 PSYoungGen      total 430592K, used 39220K [0x00000000e0000000, 0x00000000fdb00000, 0x0000000100000000)
  eden space 390144K, 0% used [0x00000000e0000000,0x00000000e0000000,0x00000000f7d00000)
  from space 40448K, 96% used [0x00000000fb380000,0x00000000fd9cd088,0x00000000fdb00000)
  to   space 48128K, 0% used [0x00000000f7d00000,0x00000000f7d00000,0x00000000fac00000)
 ParOldGen       total 199168K, used 99712K [0x00000000a0000000, 0x00000000ac280000, 0x00000000e0000000)
  object space 199168K, 50% used [0x00000000a0000000,0x00000000a6160108,0x00000000ac280000)
 Metaspace       used 87882K, capacity 92894K, committed 93144K, reserved 1130496K
  class space    used 11874K, capacity 12950K, committed 13056K, reserved 1048576K
}
Event: 141.569 GC heap before
{Heap before GC invocations=21 (full 4):
 PSYoungGen      total 430592K, used 429364K [0x00000000e0000000, 0x00000000fdb00000, 0x0000000100000000)
  eden space 390144K, 100% used [0x00000000e0000000,0x00000000f7d00000,0x00000000f7d00000)
  from space 40448K, 96% used [0x00000000fb380000,0x00000000fd9cd088,0x00000000fdb00000)
  to   space 48128K, 0% used [0x00000000f7d00000,0x00000000f7d00000,0x00000000fac00000)
 ParOldGen       total 199168K, used 99712K [0x00000000a0000000, 0x00000000ac280000, 0x00000000e0000000)
  object space 199168K, 50% used [0x00000000a0000000,0x00000000a6160108,0x00000000ac280000)
 Metaspace       used 90954K, capacity 96266K, committed 96344K, reserved 1132544K
  class space    used 12283K, capacity 13432K, committed 13440K, reserved 1048576K
Event: 141.962 GC heap after
Heap after GC invocations=21 (full 4):
 PSYoungGen      total 438272K, used 48127K [0x00000000e0000000, 0x0000000100000000, 0x0000000100000000)
  eden space 390144K, 0% used [0x00000000e0000000,0x00000000e0000000,0x00000000f7d00000)
  from space 48128K, 99% used [0x00000000f7d00000,0x00000000fabffe20,0x00000000fac00000)
  to   space 86016K, 0% used [0x00000000fac00000,0x00000000fac00000,0x0000000100000000)
 ParOldGen       total 199168K, used 182559K [0x00000000a0000000, 0x00000000ac280000, 0x00000000e0000000)
  object space 199168K, 91% used [0x00000000a0000000,0x00000000ab247ea0,0x00000000ac280000)
 Metaspace       used 90954K, capacity 96266K, committed 96344K, reserved 1132544K
  class space    used 12283K, capacity 13432K, committed 13440K, reserved 1048576K
}
Event: 141.962 GC heap before
{Heap before GC invocations=22 (full 5):
 PSYoungGen      total 438272K, used 48127K [0x00000000e0000000, 0x0000000100000000, 0x0000000100000000)
  eden space 390144K, 0% used [0x00000000e0000000,0x00000000e0000000,0x00000000f7d00000)
  from space 48128K, 99% used [0x00000000f7d00000,0x00000000fabffe20,0x00000000fac00000)
  to   space 86016K, 0% used [0x00000000fac00000,0x00000000fac00000,0x0000000100000000)
 ParOldGen       total 199168K, used 182559K [0x00000000a0000000, 0x00000000ac280000, 0x00000000e0000000)
  object space 199168K, 91% used [0x00000000a0000000,0x00000000ab247ea0,0x00000000ac280000)
 Metaspace       used 90954K, capacity 96266K, committed 96344K, reserved 1132544K
  class space    used 12283K, capacity 13432K, committed 13440K, reserved 1048576K
Event: 144.529 GC heap after
Heap after GC invocations=22 (full 5):
 PSYoungGen      total 438272K, used 19036K [0x00000000e0000000, 0x0000000100000000, 0x0000000100000000)
  eden space 390144K, 0% used [0x00000000e0000000,0x00000000e0000000,0x00000000f7d00000)
  from space 48128K, 39% used [0x00000000f7d00000,0x00000000f8f97098,0x00000000fac00000)
  to   space 86016K, 0% used [0x00000000fac00000,0x00000000fac00000,0x0000000100000000)
 ParOldGen       total 339456K, used 198853K [0x00000000a0000000, 0x00000000b4b80000, 0x00000000e0000000)
  object space 339456K, 58% used [0x00000000a0000000,0x00000000ac2315f8,0x00000000b4b80000)
 Metaspace       used 90933K, capacity 96212K, committed 96344K, reserved 1132544K
  class space    used 12275K, capacity 13419K, committed 13440K, reserved 1048576K
}
Event: 152.260 GC heap before
{Heap before GC invocations=23 (full 5):
 PSYoungGen      total 438272K, used 409180K [0x00000000e0000000, 0x0000000100000000, 0x0000000100000000)
  eden space 390144K, 100% used [0x00000000e0000000,0x00000000f7d00000,0x00000000f7d00000)
  from space 48128K, 39% used [0x00000000f7d00000,0x00000000f8f97098,0x00000000fac00000)
  to   space 86016K, 0% used [0x00000000fac00000,0x00000000fac00000,0x0000000100000000)
 ParOldGen       total 339456K, used 198853K [0x00000000a0000000, 0x00000000b4b80000, 0x00000000e0000000)
  object space 339456K, 58% used [0x00000000a0000000,0x00000000ac2315f8,0x00000000b4b80000)
 Metaspace       used 91882K, capacity 97278K, committed 97496K, reserved 1132544K
  class space    used 12404K, capacity 13538K, committed 13568K, reserved 1048576K
Event: 152.615 GC heap after
Heap after GC invocations=23 (full 5):
 PSYoungGen      total 399360K, used 86006K [0x00000000e0000000, 0x0000000100000000, 0x0000000100000000)
  eden space 313344K, 0% used [0x00000000e0000000,0x00000000e0000000,0x00000000f3200000)
  from space 86016K, 99% used [0x00000000fac00000,0x00000000ffffdb58,0x0000000100000000)
  to   space 105472K, 0% used [0x00000000f3200000,0x00000000f3200000,0x00000000f9900000)
 ParOldGen       total 339456K, used 208946K [0x00000000a0000000, 0x00000000b4b80000, 0x00000000e0000000)
  object space 339456K, 61% used [0x00000000a0000000,0x00000000acc0cad8,0x00000000b4b80000)
 Metaspace       used 91882K, capacity 97278K, committed 97496K, reserved 1132544K
  class space    used 12404K, capacity 13538K, committed 13568K, reserved 1048576K
}
Event: 158.243 GC heap before
{Heap before GC invocations=24 (full 5):
 PSYoungGen      total 399360K, used 399350K [0x00000000e0000000, 0x0000000100000000, 0x0000000100000000)
  eden space 313344K, 100% used [0x00000000e0000000,0x00000000f3200000,0x00000000f3200000)
  from space 86016K, 99% used [0x00000000fac00000,0x00000000ffffdb58,0x0000000100000000)
  to   space 105472K, 0% used [0x00000000f3200000,0x00000000f3200000,0x00000000f9900000)
 ParOldGen       total 339456K, used 208946K [0x00000000a0000000, 0x00000000b4b80000, 0x00000000e0000000)
  object space 339456K, 61% used [0x00000000a0000000,0x00000000acc0cad8,0x00000000b4b80000)
 Metaspace       used 93412K, capacity 99124K, committed 99288K, reserved 1134592K
  class space    used 12571K, capacity 13755K, committed 13824K, reserved 1048576K
Event: 158.552 GC heap after
Heap after GC invocations=24 (full 5):
 PSYoungGen      total 418816K, used 21462K [0x00000000e0000000, 0x0000000100000000, 0x0000000100000000)
  eden space 313344K, 0% used [0x00000000e0000000,0x00000000e0000000,0x00000000f3200000)
  from space 105472K, 20% used [0x00000000f3200000,0x00000000f46f5b90,0x00000000f9900000)
  to   space 101376K, 0% used [0x00000000f9d00000,0x00000000f9d00000,0x0000000100000000)
 ParOldGen       total 339456K, used 288228K [0x00000000a0000000, 0x00000000b4b80000, 0x00000000e0000000)
  object space 339456K, 84% used [0x00000000a0000000,0x00000000b19790b8,0x00000000b4b80000)
 Metaspace       used 93412K, capacity 99124K, committed 99288K, reserved 1134592K
  class space    used 12571K, capacity 13755K, committed 13824K, reserved 1048576K
}
Event: 158.552 GC heap before
{Heap before GC invocations=25 (full 6):
 PSYoungGen      total 418816K, used 21462K [0x00000000e0000000, 0x0000000100000000, 0x0000000100000000)
  eden space 313344K, 0% used [0x00000000e0000000,0x00000000e0000000,0x00000000f3200000)
  from space 105472K, 20% used [0x00000000f3200000,0x00000000f46f5b90,0x00000000f9900000)
  to   space 101376K, 0% used [0x00000000f9d00000,0x00000000f9d00000,0x0000000100000000)
 ParOldGen       total 339456K, used 288228K [0x00000000a0000000, 0x00000000b4b80000, 0x00000000e0000000)
  object space 339456K, 84% used [0x00000000a0000000,0x00000000b19790b8,0x00000000b4b80000)
 Metaspace       used 93412K, capacity 99124K, committed 99288K, reserved 1134592K
  class space    used 12571K, capacity 13755K, committed 13824K, reserved 1048576K

