# JRE version: OpenJDK Runtime Environment (8.0_242-b01) (build 1.8.0_242-release-1644-b01)
# Java VM: OpenJDK 64-Bit Server VM (25.242-b01 mixed mode windows-amd64 compressed oops)
Heap:
 PSYoungGen      total 424960K, used 424933K [0x00000000e0000000, 0x0000000100000000, 0x0000000100000000)
  eden space 329728K, 100% used [0x00000000e0000000,0x00000000f4200000,0x00000000f4200000)
  from space 95232K, 99% used [0x00000000f4200000,0x00000000f9ef9678,0x00000000f9f00000)
  to   space 99328K, 72% used [0x00000000f9f00000,0x00000000fe52e810,0x0000000100000000)
 ParOldGen       total 406528K, used 324622K [0x00000000a0000000, 0x00000000b8d00000, 0x00000000e0000000)
  object space 406528K, 79% used [0x00000000a0000000,0x00000000b3d03978,0x00000000b8d00000)
 Metaspace       used 104346K, capacity 112190K, committed 112536K, reserved 1146880K
  class space    used 13642K, capacity 15167K, committed 15272K, reserved 1048576K
GC Heap History (10 events):
Event: 153.845 GC heap after
Heap after GC invocations=26 (full 5):
 PSYoungGen      total 345088K, used 26949K [0x00000000e0000000, 0x00000000ff900000, 0x0000000100000000)
  eden space 317952K, 0% used [0x00000000e0000000,0x00000000e0000000,0x00000000f3680000)
  from space 27136K, 99% used [0x00000000f3680000,0x00000000f50d14a0,0x00000000f5100000)
  to   space 98816K, 0% used [0x00000000f9880000,0x00000000f9880000,0x00000000ff900000)
 ParOldGen       total 406528K, used 276371K [0x00000000a0000000, 0x00000000b8d00000, 0x00000000e0000000)
  object space 406528K, 67% used [0x00000000a0000000,0x00000000b0de4fd8,0x00000000b8d00000)
 Metaspace       used 97097K, capacity 104148K, committed 104216K, reserved 1138688K
  class space    used 12905K, capacity 14310K, committed 14376K, reserved 1048576K
}
Event: 160.265 GC heap before
{Heap before GC invocations=27 (full 5):
 PSYoungGen      total 345088K, used 333164K [0x00000000e0000000, 0x00000000ff900000, 0x0000000100000000)
  eden space 317952K, 96% used [0x00000000e0000000,0x00000000f2b09c98,0x00000000f3680000)
  from space 27136K, 99% used [0x00000000f3680000,0x00000000f50d14a0,0x00000000f5100000)
  to   space 98816K, 0% used [0x00000000f9880000,0x00000000f9880000,0x00000000ff900000)
 ParOldGen       total 406528K, used 276371K [0x00000000a0000000, 0x00000000b8d00000, 0x00000000e0000000)
  object space 406528K, 67% used [0x00000000a0000000,0x00000000b0de4fd8,0x00000000b8d00000)
 Metaspace       used 97849K, capacity 105396K, committed 105624K, reserved 1140736K
  class space    used 12988K, capacity 14462K, committed 14504K, reserved 1048576K
Event: 160.379 GC heap after
Heap after GC invocations=27 (full 5):
 PSYoungGen      total 420352K, used 51372K [0x00000000e0000000, 0x0000000100000000, 0x0000000100000000)
  eden space 321536K, 0% used [0x00000000e0000000,0x00000000e0000000,0x00000000f3a00000)
  from space 98816K, 51% used [0x00000000f9880000,0x00000000fcaab2d0,0x00000000ff900000)
  to   space 96768K, 0% used [0x00000000f3a00000,0x00000000f3a00000,0x00000000f9880000)
 ParOldGen       total 406528K, used 276379K [0x00000000a0000000, 0x00000000b8d00000, 0x00000000e0000000)
  object space 406528K, 67% used [0x00000000a0000000,0x00000000b0de6fd8,0x00000000b8d00000)
 Metaspace       used 97849K, capacity 105396K, committed 105624K, reserved 1140736K
  class space    used 12988K, capacity 14462K, committed 14504K, reserved 1048576K
}
Event: 290.111 GC heap before
{Heap before GC invocations=28 (full 5):
 PSYoungGen      total 420352K, used 372908K [0x00000000e0000000, 0x0000000100000000, 0x0000000100000000)
  eden space 321536K, 100% used [0x00000000e0000000,0x00000000f3a00000,0x00000000f3a00000)
  from space 98816K, 51% used [0x00000000f9880000,0x00000000fcaab2d0,0x00000000ff900000)
  to   space 96768K, 0% used [0x00000000f3a00000,0x00000000f3a00000,0x00000000f9880000)
 ParOldGen       total 406528K, used 276379K [0x00000000a0000000, 0x00000000b8d00000, 0x00000000e0000000)
  object space 406528K, 67% used [0x00000000a0000000,0x00000000b0de6fd8,0x00000000b8d00000)
 Metaspace       used 98671K, capacity 106260K, committed 106520K, reserved 1140736K
  class space    used 13068K, capacity 14510K, committed 14632K, reserved 1048576K
Event: 290.236 GC heap after
Heap after GC invocations=28 (full 5):
 PSYoungGen      total 418304K, used 54872K [0x00000000e0000000, 0x00000000ffd00000, 0x0000000100000000)
  eden space 321536K, 0% used [0x00000000e0000000,0x00000000e0000000,0x00000000f3a00000)
  from space 96768K, 56% used [0x00000000f3a00000,0x00000000f6f96028,0x00000000f9880000)
  to   space 96256K, 0% used [0x00000000f9f00000,0x00000000f9f00000,0x00000000ffd00000)
 ParOldGen       total 406528K, used 276387K [0x00000000a0000000, 0x00000000b8d00000, 0x00000000e0000000)
  object space 406528K, 67% used [0x00000000a0000000,0x00000000b0de8fd8,0x00000000b8d00000)
 Metaspace       used 98671K, capacity 106260K, committed 106520K, reserved 1140736K
  class space    used 13068K, capacity 14510K, committed 14632K, reserved 1048576K
}
Event: 294.014 GC heap before
{Heap before GC invocations=29 (full 5):
 PSYoungGen      total 418304K, used 376408K [0x00000000e0000000, 0x00000000ffd00000, 0x0000000100000000)
  eden space 321536K, 100% used [0x00000000e0000000,0x00000000f3a00000,0x00000000f3a00000)
  from space 96768K, 56% used [0x00000000f3a00000,0x00000000f6f96028,0x00000000f9880000)
  to   space 96256K, 0% used [0x00000000f9f00000,0x00000000f9f00000,0x00000000ffd00000)
 ParOldGen       total 406528K, used 276387K [0x00000000a0000000, 0x00000000b8d00000, 0x00000000e0000000)
  object space 406528K, 67% used [0x00000000a0000000,0x00000000b0de8fd8,0x00000000b8d00000)
 Metaspace       used 101719K, capacity 109382K, committed 109592K, reserved 1144832K
  class space    used 13366K, capacity 14861K, committed 14888K, reserved 1048576K
Event: 294.150 GC heap after
Heap after GC invocations=29 (full 5):
 PSYoungGen      total 425984K, used 54601K [0x00000000e0000000, 0x00000000ffd80000, 0x0000000100000000)
  eden space 329728K, 0% used [0x00000000e0000000,0x00000000e0000000,0x00000000f4200000)
  from space 96256K, 56% used [0x00000000f9f00000,0x00000000fd452590,0x00000000ffd00000)
  to   space 95232K, 0% used [0x00000000f4200000,0x00000000f4200000,0x00000000f9f00000)
 ParOldGen       total 406528K, used 276395K [0x00000000a0000000, 0x00000000b8d00000, 0x00000000e0000000)
  object space 406528K, 67% used [0x00000000a0000000,0x00000000b0deafd8,0x00000000b8d00000)
 Metaspace       used 101719K, capacity 109382K, committed 109592K, reserved 1144832K
  class space    used 13366K, capacity 14861K, committed 14888K, reserved 1048576K
}
Event: 301.864 GC heap before
{Heap before GC invocations=30 (full 5):
 PSYoungGen      total 425984K, used 384329K [0x00000000e0000000, 0x00000000ffd80000, 0x0000000100000000)
  eden space 329728K, 100% used [0x00000000e0000000,0x00000000f4200000,0x00000000f4200000)
  from space 96256K, 56% used [0x00000000f9f00000,0x00000000fd452590,0x00000000ffd00000)
  to   space 95232K, 0% used [0x00000000f4200000,0x00000000f4200000,0x00000000f9f00000)
 ParOldGen       total 406528K, used 280847K [0x00000000a0000000, 0x00000000b8d00000, 0x00000000e0000000)
  object space 406528K, 69% used [0x00000000a0000000,0x00000000b1243d48,0x00000000b8d00000)
 Metaspace       used 102154K, capacity 109884K, committed 110232K, reserved 1144832K
  class space    used 13401K, capacity 14916K, committed 15016K, reserved 1048576K
Event: 302.070 GC heap after
Heap after GC invocations=30 (full 5):
 PSYoungGen      total 424960K, used 95205K [0x00000000e0000000, 0x0000000100000000, 0x0000000100000000)
  eden space 329728K, 0% used [0x00000000e0000000,0x00000000e0000000,0x00000000f4200000)
  from space 95232K, 99% used [0x00000000f4200000,0x00000000f9ef9678,0x00000000f9f00000)
  to   space 99328K, 0% used [0x00000000f9f00000,0x00000000f9f00000,0x0000000100000000)
 ParOldGen       total 406528K, used 322499K [0x00000000a0000000, 0x00000000b8d00000, 0x00000000e0000000)
  object space 406528K, 79% used [0x00000000a0000000,0x00000000b3af0f80,0x00000000b8d00000)
 Metaspace       used 102154K, capacity 109884K, committed 110232K, reserved 1144832K
  class space    used 13401K, capacity 14916K, committed 15016K, reserved 1048576K
}
Event: 306.826 GC heap before
{Heap before GC invocations=31 (full 5):
 PSYoungGen      total 424960K, used 424933K [0x00000000e0000000, 0x0000000100000000, 0x0000000100000000)
  eden space 329728K, 100% used [0x00000000e0000000,0x00000000f4200000,0x00000000f4200000)
  from space 95232K, 99% used [0x00000000f4200000,0x00000000f9ef9678,0x00000000f9f00000)
  to   space 99328K, 0% used [0x00000000f9f00000,0x00000000f9f00000,0x0000000100000000)
 ParOldGen       total 406528K, used 322502K [0x00000000a0000000, 0x00000000b8d00000, 0x00000000e0000000)
  object space 406528K, 79% used [0x00000000a0000000,0x00000000b3af1968,0x00000000b8d00000)
 Metaspace       used 104346K, capacity 112190K, committed 112536K, reserved 1146880K
  class space    used 13642K, capacity 15167K, committed 15272K, reserved 1048576K

