# JRE version: OpenJDK Runtime Environment (8.0_242-b01) (build 1.8.0_242-release-1644-b01)
# Java VM: OpenJDK 64-Bit Server VM (25.242-b01 mixed mode windows-amd64 compressed oops)
Heap:
 PSYoungGen      total 237056K, used 8529K [0x00000000e0000000, 0x00000000efa80000, 0x0000000100000000)
  eden space 218624K, 0% used [0x00000000e0000000,0x00000000e0000000,0x00000000ed580000)
  from space 18432K, 46% used [0x00000000ee880000,0x00000000ef0d4418,0x00000000efa80000)
  to   space 18944K, 0% used [0x00000000ed580000,0x00000000ed580000,0x00000000ee800000)
 ParOldGen       total 77312K, used 39868K [0x00000000a0000000, 0x00000000a4b80000, 0x00000000e0000000)
  object space 77312K, 51% used [0x00000000a0000000,0x00000000a26ef398,0x00000000a4b80000)
 Metaspace       used 56643K, capacity 58920K, committed 59160K, reserved 1099776K
  class space    used 7725K, capacity 8213K, committed 8232K, reserved 1048576K
GC Heap History (10 events):
Event: 9.948 GC heap after
Heap after GC invocations=10 (full 1):
 PSYoungGen      total 137216K, used 11259K [0x00000000e0000000, 0x00000000ebd80000, 0x0000000100000000)
  eden space 125952K, 0% used [0x00000000e0000000,0x00000000e0000000,0x00000000e7b00000)
  from space 11264K, 99% used [0x00000000e7b00000,0x00000000e85fecb0,0x00000000e8600000)
  to   space 13312K, 0% used [0x00000000eb080000,0x00000000eb080000,0x00000000ebd80000)
 ParOldGen       total 49664K, used 7315K [0x00000000a0000000, 0x00000000a3080000, 0x00000000e0000000)
  object space 49664K, 14% used [0x00000000a0000000,0x00000000a0724d38,0x00000000a3080000)
 Metaspace       used 34285K, capacity 35390K, committed 35496K, reserved 1079296K
  class space    used 4708K, capacity 4970K, committed 5032K, reserved 1048576K
}
Event: 9.948 GC heap before
{Heap before GC invocations=11 (full 2):
 PSYoungGen      total 137216K, used 11259K [0x00000000e0000000, 0x00000000ebd80000, 0x0000000100000000)
  eden space 125952K, 0% used [0x00000000e0000000,0x00000000e0000000,0x00000000e7b00000)
  from space 11264K, 99% used [0x00000000e7b00000,0x00000000e85fecb0,0x00000000e8600000)
  to   space 13312K, 0% used [0x00000000eb080000,0x00000000eb080000,0x00000000ebd80000)
 ParOldGen       total 49664K, used 7315K [0x00000000a0000000, 0x00000000a3080000, 0x00000000e0000000)
  object space 49664K, 14% used [0x00000000a0000000,0x00000000a0724d38,0x00000000a3080000)
 Metaspace       used 34285K, capacity 35390K, committed 35496K, reserved 1079296K
  class space    used 4708K, capacity 4970K, committed 5032K, reserved 1048576K
Event: 10.067 GC heap after
Heap after GC invocations=11 (full 2):
 PSYoungGen      total 137216K, used 0K [0x00000000e0000000, 0x00000000ebd80000, 0x0000000100000000)
  eden space 125952K, 0% used [0x00000000e0000000,0x00000000e0000000,0x00000000e7b00000)
  from space 11264K, 0% used [0x00000000e7b00000,0x00000000e7b00000,0x00000000e8600000)
  to   space 13312K, 0% used [0x00000000eb080000,0x00000000eb080000,0x00000000ebd80000)
 ParOldGen       total 77312K, used 18031K [0x00000000a0000000, 0x00000000a4b80000, 0x00000000e0000000)
  object space 77312K, 23% used [0x00000000a0000000,0x00000000a119be60,0x00000000a4b80000)
 Metaspace       used 34285K, capacity 35390K, committed 35496K, reserved 1079296K
  class space    used 4708K, capacity 4970K, committed 5032K, reserved 1048576K
}
Event: 11.534 GC heap before
{Heap before GC invocations=12 (full 2):
 PSYoungGen      total 137216K, used 125952K [0x00000000e0000000, 0x00000000ebd80000, 0x0000000100000000)
  eden space 125952K, 100% used [0x00000000e0000000,0x00000000e7b00000,0x00000000e7b00000)
  from space 11264K, 0% used [0x00000000e7b00000,0x00000000e7b00000,0x00000000e8600000)
  to   space 13312K, 0% used [0x00000000eb080000,0x00000000eb080000,0x00000000ebd80000)
 ParOldGen       total 77312K, used 18031K [0x00000000a0000000, 0x00000000a4b80000, 0x00000000e0000000)
  object space 77312K, 23% used [0x00000000a0000000,0x00000000a119be60,0x00000000a4b80000)
 Metaspace       used 36919K, capacity 38418K, committed 38696K, reserved 1083392K
  class space    used 5045K, capacity 5346K, committed 5416K, reserved 1048576K
Event: 11.554 GC heap after
Heap after GC invocations=12 (full 2):
 PSYoungGen      total 180736K, used 9092K [0x00000000e0000000, 0x00000000ebd80000, 0x0000000100000000)
  eden space 167424K, 0% used [0x00000000e0000000,0x00000000e0000000,0x00000000ea380000)
  from space 13312K, 68% used [0x00000000eb080000,0x00000000eb961358,0x00000000ebd80000)
  to   space 13312K, 0% used [0x00000000ea380000,0x00000000ea380000,0x00000000eb080000)
 ParOldGen       total 77312K, used 18039K [0x00000000a0000000, 0x00000000a4b80000, 0x00000000e0000000)
  object space 77312K, 23% used [0x00000000a0000000,0x00000000a119de60,0x00000000a4b80000)
 Metaspace       used 36919K, capacity 38418K, committed 38696K, reserved 1083392K
  class space    used 5045K, capacity 5346K, committed 5416K, reserved 1048576K
}
Event: 15.610 GC heap before
{Heap before GC invocations=13 (full 2):
 PSYoungGen      total 180736K, used 176516K [0x00000000e0000000, 0x00000000ebd80000, 0x0000000100000000)
  eden space 167424K, 100% used [0x00000000e0000000,0x00000000ea380000,0x00000000ea380000)
  from space 13312K, 68% used [0x00000000eb080000,0x00000000eb961358,0x00000000ebd80000)
  to   space 13312K, 0% used [0x00000000ea380000,0x00000000ea380000,0x00000000eb080000)
 ParOldGen       total 77312K, used 18039K [0x00000000a0000000, 0x00000000a4b80000, 0x00000000e0000000)
  object space 77312K, 23% used [0x00000000a0000000,0x00000000a119de60,0x00000000a4b80000)
 Metaspace       used 51925K, capacity 53972K, committed 54312K, reserved 1095680K
  class space    used 6957K, capacity 7368K, committed 7464K, reserved 1048576K
Event: 15.648 GC heap after
Heap after GC invocations=13 (full 2):
 PSYoungGen      total 180736K, used 13296K [0x00000000e0000000, 0x00000000efc00000, 0x0000000100000000)
  eden space 167424K, 0% used [0x00000000e0000000,0x00000000e0000000,0x00000000ea380000)
  from space 13312K, 99% used [0x00000000ea380000,0x00000000eb07c228,0x00000000eb080000)
  to   space 19968K, 0% used [0x00000000ee880000,0x00000000ee880000,0x00000000efc00000)
 ParOldGen       total 77312K, used 31161K [0x00000000a0000000, 0x00000000a4b80000, 0x00000000e0000000)
  object space 77312K, 40% used [0x00000000a0000000,0x00000000a1e6e7b0,0x00000000a4b80000)
 Metaspace       used 51925K, capacity 53972K, committed 54312K, reserved 1095680K
  class space    used 6957K, capacity 7368K, committed 7464K, reserved 1048576K
}
Event: 17.212 GC heap before
{Heap before GC invocations=14 (full 2):
 PSYoungGen      total 180736K, used 89762K [0x00000000e0000000, 0x00000000efc00000, 0x0000000100000000)
  eden space 167424K, 45% used [0x00000000e0000000,0x00000000e4aac650,0x00000000ea380000)
  from space 13312K, 99% used [0x00000000ea380000,0x00000000eb07c228,0x00000000eb080000)
  to   space 19968K, 0% used [0x00000000ee880000,0x00000000ee880000,0x00000000efc00000)
 ParOldGen       total 77312K, used 31161K [0x00000000a0000000, 0x00000000a4b80000, 0x00000000e0000000)
  object space 77312K, 40% used [0x00000000a0000000,0x00000000a1e6e7b0,0x00000000a4b80000)
 Metaspace       used 56643K, capacity 58920K, committed 59160K, reserved 1099776K
  class space    used 7725K, capacity 8213K, committed 8232K, reserved 1048576K
Event: 17.249 GC heap after
Heap after GC invocations=14 (full 2):
 PSYoungGen      total 237056K, used 8529K [0x00000000e0000000, 0x00000000efa80000, 0x0000000100000000)
  eden space 218624K, 0% used [0x00000000e0000000,0x00000000e0000000,0x00000000ed580000)
  from space 18432K, 46% used [0x00000000ee880000,0x00000000ef0d4418,0x00000000efa80000)
  to   space 18944K, 0% used [0x00000000ed580000,0x00000000ed580000,0x00000000ee800000)
 ParOldGen       total 77312K, used 39868K [0x00000000a0000000, 0x00000000a4b80000, 0x00000000e0000000)
  object space 77312K, 51% used [0x00000000a0000000,0x00000000a26ef398,0x00000000a4b80000)
 Metaspace       used 56643K, capacity 58920K, committed 59160K, reserved 1099776K
  class space    used 7725K, capacity 8213K, committed 8232K, reserved 1048576K
}
Event: 17.249 GC heap before
{Heap before GC invocations=15 (full 3):
 PSYoungGen      total 237056K, used 8529K [0x00000000e0000000, 0x00000000efa80000, 0x0000000100000000)
  eden space 218624K, 0% used [0x00000000e0000000,0x00000000e0000000,0x00000000ed580000)
  from space 18432K, 46% used [0x00000000ee880000,0x00000000ef0d4418,0x00000000efa80000)
  to   space 18944K, 0% used [0x00000000ed580000,0x00000000ed580000,0x00000000ee800000)
 ParOldGen       total 77312K, used 39868K [0x00000000a0000000, 0x00000000a4b80000, 0x00000000e0000000)
  object space 77312K, 51% used [0x00000000a0000000,0x00000000a26ef398,0x00000000a4b80000)
 Metaspace       used 56643K, capacity 58920K, committed 59160K, reserved 1099776K
  class space    used 7725K, capacity 8213K, committed 8232K, reserved 1048576K

