# JRE version: OpenJDK Runtime Environment (8.0_242-b01) (build 1.8.0_242-release-1644-b01)
# Java VM: OpenJDK 64-Bit Server VM (25.242-b01 mixed mode windows-amd64 compressed oops)
Heap:
 PSYoungGen      total 399360K, used 211350K [0x00000000e0000000, 0x0000000100000000, 0x0000000100000000)
  eden space 319488K, 56% used [0x00000000e0000000,0x00000000eafea2e0,0x00000000f3800000)
  from space 79872K, 39% used [0x00000000fb200000,0x00000000fd07b828,0x0000000100000000)
  to   space 102400K, 0% used [0x00000000f3800000,0x00000000f3800000,0x00000000f9c00000)
 ParOldGen       total 523264K, used 433746K [0x00000000a0000000, 0x00000000bff00000, 0x00000000e0000000)
  object space 523264K, 82% used [0x00000000a0000000,0x00000000ba794a78,0x00000000bff00000)
 Metaspace       used 141737K, capacity 153226K, committed 155736K, reserved 1185792K
  class space    used 17475K, capacity 19505K, committed 20096K, reserved 1048576K
GC Heap History (10 events):
Event: 11570.739 GC heap before
{Heap before GC invocations=147 (full 9):
 PSYoungGen      total 458752K, used 458559K [0x00000000e0000000, 0x0000000100000000, 0x0000000100000000)
  eden space 397312K, 100% used [0x00000000e0000000,0x00000000f8400000,0x00000000f8400000)
  from space 61440K, 99% used [0x00000000f8400000,0x00000000fbfcfc10,0x00000000fc000000)
  to   space 65536K, 0% used [0x00000000fc000000,0x00000000fc000000,0x0000000100000000)
 ParOldGen       total 523264K, used 262187K [0x00000000a0000000, 0x00000000bff00000, 0x00000000e0000000)
  object space 523264K, 50% used [0x00000000a0000000,0x00000000b000adc0,0x00000000bff00000)
 Metaspace       used 141673K, capacity 153192K, committed 155736K, reserved 1185792K
  class space    used 17472K, capacity 19500K, committed 20096K, reserved 1048576K
Event: 11571.560 GC heap after
Heap after GC invocations=147 (full 9):
 PSYoungGen      total 450560K, used 20989K [0x00000000e0000000, 0x0000000100000000, 0x0000000100000000)
  eden space 385024K, 0% used [0x00000000e0000000,0x00000000e0000000,0x00000000f7800000)
  from space 65536K, 32% used [0x00000000fc000000,0x00000000fd47f680,0x0000000100000000)
  to   space 69632K, 0% used [0x00000000f7800000,0x00000000f7800000,0x00000000fbc00000)
 ParOldGen       total 523264K, used 304373K [0x00000000a0000000, 0x00000000bff00000, 0x00000000e0000000)
  object space 523264K, 58% used [0x00000000a0000000,0x00000000b293d4e0,0x00000000bff00000)
 Metaspace       used 141673K, capacity 153192K, committed 155736K, reserved 1185792K
  class space    used 17472K, capacity 19500K, committed 20096K, reserved 1048576K
}
Event: 11583.024 GC heap before
{Heap before GC invocations=148 (full 9):
 PSYoungGen      total 450560K, used 406013K [0x00000000e0000000, 0x0000000100000000, 0x0000000100000000)
  eden space 385024K, 100% used [0x00000000e0000000,0x00000000f7800000,0x00000000f7800000)
  from space 65536K, 32% used [0x00000000fc000000,0x00000000fd47f680,0x0000000100000000)
  to   space 69632K, 0% used [0x00000000f7800000,0x00000000f7800000,0x00000000fbc00000)
 ParOldGen       total 523264K, used 304373K [0x00000000a0000000, 0x00000000bff00000, 0x00000000e0000000)
  object space 523264K, 58% used [0x00000000a0000000,0x00000000b293d4e0,0x00000000bff00000)
 Metaspace       used 141697K, capacity 153202K, committed 155736K, reserved 1185792K
  class space    used 17473K, capacity 19501K, committed 20096K, reserved 1048576K
Event: 11583.140 GC heap after
Heap after GC invocations=148 (full 9):
 PSYoungGen      total 421888K, used 36736K [0x00000000e0000000, 0x0000000100000000, 0x0000000100000000)
  eden space 385024K, 0% used [0x00000000e0000000,0x00000000e0000000,0x00000000f7800000)
  from space 36864K, 99% used [0x00000000f7800000,0x00000000f9be0060,0x00000000f9c00000)
  to   space 70144K, 0% used [0x00000000fbb80000,0x00000000fbb80000,0x0000000100000000)
 ParOldGen       total 523264K, used 306451K [0x00000000a0000000, 0x00000000bff00000, 0x00000000e0000000)
  object space 523264K, 58% used [0x00000000a0000000,0x00000000b2b44c00,0x00000000bff00000)
 Metaspace       used 141697K, capacity 153202K, committed 155736K, reserved 1185792K
  class space    used 17473K, capacity 19501K, committed 20096K, reserved 1048576K
}
Event: 11590.093 GC heap before
{Heap before GC invocations=149 (full 9):
 PSYoungGen      total 421888K, used 421760K [0x00000000e0000000, 0x0000000100000000, 0x0000000100000000)
  eden space 385024K, 100% used [0x00000000e0000000,0x00000000f7800000,0x00000000f7800000)
  from space 36864K, 99% used [0x00000000f7800000,0x00000000f9be0060,0x00000000f9c00000)
  to   space 70144K, 0% used [0x00000000fbb80000,0x00000000fbb80000,0x0000000100000000)
 ParOldGen       total 523264K, used 306451K [0x00000000a0000000, 0x00000000bff00000, 0x00000000e0000000)
  object space 523264K, 58% used [0x00000000a0000000,0x00000000b2b44c00,0x00000000bff00000)
 Metaspace       used 141718K, capacity 153208K, committed 155736K, reserved 1185792K
  class space    used 17473K, capacity 19502K, committed 20096K, reserved 1048576K
Event: 11590.479 GC heap after
Heap after GC invocations=149 (full 9):
 PSYoungGen      total 434688K, used 62415K [0x00000000e0000000, 0x0000000100000000, 0x0000000100000000)
  eden space 364544K, 0% used [0x00000000e0000000,0x00000000e0000000,0x00000000f6400000)
  from space 70144K, 88% used [0x00000000fbb80000,0x00000000ff873de0,0x0000000100000000)
  to   space 79872K, 0% used [0x00000000f6400000,0x00000000f6400000,0x00000000fb200000)
 ParOldGen       total 523264K, used 333980K [0x00000000a0000000, 0x00000000bff00000, 0x00000000e0000000)
  object space 523264K, 63% used [0x00000000a0000000,0x00000000b46271b8,0x00000000bff00000)
 Metaspace       used 141718K, capacity 153208K, committed 155736K, reserved 1185792K
  class space    used 17473K, capacity 19502K, committed 20096K, reserved 1048576K
}
Event: 11591.532 GC heap before
{Heap before GC invocations=150 (full 9):
 PSYoungGen      total 434688K, used 426959K [0x00000000e0000000, 0x0000000100000000, 0x0000000100000000)
  eden space 364544K, 100% used [0x00000000e0000000,0x00000000f6400000,0x00000000f6400000)
  from space 70144K, 88% used [0x00000000fbb80000,0x00000000ff873de0,0x0000000100000000)
  to   space 79872K, 0% used [0x00000000f6400000,0x00000000f6400000,0x00000000fb200000)
 ParOldGen       total 523264K, used 333980K [0x00000000a0000000, 0x00000000bff00000, 0x00000000e0000000)
  object space 523264K, 63% used [0x00000000a0000000,0x00000000b46271b8,0x00000000bff00000)
 Metaspace       used 141722K, capacity 153214K, committed 155736K, reserved 1185792K
  class space    used 17474K, capacity 19503K, committed 20096K, reserved 1048576K
Event: 11592.120 GC heap after
Heap after GC invocations=150 (full 9):
 PSYoungGen      total 444416K, used 79858K [0x00000000e0000000, 0x0000000100000000, 0x0000000100000000)
  eden space 364544K, 0% used [0x00000000e0000000,0x00000000e0000000,0x00000000f6400000)
  from space 79872K, 99% used [0x00000000f6400000,0x00000000fb1fc838,0x00000000fb200000)
  to   space 79872K, 0% used [0x00000000fb200000,0x00000000fb200000,0x0000000100000000)
 ParOldGen       total 523264K, used 373675K [0x00000000a0000000, 0x00000000bff00000, 0x00000000e0000000)
  object space 523264K, 71% used [0x00000000a0000000,0x00000000b6ceadb8,0x00000000bff00000)
 Metaspace       used 141722K, capacity 153214K, committed 155736K, reserved 1185792K
  class space    used 17474K, capacity 19503K, committed 20096K, reserved 1048576K
}
Event: 11595.625 GC heap before
{Heap before GC invocations=151 (full 9):
 PSYoungGen      total 444416K, used 444402K [0x00000000e0000000, 0x0000000100000000, 0x0000000100000000)
  eden space 364544K, 100% used [0x00000000e0000000,0x00000000f6400000,0x00000000f6400000)
  from space 79872K, 99% used [0x00000000f6400000,0x00000000fb1fc838,0x00000000fb200000)
  to   space 79872K, 0% used [0x00000000fb200000,0x00000000fb200000,0x0000000100000000)
 ParOldGen       total 523264K, used 373675K [0x00000000a0000000, 0x00000000bff00000, 0x00000000e0000000)
  object space 523264K, 71% used [0x00000000a0000000,0x00000000b6ceadb8,0x00000000bff00000)
 Metaspace       used 141732K, capacity 153226K, committed 155736K, reserved 1185792K
  class space    used 17475K, capacity 19505K, committed 20096K, reserved 1048576K
Event: 11596.079 GC heap after
Heap after GC invocations=151 (full 9):
 PSYoungGen      total 399360K, used 31214K [0x00000000e0000000, 0x0000000100000000, 0x0000000100000000)
  eden space 319488K, 0% used [0x00000000e0000000,0x00000000e0000000,0x00000000f3800000)
  from space 79872K, 39% used [0x00000000fb200000,0x00000000fd07b828,0x0000000100000000)
  to   space 102400K, 0% used [0x00000000f3800000,0x00000000f3800000,0x00000000f9c00000)
 ParOldGen       total 523264K, used 433746K [0x00000000a0000000, 0x00000000bff00000, 0x00000000e0000000)
  object space 523264K, 82% used [0x00000000a0000000,0x00000000ba794a78,0x00000000bff00000)
 Metaspace       used 141732K, capacity 153226K, committed 155736K, reserved 1185792K
  class space    used 17475K, capacity 19505K, committed 20096K, reserved 1048576K
}

