# JRE version: OpenJDK Runtime Environment (8.0_242-b01) (build 1.8.0_242-release-1644-b01)
# Java VM: OpenJDK 64-Bit Server VM (25.242-b01 mixed mode windows-amd64 compressed oops)
Heap:
 PSYoungGen      total 354816K, used 30608K [0x00000000e0000000, 0x00000000fb680000, 0x0000000100000000)
  eden space 280064K, 0% used [0x00000000e0000000,0x00000000e0000000,0x00000000f1180000)
  from space 74752K, 40% used [0x00000000f6d80000,0x00000000f8b64178,0x00000000fb680000)
  to   space 84480K, 0% used [0x00000000f1180000,0x00000000f1180000,0x00000000f6400000)
 ParOldGen       total 212992K, used 202523K [0x00000000a0000000, 0x00000000ad000000, 0x00000000e0000000)
  object space 212992K, 95% used [0x00000000a0000000,0x00000000ac5c6ec8,0x00000000ad000000)
 Metaspace       used 101600K, capacity 106770K, committed 106880K, reserved 1142784K
  class space    used 12854K, capacity 13907K, committed 13952K, reserved 1048576K
GC Heap History (10 events):
Event: 1888.274 GC heap after
Heap after GC invocations=28 (full 4):
 PSYoungGen      total 293888K, used 27967K [0x00000000e0000000, 0x00000000f4b80000, 0x0000000100000000)
  eden space 250368K, 0% used [0x00000000e0000000,0x00000000e0000000,0x00000000ef480000)
  from space 43520K, 64% used [0x00000000f2000000,0x00000000f3b4fde0,0x00000000f4a80000)
  to   space 44544K, 0% used [0x00000000ef480000,0x00000000ef480000,0x00000000f2000000)
 ParOldGen       total 212992K, used 67768K [0x00000000a0000000, 0x00000000ad000000, 0x00000000e0000000)
  object space 212992K, 31% used [0x00000000a0000000,0x00000000a422e170,0x00000000ad000000)
 Metaspace       used 86461K, capacity 89884K, committed 90368K, reserved 1128448K
  class space    used 10912K, capacity 11689K, committed 11776K, reserved 1048576K
}
Event: 1893.890 GC heap before
{Heap before GC invocations=29 (full 4):
 PSYoungGen      total 293888K, used 278335K [0x00000000e0000000, 0x00000000f4b80000, 0x0000000100000000)
  eden space 250368K, 100% used [0x00000000e0000000,0x00000000ef480000,0x00000000ef480000)
  from space 43520K, 64% used [0x00000000f2000000,0x00000000f3b4fde0,0x00000000f4a80000)
  to   space 44544K, 0% used [0x00000000ef480000,0x00000000ef480000,0x00000000f2000000)
 ParOldGen       total 212992K, used 67768K [0x00000000a0000000, 0x00000000ad000000, 0x00000000e0000000)
  object space 212992K, 31% used [0x00000000a0000000,0x00000000a422e170,0x00000000ad000000)
 Metaspace       used 96317K, capacity 100662K, committed 100992K, reserved 1136640K
  class space    used 12108K, capacity 13026K, committed 13184K, reserved 1048576K
Event: 1894.016 GC heap after
Heap after GC invocations=29 (full 4):
 PSYoungGen      total 294912K, used 44540K [0x00000000e0000000, 0x00000000f7d80000, 0x0000000100000000)
  eden space 250368K, 0% used [0x00000000e0000000,0x00000000e0000000,0x00000000ef480000)
  from space 44544K, 99% used [0x00000000ef480000,0x00000000f1fff080,0x00000000f2000000)
  to   space 55808K, 0% used [0x00000000f4700000,0x00000000f4700000,0x00000000f7d80000)
 ParOldGen       total 212992K, used 80468K [0x00000000a0000000, 0x00000000ad000000, 0x00000000e0000000)
  object space 212992K, 37% used [0x00000000a0000000,0x00000000a4e951a8,0x00000000ad000000)
 Metaspace       used 96317K, capacity 100662K, committed 100992K, reserved 1136640K
  class space    used 12108K, capacity 13026K, committed 13184K, reserved 1048576K
}
Event: 1899.012 GC heap before
{Heap before GC invocations=30 (full 4):
 PSYoungGen      total 294912K, used 294908K [0x00000000e0000000, 0x00000000f7d80000, 0x0000000100000000)
  eden space 250368K, 100% used [0x00000000e0000000,0x00000000ef480000,0x00000000ef480000)
  from space 44544K, 99% used [0x00000000ef480000,0x00000000f1fff080,0x00000000f2000000)
  to   space 55808K, 0% used [0x00000000f4700000,0x00000000f4700000,0x00000000f7d80000)
 ParOldGen       total 212992K, used 80468K [0x00000000a0000000, 0x00000000ad000000, 0x00000000e0000000)
  object space 212992K, 37% used [0x00000000a0000000,0x00000000a4e951a8,0x00000000ad000000)
 Metaspace       used 97151K, capacity 101600K, committed 101760K, reserved 1138688K
  class space    used 12187K, capacity 13093K, committed 13184K, reserved 1048576K
Event: 1899.274 GC heap after
Heap after GC invocations=30 (full 4):
 PSYoungGen      total 301056K, used 55793K [0x00000000e0000000, 0x00000000fc980000, 0x0000000100000000)
  eden space 245248K, 0% used [0x00000000e0000000,0x00000000e0000000,0x00000000eef80000)
  from space 55808K, 99% used [0x00000000f4700000,0x00000000f7d7c550,0x00000000f7d80000)
  to   space 89600K, 0% used [0x00000000eef80000,0x00000000eef80000,0x00000000f4700000)
 ParOldGen       total 212992K, used 148126K [0x00000000a0000000, 0x00000000ad000000, 0x00000000e0000000)
  object space 212992K, 69% used [0x00000000a0000000,0x00000000a90a7b20,0x00000000ad000000)
 Metaspace       used 97151K, capacity 101600K, committed 101760K, reserved 1138688K
  class space    used 12187K, capacity 13093K, committed 13184K, reserved 1048576K
}
Event: 1906.705 GC heap before
{Heap before GC invocations=31 (full 4):
 PSYoungGen      total 301056K, used 301041K [0x00000000e0000000, 0x00000000fc980000, 0x0000000100000000)
  eden space 245248K, 100% used [0x00000000e0000000,0x00000000eef80000,0x00000000eef80000)
  from space 55808K, 99% used [0x00000000f4700000,0x00000000f7d7c550,0x00000000f7d80000)
  to   space 89600K, 0% used [0x00000000eef80000,0x00000000eef80000,0x00000000f4700000)
 ParOldGen       total 212992K, used 148126K [0x00000000a0000000, 0x00000000ad000000, 0x00000000e0000000)
  object space 212992K, 69% used [0x00000000a0000000,0x00000000a90a7b20,0x00000000ad000000)
 Metaspace       used 100723K, capacity 105548K, committed 105728K, reserved 1140736K
  class space    used 12751K, capacity 13731K, committed 13824K, reserved 1048576K
Event: 1906.943 GC heap after
Heap after GC invocations=31 (full 4):
 PSYoungGen      total 334848K, used 47887K [0x00000000e0000000, 0x00000000fc480000, 0x0000000100000000)
  eden space 245248K, 0% used [0x00000000e0000000,0x00000000e0000000,0x00000000eef80000)
  from space 89600K, 53% used [0x00000000eef80000,0x00000000f1e43f20,0x00000000f4700000)
  to   space 89088K, 0% used [0x00000000f6d80000,0x00000000f6d80000,0x00000000fc480000)
 ParOldGen       total 212992K, used 165253K [0x00000000a0000000, 0x00000000ad000000, 0x00000000e0000000)
  object space 212992K, 77% used [0x00000000a0000000,0x00000000aa161528,0x00000000ad000000)
 Metaspace       used 100723K, capacity 105548K, committed 105728K, reserved 1140736K
  class space    used 12751K, capacity 13731K, committed 13824K, reserved 1048576K
}
Event: 2253.919 GC heap before
{Heap before GC invocations=32 (full 4):
 PSYoungGen      total 334848K, used 293135K [0x00000000e0000000, 0x00000000fc480000, 0x0000000100000000)
  eden space 245248K, 100% used [0x00000000e0000000,0x00000000eef80000,0x00000000eef80000)
  from space 89600K, 53% used [0x00000000eef80000,0x00000000f1e43f20,0x00000000f4700000)
  to   space 89088K, 0% used [0x00000000f6d80000,0x00000000f6d80000,0x00000000fc480000)
 ParOldGen       total 212992K, used 165253K [0x00000000a0000000, 0x00000000ad000000, 0x00000000e0000000)
  object space 212992K, 77% used [0x00000000a0000000,0x00000000aa161528,0x00000000ad000000)
 Metaspace       used 101600K, capacity 106770K, committed 106880K, reserved 1142784K
  class space    used 12854K, capacity 13907K, committed 13952K, reserved 1048576K
Event: 2254.103 GC heap after
Heap after GC invocations=32 (full 4):
 PSYoungGen      total 354816K, used 30608K [0x00000000e0000000, 0x00000000fb680000, 0x0000000100000000)
  eden space 280064K, 0% used [0x00000000e0000000,0x00000000e0000000,0x00000000f1180000)
  from space 74752K, 40% used [0x00000000f6d80000,0x00000000f8b64178,0x00000000fb680000)
  to   space 84480K, 0% used [0x00000000f1180000,0x00000000f1180000,0x00000000f6400000)
 ParOldGen       total 212992K, used 202523K [0x00000000a0000000, 0x00000000ad000000, 0x00000000e0000000)
  object space 212992K, 95% used [0x00000000a0000000,0x00000000ac5c6ec8,0x00000000ad000000)
 Metaspace       used 101600K, capacity 106770K, committed 106880K, reserved 1142784K
  class space    used 12854K, capacity 13907K, committed 13952K, reserved 1048576K
}
Event: 2254.103 GC heap before
{Heap before GC invocations=33 (full 5):
 PSYoungGen      total 354816K, used 30608K [0x00000000e0000000, 0x00000000fb680000, 0x0000000100000000)
  eden space 280064K, 0% used [0x00000000e0000000,0x00000000e0000000,0x00000000f1180000)
  from space 74752K, 40% used [0x00000000f6d80000,0x00000000f8b64178,0x00000000fb680000)
  to   space 84480K, 0% used [0x00000000f1180000,0x00000000f1180000,0x00000000f6400000)
 ParOldGen       total 212992K, used 202523K [0x00000000a0000000, 0x00000000ad000000, 0x00000000e0000000)
  object space 212992K, 95% used [0x00000000a0000000,0x00000000ac5c6ec8,0x00000000ad000000)
 Metaspace       used 101600K, capacity 106770K, committed 106880K, reserved 1142784K
  class space    used 12854K, capacity 13907K, committed 13952K, reserved 1048576K

